{"/Volumes/Development/ln.angularis/projects/core/src/lib/char.ts": {"path":"/Volumes/Development/ln.angularis/projects/core/src/lib/char.ts","statementMap":{"0":{"start":{"line":1,"column":13},"end":{"line":1,"column":21}},"1":{"start":{"line":2,"column":13},"end":{"line":2,"column":29}},"2":{"start":{"line":3,"column":13},"end":{"line":3,"column":30}},"3":{"start":{"line":4,"column":13},"end":{"line":4,"column":27}},"4":{"start":{"line":5,"column":13},"end":{"line":5,"column":25}},"5":{"start":{"line":7,"column":13},"end":{"line":7,"column":67}},"6":{"start":{"line":9,"column":0},"end":{"line":16,"column":2}}},"fnMap":{},"branchMap":{},"s":{"0":0,"1":0,"2":0,"3":0,"4":0,"5":0,"6":0},"f":{},"b":{}}
,"/Volumes/Development/ln.angularis/projects/core/src/lib/constant.ts": {"path":"/Volumes/Development/ln.angularis/projects/core/src/lib/constant.ts","statementMap":{"0":{"start":{"line":1,"column":13},"end":{"line":1,"column":34}},"1":{"start":{"line":2,"column":13},"end":{"line":2,"column":38}},"2":{"start":{"line":3,"column":13},"end":{"line":3,"column":38}},"3":{"start":{"line":4,"column":13},"end":{"line":4,"column":47}},"4":{"start":{"line":6,"column":0},"end":{"line":6,"column":null}},"5":{"start":{"line":7,"column":2},"end":{"line":7,"column":null}},"6":{"start":{"line":8,"column":2},"end":{"line":8,"column":null}},"7":{"start":{"line":9,"column":2},"end":{"line":9,"column":null}},"8":{"start":{"line":10,"column":2},"end":{"line":10,"column":null}},"9":{"start":{"line":11,"column":2},"end":{"line":11,"column":null}},"10":{"start":{"line":14,"column":0},"end":{"line":14,"column":null}},"11":{"start":{"line":15,"column":2},"end":{"line":15,"column":null}},"12":{"start":{"line":16,"column":2},"end":{"line":16,"column":null}},"13":{"start":{"line":17,"column":2},"end":{"line":17,"column":null}},"14":{"start":{"line":18,"column":2},"end":{"line":18,"column":null}},"15":{"start":{"line":19,"column":2},"end":{"line":19,"column":null}},"16":{"start":{"line":22,"column":0},"end":{"line":22,"column":null}},"17":{"start":{"line":23,"column":2},"end":{"line":23,"column":null}},"18":{"start":{"line":24,"column":2},"end":{"line":24,"column":null}},"19":{"start":{"line":25,"column":2},"end":{"line":25,"column":null}},"20":{"start":{"line":26,"column":2},"end":{"line":26,"column":null}},"21":{"start":{"line":29,"column":0},"end":{"line":29,"column":null}},"22":{"start":{"line":30,"column":2},"end":{"line":30,"column":null}},"23":{"start":{"line":31,"column":2},"end":{"line":31,"column":null}},"24":{"start":{"line":32,"column":2},"end":{"line":32,"column":null}},"25":{"start":{"line":33,"column":2},"end":{"line":33,"column":null}},"26":{"start":{"line":34,"column":2},"end":{"line":34,"column":null}},"27":{"start":{"line":37,"column":0},"end":{"line":37,"column":null}},"28":{"start":{"line":38,"column":2},"end":{"line":38,"column":null}},"29":{"start":{"line":39,"column":2},"end":{"line":39,"column":null}},"30":{"start":{"line":40,"column":2},"end":{"line":40,"column":null}},"31":{"start":{"line":43,"column":0},"end":{"line":43,"column":null}},"32":{"start":{"line":44,"column":2},"end":{"line":44,"column":null}},"33":{"start":{"line":45,"column":2},"end":{"line":45,"column":null}},"34":{"start":{"line":46,"column":2},"end":{"line":46,"column":null}},"35":{"start":{"line":47,"column":2},"end":{"line":47,"column":null}},"36":{"start":{"line":48,"column":2},"end":{"line":48,"column":null}},"37":{"start":{"line":49,"column":2},"end":{"line":49,"column":null}},"38":{"start":{"line":50,"column":2},"end":{"line":50,"column":null}},"39":{"start":{"line":51,"column":2},"end":{"line":51,"column":null}},"40":{"start":{"line":52,"column":2},"end":{"line":52,"column":null}},"41":{"start":{"line":53,"column":2},"end":{"line":53,"column":null}},"42":{"start":{"line":54,"column":2},"end":{"line":54,"column":null}},"43":{"start":{"line":55,"column":2},"end":{"line":55,"column":null}},"44":{"start":{"line":58,"column":0},"end":{"line":58,"column":null}},"45":{"start":{"line":59,"column":2},"end":{"line":59,"column":null}},"46":{"start":{"line":60,"column":2},"end":{"line":60,"column":null}},"47":{"start":{"line":61,"column":2},"end":{"line":61,"column":null}},"48":{"start":{"line":62,"column":2},"end":{"line":62,"column":null}},"49":{"start":{"line":63,"column":2},"end":{"line":63,"column":null}},"50":{"start":{"line":64,"column":2},"end":{"line":64,"column":null}},"51":{"start":{"line":65,"column":2},"end":{"line":65,"column":null}},"52":{"start":{"line":66,"column":2},"end":{"line":66,"column":null}},"53":{"start":{"line":67,"column":2},"end":{"line":67,"column":null}},"54":{"start":{"line":68,"column":2},"end":{"line":68,"column":null}},"55":{"start":{"line":71,"column":0},"end":{"line":71,"column":null}},"56":{"start":{"line":72,"column":2},"end":{"line":72,"column":null}},"57":{"start":{"line":73,"column":2},"end":{"line":73,"column":null}},"58":{"start":{"line":74,"column":2},"end":{"line":74,"column":null}},"59":{"start":{"line":77,"column":0},"end":{"line":77,"column":null}},"60":{"start":{"line":78,"column":2},"end":{"line":78,"column":null}},"61":{"start":{"line":79,"column":2},"end":{"line":79,"column":null}},"62":{"start":{"line":80,"column":2},"end":{"line":80,"column":null}},"63":{"start":{"line":81,"column":2},"end":{"line":81,"column":null}},"64":{"start":{"line":82,"column":2},"end":{"line":82,"column":null}},"65":{"start":{"line":85,"column":0},"end":{"line":85,"column":null}},"66":{"start":{"line":86,"column":2},"end":{"line":86,"column":null}},"67":{"start":{"line":87,"column":2},"end":{"line":87,"column":null}},"68":{"start":{"line":88,"column":2},"end":{"line":88,"column":null}},"69":{"start":{"line":89,"column":2},"end":{"line":89,"column":null}},"70":{"start":{"line":92,"column":0},"end":{"line":92,"column":null}},"71":{"start":{"line":93,"column":2},"end":{"line":93,"column":null}},"72":{"start":{"line":94,"column":2},"end":{"line":94,"column":null}},"73":{"start":{"line":95,"column":2},"end":{"line":95,"column":null}},"74":{"start":{"line":96,"column":2},"end":{"line":96,"column":null}},"75":{"start":{"line":99,"column":0},"end":{"line":99,"column":null}},"76":{"start":{"line":100,"column":2},"end":{"line":100,"column":null}},"77":{"start":{"line":101,"column":2},"end":{"line":101,"column":null}},"78":{"start":{"line":102,"column":2},"end":{"line":102,"column":null}},"79":{"start":{"line":103,"column":2},"end":{"line":103,"column":null}},"80":{"start":{"line":104,"column":2},"end":{"line":104,"column":null}},"81":{"start":{"line":107,"column":0},"end":{"line":107,"column":null}},"82":{"start":{"line":108,"column":2},"end":{"line":108,"column":null}},"83":{"start":{"line":109,"column":2},"end":{"line":109,"column":null}},"84":{"start":{"line":110,"column":2},"end":{"line":110,"column":null}},"85":{"start":{"line":113,"column":0},"end":{"line":113,"column":null}},"86":{"start":{"line":114,"column":2},"end":{"line":114,"column":null}},"87":{"start":{"line":115,"column":2},"end":{"line":115,"column":null}},"88":{"start":{"line":116,"column":2},"end":{"line":116,"column":null}},"89":{"start":{"line":119,"column":0},"end":{"line":119,"column":null}},"90":{"start":{"line":120,"column":2},"end":{"line":120,"column":null}},"91":{"start":{"line":121,"column":2},"end":{"line":121,"column":null}},"92":{"start":{"line":122,"column":2},"end":{"line":122,"column":null}},"93":{"start":{"line":125,"column":0},"end":{"line":125,"column":null}},"94":{"start":{"line":126,"column":2},"end":{"line":126,"column":null}},"95":{"start":{"line":127,"column":2},"end":{"line":127,"column":null}},"96":{"start":{"line":128,"column":2},"end":{"line":128,"column":null}},"97":{"start":{"line":129,"column":2},"end":{"line":129,"column":null}},"98":{"start":{"line":132,"column":0},"end":{"line":132,"column":null}},"99":{"start":{"line":133,"column":2},"end":{"line":133,"column":null}},"100":{"start":{"line":134,"column":2},"end":{"line":134,"column":null}},"101":{"start":{"line":135,"column":2},"end":{"line":135,"column":null}},"102":{"start":{"line":136,"column":2},"end":{"line":136,"column":null}},"103":{"start":{"line":139,"column":0},"end":{"line":139,"column":null}},"104":{"start":{"line":140,"column":2},"end":{"line":140,"column":null}},"105":{"start":{"line":141,"column":2},"end":{"line":141,"column":null}},"106":{"start":{"line":142,"column":2},"end":{"line":142,"column":null}},"107":{"start":{"line":145,"column":0},"end":{"line":145,"column":null}},"108":{"start":{"line":146,"column":2},"end":{"line":146,"column":null}},"109":{"start":{"line":147,"column":2},"end":{"line":147,"column":null}},"110":{"start":{"line":148,"column":2},"end":{"line":148,"column":null}},"111":{"start":{"line":151,"column":0},"end":{"line":151,"column":null}},"112":{"start":{"line":152,"column":2},"end":{"line":152,"column":null}},"113":{"start":{"line":153,"column":2},"end":{"line":153,"column":null}},"114":{"start":{"line":154,"column":2},"end":{"line":154,"column":null}},"115":{"start":{"line":157,"column":0},"end":{"line":157,"column":null}},"116":{"start":{"line":158,"column":2},"end":{"line":158,"column":null}},"117":{"start":{"line":159,"column":2},"end":{"line":159,"column":null}},"118":{"start":{"line":160,"column":2},"end":{"line":160,"column":null}},"119":{"start":{"line":161,"column":2},"end":{"line":161,"column":null}},"120":{"start":{"line":162,"column":2},"end":{"line":162,"column":null}},"121":{"start":{"line":163,"column":2},"end":{"line":163,"column":null}},"122":{"start":{"line":166,"column":0},"end":{"line":166,"column":null}},"123":{"start":{"line":167,"column":2},"end":{"line":167,"column":null}},"124":{"start":{"line":168,"column":2},"end":{"line":168,"column":null}},"125":{"start":{"line":169,"column":2},"end":{"line":169,"column":null}},"126":{"start":{"line":170,"column":2},"end":{"line":170,"column":null}},"127":{"start":{"line":171,"column":2},"end":{"line":171,"column":null}},"128":{"start":{"line":174,"column":0},"end":{"line":174,"column":null}},"129":{"start":{"line":175,"column":2},"end":{"line":175,"column":null}},"130":{"start":{"line":176,"column":2},"end":{"line":176,"column":null}},"131":{"start":{"line":177,"column":2},"end":{"line":177,"column":null}},"132":{"start":{"line":178,"column":2},"end":{"line":178,"column":null}},"133":{"start":{"line":179,"column":2},"end":{"line":179,"column":null}},"134":{"start":{"line":180,"column":2},"end":{"line":180,"column":null}},"135":{"start":{"line":181,"column":2},"end":{"line":181,"column":null}},"136":{"start":{"line":182,"column":2},"end":{"line":182,"column":null}},"137":{"start":{"line":183,"column":2},"end":{"line":183,"column":null}},"138":{"start":{"line":184,"column":2},"end":{"line":184,"column":null}},"139":{"start":{"line":185,"column":2},"end":{"line":185,"column":null}},"140":{"start":{"line":186,"column":2},"end":{"line":186,"column":null}},"141":{"start":{"line":187,"column":2},"end":{"line":187,"column":null}},"142":{"start":{"line":190,"column":0},"end":{"line":190,"column":null}},"143":{"start":{"line":191,"column":2},"end":{"line":191,"column":null}},"144":{"start":{"line":192,"column":2},"end":{"line":192,"column":null}},"145":{"start":{"line":193,"column":2},"end":{"line":193,"column":null}},"146":{"start":{"line":194,"column":2},"end":{"line":194,"column":null}},"147":{"start":{"line":195,"column":2},"end":{"line":195,"column":null}},"148":{"start":{"line":196,"column":2},"end":{"line":196,"column":null}},"149":{"start":{"line":197,"column":2},"end":{"line":197,"column":null}},"150":{"start":{"line":198,"column":2},"end":{"line":198,"column":null}},"151":{"start":{"line":199,"column":2},"end":{"line":199,"column":null}},"152":{"start":{"line":200,"column":2},"end":{"line":200,"column":null}},"153":{"start":{"line":201,"column":2},"end":{"line":201,"column":null}},"154":{"start":{"line":202,"column":2},"end":{"line":202,"column":null}},"155":{"start":{"line":203,"column":2},"end":{"line":203,"column":null}},"156":{"start":{"line":204,"column":2},"end":{"line":204,"column":null}},"157":{"start":{"line":205,"column":2},"end":{"line":205,"column":null}},"158":{"start":{"line":206,"column":2},"end":{"line":206,"column":null}},"159":{"start":{"line":207,"column":2},"end":{"line":207,"column":null}},"160":{"start":{"line":208,"column":2},"end":{"line":208,"column":null}},"161":{"start":{"line":209,"column":2},"end":{"line":209,"column":null}},"162":{"start":{"line":210,"column":2},"end":{"line":210,"column":null}},"163":{"start":{"line":211,"column":2},"end":{"line":211,"column":null}},"164":{"start":{"line":212,"column":2},"end":{"line":212,"column":null}},"165":{"start":{"line":213,"column":2},"end":{"line":213,"column":null}},"166":{"start":{"line":214,"column":2},"end":{"line":214,"column":null}},"167":{"start":{"line":215,"column":2},"end":{"line":215,"column":null}},"168":{"start":{"line":216,"column":2},"end":{"line":216,"column":null}},"169":{"start":{"line":217,"column":2},"end":{"line":217,"column":null}},"170":{"start":{"line":218,"column":2},"end":{"line":218,"column":null}},"171":{"start":{"line":219,"column":2},"end":{"line":219,"column":null}},"172":{"start":{"line":220,"column":2},"end":{"line":220,"column":null}},"173":{"start":{"line":221,"column":2},"end":{"line":221,"column":null}},"174":{"start":{"line":222,"column":2},"end":{"line":222,"column":null}},"175":{"start":{"line":223,"column":2},"end":{"line":223,"column":null}},"176":{"start":{"line":224,"column":2},"end":{"line":224,"column":null}},"177":{"start":{"line":225,"column":2},"end":{"line":225,"column":null}},"178":{"start":{"line":226,"column":2},"end":{"line":226,"column":null}},"179":{"start":{"line":227,"column":2},"end":{"line":227,"column":null}},"180":{"start":{"line":228,"column":2},"end":{"line":228,"column":null}},"181":{"start":{"line":229,"column":2},"end":{"line":229,"column":null}},"182":{"start":{"line":230,"column":2},"end":{"line":230,"column":null}},"183":{"start":{"line":231,"column":2},"end":{"line":231,"column":null}},"184":{"start":{"line":232,"column":2},"end":{"line":232,"column":null}},"185":{"start":{"line":233,"column":2},"end":{"line":233,"column":null}},"186":{"start":{"line":234,"column":2},"end":{"line":234,"column":null}},"187":{"start":{"line":235,"column":2},"end":{"line":235,"column":null}},"188":{"start":{"line":236,"column":2},"end":{"line":236,"column":null}},"189":{"start":{"line":237,"column":2},"end":{"line":237,"column":null}},"190":{"start":{"line":238,"column":2},"end":{"line":238,"column":null}},"191":{"start":{"line":241,"column":0},"end":{"line":241,"column":null}},"192":{"start":{"line":242,"column":2},"end":{"line":242,"column":null}},"193":{"start":{"line":243,"column":2},"end":{"line":243,"column":null}},"194":{"start":{"line":244,"column":2},"end":{"line":244,"column":null}},"195":{"start":{"line":247,"column":0},"end":{"line":247,"column":null}},"196":{"start":{"line":248,"column":2},"end":{"line":248,"column":null}},"197":{"start":{"line":249,"column":2},"end":{"line":249,"column":null}},"198":{"start":{"line":250,"column":2},"end":{"line":250,"column":null}},"199":{"start":{"line":253,"column":0},"end":{"line":253,"column":null}},"200":{"start":{"line":254,"column":2},"end":{"line":254,"column":null}},"201":{"start":{"line":255,"column":2},"end":{"line":255,"column":null}},"202":{"start":{"line":256,"column":2},"end":{"line":256,"column":null}},"203":{"start":{"line":257,"column":2},"end":{"line":257,"column":null}},"204":{"start":{"line":258,"column":2},"end":{"line":258,"column":null}},"205":{"start":{"line":259,"column":2},"end":{"line":259,"column":null}},"206":{"start":{"line":260,"column":2},"end":{"line":260,"column":null}},"207":{"start":{"line":261,"column":2},"end":{"line":261,"column":null}},"208":{"start":{"line":264,"column":0},"end":{"line":264,"column":null}},"209":{"start":{"line":265,"column":2},"end":{"line":265,"column":null}},"210":{"start":{"line":266,"column":2},"end":{"line":266,"column":null}},"211":{"start":{"line":267,"column":2},"end":{"line":267,"column":null}},"212":{"start":{"line":270,"column":0},"end":{"line":270,"column":null}},"213":{"start":{"line":271,"column":2},"end":{"line":271,"column":null}},"214":{"start":{"line":272,"column":2},"end":{"line":272,"column":null}},"215":{"start":{"line":273,"column":2},"end":{"line":273,"column":null}},"216":{"start":{"line":274,"column":2},"end":{"line":274,"column":null}},"217":{"start":{"line":277,"column":0},"end":{"line":277,"column":null}},"218":{"start":{"line":278,"column":2},"end":{"line":278,"column":null}},"219":{"start":{"line":279,"column":2},"end":{"line":279,"column":null}},"220":{"start":{"line":280,"column":2},"end":{"line":280,"column":null}},"221":{"start":{"line":283,"column":0},"end":{"line":283,"column":null}},"222":{"start":{"line":284,"column":2},"end":{"line":284,"column":null}},"223":{"start":{"line":285,"column":2},"end":{"line":285,"column":null}},"224":{"start":{"line":286,"column":2},"end":{"line":286,"column":null}},"225":{"start":{"line":287,"column":2},"end":{"line":287,"column":null}},"226":{"start":{"line":288,"column":2},"end":{"line":288,"column":null}},"227":{"start":{"line":289,"column":2},"end":{"line":289,"column":null}},"228":{"start":{"line":290,"column":2},"end":{"line":290,"column":null}},"229":{"start":{"line":291,"column":2},"end":{"line":291,"column":null}},"230":{"start":{"line":292,"column":2},"end":{"line":292,"column":null}},"231":{"start":{"line":295,"column":0},"end":{"line":331,"column":2}}},"fnMap":{"0":{"name":"(anonymous_0)","decl":{"start":{"line":6,"column":0},"end":{"line":6,"column":12}},"loc":{"start":{"line":6,"column":20},"end":{"line":12,"column":1}}},"1":{"name":"(anonymous_1)","decl":{"start":{"line":14,"column":0},"end":{"line":14,"column":12}},"loc":{"start":{"line":14,"column":26},"end":{"line":20,"column":1}}},"2":{"name":"(anonymous_2)","decl":{"start":{"line":22,"column":0},"end":{"line":22,"column":12}},"loc":{"start":{"line":22,"column":24},"end":{"line":27,"column":1}}},"3":{"name":"(anonymous_3)","decl":{"start":{"line":29,"column":0},"end":{"line":29,"column":12}},"loc":{"start":{"line":29,"column":23},"end":{"line":35,"column":1}}},"4":{"name":"(anonymous_4)","decl":{"start":{"line":37,"column":0},"end":{"line":37,"column":12}},"loc":{"start":{"line":37,"column":20},"end":{"line":41,"column":1}}},"5":{"name":"(anonymous_5)","decl":{"start":{"line":43,"column":0},"end":{"line":43,"column":12}},"loc":{"start":{"line":43,"column":21},"end":{"line":56,"column":1}}},"6":{"name":"(anonymous_6)","decl":{"start":{"line":58,"column":0},"end":{"line":58,"column":12}},"loc":{"start":{"line":58,"column":23},"end":{"line":69,"column":1}}},"7":{"name":"(anonymous_7)","decl":{"start":{"line":71,"column":0},"end":{"line":71,"column":12}},"loc":{"start":{"line":71,"column":25},"end":{"line":75,"column":1}}},"8":{"name":"(anonymous_8)","decl":{"start":{"line":77,"column":0},"end":{"line":77,"column":12}},"loc":{"start":{"line":77,"column":22},"end":{"line":83,"column":1}}},"9":{"name":"(anonymous_9)","decl":{"start":{"line":85,"column":0},"end":{"line":85,"column":12}},"loc":{"start":{"line":85,"column":23},"end":{"line":90,"column":1}}},"10":{"name":"(anonymous_10)","decl":{"start":{"line":92,"column":0},"end":{"line":92,"column":12}},"loc":{"start":{"line":92,"column":21},"end":{"line":97,"column":1}}},"11":{"name":"(anonymous_11)","decl":{"start":{"line":99,"column":0},"end":{"line":99,"column":12}},"loc":{"start":{"line":99,"column":21},"end":{"line":105,"column":1}}},"12":{"name":"(anonymous_12)","decl":{"start":{"line":107,"column":0},"end":{"line":107,"column":12}},"loc":{"start":{"line":107,"column":20},"end":{"line":111,"column":1}}},"13":{"name":"(anonymous_13)","decl":{"start":{"line":113,"column":0},"end":{"line":113,"column":12}},"loc":{"start":{"line":113,"column":22},"end":{"line":117,"column":1}}},"14":{"name":"(anonymous_14)","decl":{"start":{"line":119,"column":0},"end":{"line":119,"column":12}},"loc":{"start":{"line":119,"column":21},"end":{"line":123,"column":1}}},"15":{"name":"(anonymous_15)","decl":{"start":{"line":125,"column":0},"end":{"line":125,"column":12}},"loc":{"start":{"line":125,"column":25},"end":{"line":130,"column":1}}},"16":{"name":"(anonymous_16)","decl":{"start":{"line":132,"column":0},"end":{"line":132,"column":12}},"loc":{"start":{"line":132,"column":16},"end":{"line":137,"column":1}}},"17":{"name":"(anonymous_17)","decl":{"start":{"line":139,"column":0},"end":{"line":139,"column":12}},"loc":{"start":{"line":139,"column":18},"end":{"line":143,"column":1}}},"18":{"name":"(anonymous_18)","decl":{"start":{"line":145,"column":0},"end":{"line":145,"column":12}},"loc":{"start":{"line":145,"column":20},"end":{"line":149,"column":1}}},"19":{"name":"(anonymous_19)","decl":{"start":{"line":151,"column":0},"end":{"line":151,"column":12}},"loc":{"start":{"line":151,"column":21},"end":{"line":155,"column":1}}},"20":{"name":"(anonymous_20)","decl":{"start":{"line":157,"column":0},"end":{"line":157,"column":12}},"loc":{"start":{"line":157,"column":23},"end":{"line":164,"column":1}}},"21":{"name":"(anonymous_21)","decl":{"start":{"line":166,"column":0},"end":{"line":166,"column":12}},"loc":{"start":{"line":166,"column":16},"end":{"line":172,"column":1}}},"22":{"name":"(anonymous_22)","decl":{"start":{"line":174,"column":0},"end":{"line":174,"column":12}},"loc":{"start":{"line":174,"column":19},"end":{"line":188,"column":1}}},"23":{"name":"(anonymous_23)","decl":{"start":{"line":190,"column":0},"end":{"line":190,"column":12}},"loc":{"start":{"line":190,"column":25},"end":{"line":239,"column":1}}},"24":{"name":"(anonymous_24)","decl":{"start":{"line":241,"column":0},"end":{"line":241,"column":12}},"loc":{"start":{"line":241,"column":27},"end":{"line":245,"column":1}}},"25":{"name":"(anonymous_25)","decl":{"start":{"line":247,"column":0},"end":{"line":247,"column":12}},"loc":{"start":{"line":247,"column":31},"end":{"line":251,"column":1}}},"26":{"name":"(anonymous_26)","decl":{"start":{"line":253,"column":0},"end":{"line":253,"column":12}},"loc":{"start":{"line":253,"column":20},"end":{"line":262,"column":1}}},"27":{"name":"(anonymous_27)","decl":{"start":{"line":264,"column":0},"end":{"line":264,"column":12}},"loc":{"start":{"line":264,"column":20},"end":{"line":268,"column":1}}},"28":{"name":"(anonymous_28)","decl":{"start":{"line":270,"column":0},"end":{"line":270,"column":12}},"loc":{"start":{"line":270,"column":27},"end":{"line":275,"column":1}}},"29":{"name":"(anonymous_29)","decl":{"start":{"line":277,"column":0},"end":{"line":277,"column":12}},"loc":{"start":{"line":277,"column":27},"end":{"line":281,"column":1}}},"30":{"name":"(anonymous_30)","decl":{"start":{"line":283,"column":0},"end":{"line":283,"column":12}},"loc":{"start":{"line":283,"column":26},"end":{"line":293,"column":1}}}},"branchMap":{"0":{"loc":{"start":{"line":6,"column":12},"end":{"line":6,"column":null}},"type":"binary-expr","locations":[{"start":{"line":6,"column":12},"end":{"line":6,"column":20}},{"start":{"line":6,"column":20},"end":{"line":6,"column":null}}]},"1":{"loc":{"start":{"line":14,"column":12},"end":{"line":14,"column":null}},"type":"binary-expr","locations":[{"start":{"line":14,"column":12},"end":{"line":14,"column":26}},{"start":{"line":14,"column":26},"end":{"line":14,"column":null}}]},"2":{"loc":{"start":{"line":22,"column":12},"end":{"line":22,"column":null}},"type":"binary-expr","locations":[{"start":{"line":22,"column":12},"end":{"line":22,"column":24}},{"start":{"line":22,"column":24},"end":{"line":22,"column":null}}]},"3":{"loc":{"start":{"line":29,"column":12},"end":{"line":29,"column":null}},"type":"binary-expr","locations":[{"start":{"line":29,"column":12},"end":{"line":29,"column":23}},{"start":{"line":29,"column":23},"end":{"line":29,"column":null}}]},"4":{"loc":{"start":{"line":37,"column":12},"end":{"line":37,"column":null}},"type":"binary-expr","locations":[{"start":{"line":37,"column":12},"end":{"line":37,"column":20}},{"start":{"line":37,"column":20},"end":{"line":37,"column":null}}]},"5":{"loc":{"start":{"line":43,"column":12},"end":{"line":43,"column":null}},"type":"binary-expr","locations":[{"start":{"line":43,"column":12},"end":{"line":43,"column":21}},{"start":{"line":43,"column":21},"end":{"line":43,"column":null}}]},"6":{"loc":{"start":{"line":58,"column":12},"end":{"line":58,"column":null}},"type":"binary-expr","locations":[{"start":{"line":58,"column":12},"end":{"line":58,"column":23}},{"start":{"line":58,"column":23},"end":{"line":58,"column":null}}]},"7":{"loc":{"start":{"line":71,"column":12},"end":{"line":71,"column":null}},"type":"binary-expr","locations":[{"start":{"line":71,"column":12},"end":{"line":71,"column":25}},{"start":{"line":71,"column":25},"end":{"line":71,"column":null}}]},"8":{"loc":{"start":{"line":77,"column":12},"end":{"line":77,"column":null}},"type":"binary-expr","locations":[{"start":{"line":77,"column":12},"end":{"line":77,"column":22}},{"start":{"line":77,"column":22},"end":{"line":77,"column":null}}]},"9":{"loc":{"start":{"line":85,"column":12},"end":{"line":85,"column":null}},"type":"binary-expr","locations":[{"start":{"line":85,"column":12},"end":{"line":85,"column":23}},{"start":{"line":85,"column":23},"end":{"line":85,"column":null}}]},"10":{"loc":{"start":{"line":92,"column":12},"end":{"line":92,"column":null}},"type":"binary-expr","locations":[{"start":{"line":92,"column":12},"end":{"line":92,"column":21}},{"start":{"line":92,"column":21},"end":{"line":92,"column":null}}]},"11":{"loc":{"start":{"line":99,"column":12},"end":{"line":99,"column":null}},"type":"binary-expr","locations":[{"start":{"line":99,"column":12},"end":{"line":99,"column":21}},{"start":{"line":99,"column":21},"end":{"line":99,"column":null}}]},"12":{"loc":{"start":{"line":107,"column":12},"end":{"line":107,"column":null}},"type":"binary-expr","locations":[{"start":{"line":107,"column":12},"end":{"line":107,"column":20}},{"start":{"line":107,"column":20},"end":{"line":107,"column":null}}]},"13":{"loc":{"start":{"line":113,"column":12},"end":{"line":113,"column":null}},"type":"binary-expr","locations":[{"start":{"line":113,"column":12},"end":{"line":113,"column":22}},{"start":{"line":113,"column":22},"end":{"line":113,"column":null}}]},"14":{"loc":{"start":{"line":119,"column":12},"end":{"line":119,"column":null}},"type":"binary-expr","locations":[{"start":{"line":119,"column":12},"end":{"line":119,"column":21}},{"start":{"line":119,"column":21},"end":{"line":119,"column":null}}]},"15":{"loc":{"start":{"line":125,"column":12},"end":{"line":125,"column":null}},"type":"binary-expr","locations":[{"start":{"line":125,"column":12},"end":{"line":125,"column":25}},{"start":{"line":125,"column":25},"end":{"line":125,"column":null}}]},"16":{"loc":{"start":{"line":132,"column":12},"end":{"line":132,"column":null}},"type":"binary-expr","locations":[{"start":{"line":132,"column":12},"end":{"line":132,"column":16}},{"start":{"line":132,"column":16},"end":{"line":132,"column":null}}]},"17":{"loc":{"start":{"line":139,"column":12},"end":{"line":139,"column":null}},"type":"binary-expr","locations":[{"start":{"line":139,"column":12},"end":{"line":139,"column":18}},{"start":{"line":139,"column":18},"end":{"line":139,"column":null}}]},"18":{"loc":{"start":{"line":145,"column":12},"end":{"line":145,"column":null}},"type":"binary-expr","locations":[{"start":{"line":145,"column":12},"end":{"line":145,"column":20}},{"start":{"line":145,"column":20},"end":{"line":145,"column":null}}]},"19":{"loc":{"start":{"line":151,"column":12},"end":{"line":151,"column":null}},"type":"binary-expr","locations":[{"start":{"line":151,"column":12},"end":{"line":151,"column":21}},{"start":{"line":151,"column":21},"end":{"line":151,"column":null}}]},"20":{"loc":{"start":{"line":157,"column":12},"end":{"line":157,"column":null}},"type":"binary-expr","locations":[{"start":{"line":157,"column":12},"end":{"line":157,"column":23}},{"start":{"line":157,"column":23},"end":{"line":157,"column":null}}]},"21":{"loc":{"start":{"line":166,"column":12},"end":{"line":166,"column":null}},"type":"binary-expr","locations":[{"start":{"line":166,"column":12},"end":{"line":166,"column":16}},{"start":{"line":166,"column":16},"end":{"line":166,"column":null}}]},"22":{"loc":{"start":{"line":174,"column":12},"end":{"line":174,"column":null}},"type":"binary-expr","locations":[{"start":{"line":174,"column":12},"end":{"line":174,"column":19}},{"start":{"line":174,"column":19},"end":{"line":174,"column":null}}]},"23":{"loc":{"start":{"line":190,"column":12},"end":{"line":190,"column":null}},"type":"binary-expr","locations":[{"start":{"line":190,"column":12},"end":{"line":190,"column":25}},{"start":{"line":190,"column":25},"end":{"line":190,"column":null}}]},"24":{"loc":{"start":{"line":241,"column":12},"end":{"line":241,"column":null}},"type":"binary-expr","locations":[{"start":{"line":241,"column":12},"end":{"line":241,"column":27}},{"start":{"line":241,"column":27},"end":{"line":241,"column":null}}]},"25":{"loc":{"start":{"line":247,"column":12},"end":{"line":247,"column":null}},"type":"binary-expr","locations":[{"start":{"line":247,"column":12},"end":{"line":247,"column":31}},{"start":{"line":247,"column":31},"end":{"line":247,"column":null}}]},"26":{"loc":{"start":{"line":253,"column":12},"end":{"line":253,"column":null}},"type":"binary-expr","locations":[{"start":{"line":253,"column":12},"end":{"line":253,"column":20}},{"start":{"line":253,"column":20},"end":{"line":253,"column":null}}]},"27":{"loc":{"start":{"line":264,"column":12},"end":{"line":264,"column":null}},"type":"binary-expr","locations":[{"start":{"line":264,"column":12},"end":{"line":264,"column":20}},{"start":{"line":264,"column":20},"end":{"line":264,"column":null}}]},"28":{"loc":{"start":{"line":270,"column":12},"end":{"line":270,"column":null}},"type":"binary-expr","locations":[{"start":{"line":270,"column":12},"end":{"line":270,"column":27}},{"start":{"line":270,"column":27},"end":{"line":270,"column":null}}]},"29":{"loc":{"start":{"line":277,"column":12},"end":{"line":277,"column":null}},"type":"binary-expr","locations":[{"start":{"line":277,"column":12},"end":{"line":277,"column":27}},{"start":{"line":277,"column":27},"end":{"line":277,"column":null}}]},"30":{"loc":{"start":{"line":283,"column":12},"end":{"line":283,"column":null}},"type":"binary-expr","locations":[{"start":{"line":283,"column":12},"end":{"line":283,"column":26}},{"start":{"line":283,"column":26},"end":{"line":283,"column":null}}]}},"s":{"0":0,"1":0,"2":0,"3":0,"4":0,"5":0,"6":0,"7":0,"8":0,"9":0,"10":0,"11":0,"12":0,"13":0,"14":0,"15":0,"16":0,"17":0,"18":0,"19":0,"20":0,"21":0,"22":0,"23":0,"24":0,"25":0,"26":0,"27":0,"28":0,"29":0,"30":0,"31":0,"32":0,"33":0,"34":0,"35":0,"36":0,"37":0,"38":0,"39":0,"40":0,"41":0,"42":0,"43":0,"44":0,"45":0,"46":0,"47":0,"48":0,"49":0,"50":0,"51":0,"52":0,"53":0,"54":0,"55":0,"56":0,"57":0,"58":0,"59":0,"60":0,"61":0,"62":0,"63":0,"64":0,"65":0,"66":0,"67":0,"68":0,"69":0,"70":0,"71":0,"72":0,"73":0,"74":0,"75":0,"76":0,"77":0,"78":0,"79":0,"80":0,"81":0,"82":0,"83":0,"84":0,"85":0,"86":0,"87":0,"88":0,"89":0,"90":0,"91":0,"92":0,"93":0,"94":0,"95":0,"96":0,"97":0,"98":0,"99":0,"100":0,"101":0,"102":0,"103":0,"104":0,"105":0,"106":0,"107":0,"108":0,"109":0,"110":0,"111":0,"112":0,"113":0,"114":0,"115":0,"116":0,"117":0,"118":0,"119":0,"120":0,"121":0,"122":0,"123":0,"124":0,"125":0,"126":0,"127":0,"128":0,"129":0,"130":0,"131":0,"132":0,"133":0,"134":0,"135":0,"136":0,"137":0,"138":0,"139":0,"140":0,"141":0,"142":0,"143":0,"144":0,"145":0,"146":0,"147":0,"148":0,"149":0,"150":0,"151":0,"152":0,"153":0,"154":0,"155":0,"156":0,"157":0,"158":0,"159":0,"160":0,"161":0,"162":0,"163":0,"164":0,"165":0,"166":0,"167":0,"168":0,"169":0,"170":0,"171":0,"172":0,"173":0,"174":0,"175":0,"176":0,"177":0,"178":0,"179":0,"180":0,"181":0,"182":0,"183":0,"184":0,"185":0,"186":0,"187":0,"188":0,"189":0,"190":0,"191":0,"192":0,"193":0,"194":0,"195":0,"196":0,"197":0,"198":0,"199":0,"200":0,"201":0,"202":0,"203":0,"204":0,"205":0,"206":0,"207":0,"208":0,"209":0,"210":0,"211":0,"212":0,"213":0,"214":0,"215":0,"216":0,"217":0,"218":0,"219":0,"220":0,"221":0,"222":0,"223":0,"224":0,"225":0,"226":0,"227":0,"228":0,"229":0,"230":0,"231":0},"f":{"0":0,"1":0,"2":0,"3":0,"4":0,"5":0,"6":0,"7":0,"8":0,"9":0,"10":0,"11":0,"12":0,"13":0,"14":0,"15":0,"16":0,"17":0,"18":0,"19":0,"20":0,"21":0,"22":0,"23":0,"24":0,"25":0,"26":0,"27":0,"28":0,"29":0,"30":0},"b":{"0":[0,0],"1":[0,0],"2":[0,0],"3":[0,0],"4":[0,0],"5":[0,0],"6":[0,0],"7":[0,0],"8":[0,0],"9":[0,0],"10":[0,0],"11":[0,0],"12":[0,0],"13":[0,0],"14":[0,0],"15":[0,0],"16":[0,0],"17":[0,0],"18":[0,0],"19":[0,0],"20":[0,0],"21":[0,0],"22":[0,0],"23":[0,0],"24":[0,0],"25":[0,0],"26":[0,0],"27":[0,0],"28":[0,0],"29":[0,0],"30":[0,0]}}
,"/Volumes/Development/ln.angularis/projects/core/src/lib/authentication/auth-config.ts": {"path":"/Volumes/Development/ln.angularis/projects/core/src/lib/authentication/auth-config.ts","statementMap":{"0":{"start":{"line":2,"column":0},"end":{"line":2,"column":33}},"1":{"start":{"line":7,"column":40},"end":{"line":7,"column":49}},"2":{"start":{"line":8,"column":38},"end":{"line":8,"column":47}},"3":{"start":{"line":9,"column":43},"end":{"line":9,"column":52}},"4":{"start":{"line":15,"column":4},"end":{"line":15,"column":19}},"5":{"start":{"line":16,"column":4},"end":{"line":16,"column":33}},"6":{"start":{"line":6,"column":0},"end":{"line":6,"column":13}}},"fnMap":{"0":{"name":"(anonymous_0)","decl":{"start":{"line":14,"column":2},"end":{"line":14,"column":14}},"loc":{"start":{"line":14,"column":43},"end":{"line":17,"column":3}}}},"branchMap":{},"s":{"0":0,"1":0,"2":0,"3":0,"4":0,"5":0,"6":0},"f":{"0":0},"b":{}}
,"/Volumes/Development/ln.angularis/projects/core/src/lib/card/card.ts": {"path":"/Volumes/Development/ln.angularis/projects/core/src/lib/card/card.ts","statementMap":{"0":{"start":{"line":2,"column":0},"end":{"line":2,"column":40}},"1":{"start":{"line":7,"column":32},"end":{"line":7,"column":37}},"2":{"start":{"line":8,"column":29},"end":{"line":8,"column":34}},"3":{"start":{"line":9,"column":30},"end":{"line":9,"column":35}},"4":{"start":{"line":10,"column":47},"end":{"line":10,"column":49}},"5":{"start":{"line":11,"column":24},"end":{"line":11,"column":26}},"6":{"start":{"line":12,"column":24},"end":{"line":12,"column":35}},"7":{"start":{"line":13,"column":29},"end":{"line":13,"column":37}},"8":{"start":{"line":19,"column":4},"end":{"line":19,"column":19}},"9":{"start":{"line":20,"column":4},"end":{"line":20,"column":33}},"10":{"start":{"line":6,"column":0},"end":{"line":6,"column":13}}},"fnMap":{"0":{"name":"(anonymous_0)","decl":{"start":{"line":13,"column":29},"end":{"line":13,"column":32}},"loc":{"start":{"line":13,"column":34},"end":{"line":13,"column":37}}},"1":{"name":"(anonymous_1)","decl":{"start":{"line":18,"column":2},"end":{"line":18,"column":14}},"loc":{"start":{"line":18,"column":37},"end":{"line":21,"column":3}}}},"branchMap":{},"s":{"0":0,"1":0,"2":0,"3":0,"4":0,"5":0,"6":0,"7":0,"8":0,"9":0,"10":0},"f":{"0":0,"1":0},"b":{}}
,"/Volumes/Development/ln.angularis/projects/core/src/lib/card/schema/cardSchema.ts": {"path":"/Volumes/Development/ln.angularis/projects/core/src/lib/card/schema/cardSchema.ts","statementMap":{"0":{"start":{"line":1,"column":0},"end":{"line":1,"column":43}},"1":{"start":{"line":8,"column":4},"end":{"line":8,"column":19}},"2":{"start":{"line":6,"column":0},"end":{"line":6,"column":13}}},"fnMap":{"0":{"name":"(anonymous_0)","decl":{"start":{"line":7,"column":2},"end":{"line":7,"column":14}},"loc":{"start":{"line":7,"column":43},"end":{"line":9,"column":3}}}},"branchMap":{},"s":{"0":0,"1":0,"2":0},"f":{"0":0},"b":{}}
,"/Volumes/Development/ln.angularis/projects/core/src/lib/common/action.ts": {"path":"/Volumes/Development/ln.angularis/projects/core/src/lib/common/action.ts","statementMap":{"0":{"start":{"line":1,"column":0},"end":{"line":1,"column":37}},"1":{"start":{"line":2,"column":0},"end":{"line":2,"column":30}},"2":{"start":{"line":7,"column":29},"end":{"line":7,"column":37}},"3":{"start":{"line":8,"column":32},"end":{"line":8,"column":34}},"4":{"start":{"line":9,"column":47},"end":{"line":9,"column":49}},"5":{"start":{"line":14,"column":4},"end":{"line":20,"column":5}},"6":{"start":{"line":15,"column":6},"end":{"line":19,"column":7}},"7":{"start":{"line":16,"column":8},"end":{"line":16,"column":58}},"8":{"start":{"line":17,"column":13},"end":{"line":19,"column":7}},"9":{"start":{"line":18,"column":8},"end":{"line":18,"column":59}},"10":{"start":{"line":22,"column":4},"end":{"line":22,"column":17}},"11":{"start":{"line":28,"column":4},"end":{"line":28,"column":44}},"12":{"start":{"line":34,"column":4},"end":{"line":34,"column":41}},"13":{"start":{"line":40,"column":4},"end":{"line":40,"column":19}},"14":{"start":{"line":41,"column":4},"end":{"line":41,"column":33}},"15":{"start":{"line":6,"column":0},"end":{"line":6,"column":13}}},"fnMap":{"0":{"name":"(anonymous_0)","decl":{"start":{"line":7,"column":29},"end":{"line":7,"column":32}},"loc":{"start":{"line":7,"column":34},"end":{"line":7,"column":37}}},"1":{"name":"(anonymous_1)","decl":{"start":{"line":13,"column":2},"end":{"line":13,"column":15}},"loc":{"start":{"line":13,"column":15},"end":{"line":23,"column":3}}},"2":{"name":"(anonymous_2)","decl":{"start":{"line":27,"column":2},"end":{"line":27,"column":12}},"loc":{"start":{"line":27,"column":12},"end":{"line":29,"column":3}}},"3":{"name":"(anonymous_3)","decl":{"start":{"line":33,"column":2},"end":{"line":33,"column":10}},"loc":{"start":{"line":33,"column":10},"end":{"line":35,"column":3}}},"4":{"name":"(anonymous_4)","decl":{"start":{"line":39,"column":2},"end":{"line":39,"column":14}},"loc":{"start":{"line":39,"column":39},"end":{"line":42,"column":3}}}},"branchMap":{"0":{"loc":{"start":{"line":14,"column":4},"end":{"line":20,"column":5}},"type":"if","locations":[{"start":{"line":14,"column":4},"end":{"line":20,"column":5}}]},"1":{"loc":{"start":{"line":15,"column":6},"end":{"line":19,"column":7}},"type":"if","locations":[{"start":{"line":15,"column":6},"end":{"line":19,"column":7}},{"start":{"line":17,"column":13},"end":{"line":19,"column":7}}]},"2":{"loc":{"start":{"line":17,"column":13},"end":{"line":19,"column":7}},"type":"if","locations":[{"start":{"line":17,"column":13},"end":{"line":19,"column":7}}]}},"s":{"0":0,"1":0,"2":0,"3":0,"4":0,"5":0,"6":0,"7":0,"8":0,"9":0,"10":0,"11":0,"12":0,"13":0,"14":0,"15":0},"f":{"0":0,"1":0,"2":0,"3":0,"4":0},"b":{"0":[0],"1":[0,0],"2":[0]}}
,"/Volumes/Development/ln.angularis/projects/core/src/lib/common/base.ts": {"path":"/Volumes/Development/ln.angularis/projects/core/src/lib/common/base.ts","statementMap":{"0":{"start":{"line":1,"column":0},"end":{"line":1,"column":37}},"1":{"start":{"line":2,"column":0},"end":{"line":2,"column":30}},"2":{"start":{"line":28,"column":22},"end":{"line":28,"column":23}},"3":{"start":{"line":29,"column":27},"end":{"line":29,"column":32}},"4":{"start":{"line":30,"column":29},"end":{"line":30,"column":34}},"5":{"start":{"line":31,"column":27},"end":{"line":31,"column":32}},"6":{"start":{"line":32,"column":24},"end":{"line":32,"column":26}},"7":{"start":{"line":33,"column":31},"end":{"line":33,"column":33}},"8":{"start":{"line":34,"column":25},"end":{"line":34,"column":27}},"9":{"start":{"line":35,"column":25},"end":{"line":35,"column":34}},"10":{"start":{"line":36,"column":28},"end":{"line":36,"column":33}},"11":{"start":{"line":42,"column":4},"end":{"line":42,"column":39}},"12":{"start":{"line":49,"column":4},"end":{"line":49,"column":38}},"13":{"start":{"line":57,"column":4},"end":{"line":57,"column":39}},"14":{"start":{"line":65,"column":4},"end":{"line":65,"column":40}},"15":{"start":{"line":73,"column":4},"end":{"line":73,"column":24}},"16":{"start":{"line":81,"column":4},"end":{"line":81,"column":56}},"17":{"start":{"line":89,"column":4},"end":{"line":89,"column":49}},"18":{"start":{"line":97,"column":4},"end":{"line":97,"column":50}},"19":{"start":{"line":105,"column":4},"end":{"line":105,"column":49}},"20":{"start":{"line":111,"column":4},"end":{"line":111,"column":33}},"21":{"start":{"line":112,"column":4},"end":{"line":112,"column":29}},"22":{"start":{"line":26,"column":0},"end":{"line":26,"column":13}}},"fnMap":{"0":{"name":"(anonymous_0)","decl":{"start":{"line":41,"column":2},"end":{"line":41,"column":8}},"loc":{"start":{"line":41,"column":8},"end":{"line":43,"column":3}}},"1":{"name":"(anonymous_1)","decl":{"start":{"line":48,"column":2},"end":{"line":48,"column":7}},"loc":{"start":{"line":48,"column":7},"end":{"line":50,"column":3}}},"2":{"name":"(anonymous_2)","decl":{"start":{"line":56,"column":2},"end":{"line":56,"column":10}},"loc":{"start":{"line":56,"column":10},"end":{"line":58,"column":3}}},"3":{"name":"(anonymous_3)","decl":{"start":{"line":64,"column":2},"end":{"line":64,"column":11}},"loc":{"start":{"line":64,"column":31},"end":{"line":66,"column":3}}},"4":{"name":"(anonymous_4)","decl":{"start":{"line":72,"column":2},"end":{"line":72,"column":11}},"loc":{"start":{"line":72,"column":11},"end":{"line":74,"column":3}}},"5":{"name":"(anonymous_5)","decl":{"start":{"line":80,"column":2},"end":{"line":80,"column":16}},"loc":{"start":{"line":80,"column":16},"end":{"line":82,"column":3}}},"6":{"name":"(anonymous_6)","decl":{"start":{"line":88,"column":2},"end":{"line":88,"column":9}},"loc":{"start":{"line":88,"column":9},"end":{"line":90,"column":3}}},"7":{"name":"(anonymous_7)","decl":{"start":{"line":96,"column":2},"end":{"line":96,"column":10}},"loc":{"start":{"line":96,"column":10},"end":{"line":98,"column":3}}},"8":{"name":"(anonymous_8)","decl":{"start":{"line":104,"column":2},"end":{"line":104,"column":9}},"loc":{"start":{"line":104,"column":9},"end":{"line":106,"column":3}}},"9":{"name":"(anonymous_9)","decl":{"start":{"line":110,"column":2},"end":{"line":110,"column":14}},"loc":{"start":{"line":110,"column":37},"end":{"line":113,"column":3}}}},"branchMap":{},"s":{"0":1,"1":1,"2":3,"3":3,"4":3,"5":3,"6":3,"7":3,"8":3,"9":3,"10":3,"11":0,"12":0,"13":0,"14":0,"15":0,"16":0,"17":0,"18":0,"19":0,"20":3,"21":3,"22":1},"f":{"0":0,"1":0,"2":0,"3":0,"4":0,"5":0,"6":0,"7":0,"8":0,"9":3},"b":{}}
,"/Volumes/Development/ln.angularis/projects/core/src/lib/common/category.ts": {"path":"/Volumes/Development/ln.angularis/projects/core/src/lib/common/category.ts","statementMap":{"0":{"start":{"line":2,"column":0},"end":{"line":2,"column":30}},"1":{"start":{"line":12,"column":4},"end":{"line":12,"column":19}},"2":{"start":{"line":6,"column":0},"end":{"line":6,"column":13}},"3":{"start":{"line":19,"column":0},"end":{"line":19,"column":24}}},"fnMap":{"0":{"name":"(anonymous_0)","decl":{"start":{"line":11,"column":2},"end":{"line":11,"column":14}},"loc":{"start":{"line":11,"column":41},"end":{"line":13,"column":3}}}},"branchMap":{},"s":{"0":0,"1":0,"2":0,"3":0},"f":{"0":0},"b":{}}
,"/Volumes/Development/ln.angularis/projects/core/src/lib/common/checkbox.ts": {"path":"/Volumes/Development/ln.angularis/projects/core/src/lib/common/checkbox.ts","statementMap":{"0":{"start":{"line":9,"column":28},"end":{"line":9,"column":33}},"1":{"start":{"line":10,"column":27},"end":{"line":10,"column":32}},"2":{"start":{"line":12,"column":4},"end":{"line":12,"column":33}},"3":{"start":{"line":8,"column":0},"end":{"line":8,"column":13}},"4":{"start":{"line":19,"column":0},"end":{"line":19,"column":24}}},"fnMap":{"0":{"name":"(anonymous_0)","decl":{"start":{"line":11,"column":2},"end":{"line":11,"column":14}},"loc":{"start":{"line":11,"column":41},"end":{"line":13,"column":3}}}},"branchMap":{},"s":{"0":0,"1":0,"2":0,"3":0,"4":0},"f":{"0":0},"b":{}}
,"/Volumes/Development/ln.angularis/projects/core/src/lib/common/clock.ts": {"path":"/Volumes/Development/ln.angularis/projects/core/src/lib/common/clock.ts","statementMap":{"0":{"start":{"line":1,"column":0},"end":{"line":1,"column":37}},"1":{"start":{"line":2,"column":0},"end":{"line":2,"column":30}},"2":{"start":{"line":3,"column":0},"end":{"line":3,"column":38}},"3":{"start":{"line":8,"column":22},"end":{"line":8,"column":32}},"4":{"start":{"line":12,"column":4},"end":{"line":12,"column":19}},"5":{"start":{"line":13,"column":4},"end":{"line":13,"column":33}},"6":{"start":{"line":14,"column":4},"end":{"line":14,"column":68}},"7":{"start":{"line":7,"column":0},"end":{"line":7,"column":13}},"8":{"start":{"line":21,"column":0},"end":{"line":21,"column":21}}},"fnMap":{"0":{"name":"(anonymous_0)","decl":{"start":{"line":11,"column":2},"end":{"line":11,"column":14}},"loc":{"start":{"line":11,"column":38},"end":{"line":15,"column":3}}}},"branchMap":{},"s":{"0":0,"1":0,"2":0,"3":0,"4":0,"5":0,"6":0,"7":0,"8":0},"f":{"0":0},"b":{}}
,"/Volumes/Development/ln.angularis/projects/core/src/lib/common/element.ts": {"path":"/Volumes/Development/ln.angularis/projects/core/src/lib/common/element.ts","statementMap":{"0":{"start":{"line":1,"column":0},"end":{"line":1,"column":37}},"1":{"start":{"line":2,"column":0},"end":{"line":2,"column":34}},"2":{"start":{"line":4,"column":0},"end":{"line":4,"column":36}},"3":{"start":{"line":9,"column":35},"end":{"line":9,"column":44}},"4":{"start":{"line":10,"column":36},"end":{"line":10,"column":45}},"5":{"start":{"line":11,"column":43},"end":{"line":11,"column":52}},"6":{"start":{"line":12,"column":28},"end":{"line":12,"column":41}},"7":{"start":{"line":13,"column":31},"end":{"line":13,"column":33}},"8":{"start":{"line":20,"column":4},"end":{"line":20,"column":52}},"9":{"start":{"line":27,"column":4},"end":{"line":27,"column":39}},"10":{"start":{"line":31,"column":4},"end":{"line":31,"column":19}},"11":{"start":{"line":32,"column":4},"end":{"line":32,"column":33}},"12":{"start":{"line":33,"column":4},"end":{"line":33,"column":69}},"13":{"start":{"line":8,"column":0},"end":{"line":8,"column":13}},"14":{"start":{"line":40,"column":0},"end":{"line":40,"column":23}}},"fnMap":{"0":{"name":"(anonymous_0)","decl":{"start":{"line":19,"column":2},"end":{"line":19,"column":12}},"loc":{"start":{"line":19,"column":12},"end":{"line":21,"column":3}}},"1":{"name":"(anonymous_1)","decl":{"start":{"line":26,"column":2},"end":{"line":26,"column":8}},"loc":{"start":{"line":26,"column":8},"end":{"line":28,"column":3}}},"2":{"name":"(anonymous_2)","decl":{"start":{"line":30,"column":2},"end":{"line":30,"column":14}},"loc":{"start":{"line":30,"column":40},"end":{"line":34,"column":3}}}},"branchMap":{},"s":{"0":0,"1":0,"2":0,"3":0,"4":0,"5":0,"6":0,"7":0,"8":0,"9":0,"10":0,"11":0,"12":0,"13":0,"14":0},"f":{"0":0,"1":0,"2":0},"b":{}}
,"/Volumes/Development/ln.angularis/projects/core/src/lib/common/email.ts": {"path":"/Volumes/Development/ln.angularis/projects/core/src/lib/common/email.ts","statementMap":{"0":{"start":{"line":1,"column":0},"end":{"line":1,"column":37}},"1":{"start":{"line":2,"column":0},"end":{"line":2,"column":49}},"2":{"start":{"line":4,"column":0},"end":{"line":4,"column":30}},"3":{"start":{"line":10,"column":27},"end":{"line":10,"column":29}},"4":{"start":{"line":16,"column":4},"end":{"line":16,"column":64}},"5":{"start":{"line":23,"column":4},"end":{"line":23,"column":52}},"6":{"start":{"line":27,"column":4},"end":{"line":27,"column":19}},"7":{"start":{"line":28,"column":4},"end":{"line":28,"column":33}},"8":{"start":{"line":9,"column":0},"end":{"line":9,"column":13}},"9":{"start":{"line":35,"column":0},"end":{"line":35,"column":21}}},"fnMap":{"0":{"name":"(anonymous_0)","decl":{"start":{"line":15,"column":9},"end":{"line":15,"column":16}},"loc":{"start":{"line":15,"column":16},"end":{"line":17,"column":3}}},"1":{"name":"(anonymous_1)","decl":{"start":{"line":22,"column":9},"end":{"line":22,"column":19}},"loc":{"start":{"line":22,"column":19},"end":{"line":24,"column":3}}},"2":{"name":"(anonymous_2)","decl":{"start":{"line":26,"column":2},"end":{"line":26,"column":14}},"loc":{"start":{"line":26,"column":38},"end":{"line":29,"column":3}}}},"branchMap":{"0":{"loc":{"start":{"line":16,"column":11},"end":{"line":16,"column":63}},"type":"binary-expr","locations":[{"start":{"line":16,"column":11},"end":{"line":16,"column":28}},{"start":{"line":16,"column":32},"end":{"line":16,"column":63}}]}},"s":{"0":0,"1":0,"2":0,"3":0,"4":0,"5":0,"6":0,"7":0,"8":0,"9":0},"f":{"0":0,"1":0,"2":0},"b":{"0":[0,0]}}
,"/Volumes/Development/ln.angularis/projects/core/src/lib/common/endpoint.ts": {"path":"/Volumes/Development/ln.angularis/projects/core/src/lib/common/endpoint.ts","statementMap":{"0":{"start":{"line":1,"column":0},"end":{"line":1,"column":37}},"1":{"start":{"line":6,"column":24},"end":{"line":6,"column":26}},"2":{"start":{"line":7,"column":27},"end":{"line":7,"column":31}},"3":{"start":{"line":8,"column":33},"end":{"line":8,"column":37}},"4":{"start":{"line":9,"column":23},"end":{"line":9,"column":25}},"5":{"start":{"line":10,"column":24},"end":{"line":10,"column":26}},"6":{"start":{"line":11,"column":26},"end":{"line":11,"column":28}},"7":{"start":{"line":12,"column":24},"end":{"line":12,"column":26}},"8":{"start":{"line":13,"column":31},"end":{"line":13,"column":33}},"9":{"start":{"line":19,"column":4},"end":{"line":19,"column":30}},"10":{"start":{"line":27,"column":4},"end":{"line":27,"column":52}},"11":{"start":{"line":34,"column":4},"end":{"line":34,"column":49}},"12":{"start":{"line":41,"column":4},"end":{"line":41,"column":23}},"13":{"start":{"line":48,"column":4},"end":{"line":48,"column":48}},"14":{"start":{"line":54,"column":4},"end":{"line":54,"column":51}},"15":{"start":{"line":60,"column":4},"end":{"line":60,"column":40}},"16":{"start":{"line":67,"column":15},"end":{"line":67,"column":24}},"17":{"start":{"line":69,"column":4},"end":{"line":75,"column":5}},"18":{"start":{"line":70,"column":6},"end":{"line":70,"column":20}},"19":{"start":{"line":72,"column":6},"end":{"line":74,"column":7}},"20":{"start":{"line":73,"column":8},"end":{"line":73,"column":24}},"21":{"start":{"line":77,"column":4},"end":{"line":79,"column":5}},"22":{"start":{"line":78,"column":6},"end":{"line":78,"column":24}},"23":{"start":{"line":81,"column":4},"end":{"line":86,"column":14}},"24":{"start":{"line":88,"column":4},"end":{"line":88,"column":16}},"25":{"start":{"line":95,"column":4},"end":{"line":95,"column":33}},"26":{"start":{"line":5,"column":0},"end":{"line":5,"column":13}},"27":{"start":{"line":102,"column":0},"end":{"line":102,"column":24}}},"fnMap":{"0":{"name":"(anonymous_0)","decl":{"start":{"line":18,"column":2},"end":{"line":18,"column":9}},"loc":{"start":{"line":18,"column":9},"end":{"line":20,"column":3}}},"1":{"name":"(anonymous_1)","decl":{"start":{"line":26,"column":2},"end":{"line":26,"column":12}},"loc":{"start":{"line":26,"column":12},"end":{"line":28,"column":3}}},"2":{"name":"(anonymous_2)","decl":{"start":{"line":33,"column":2},"end":{"line":33,"column":9}},"loc":{"start":{"line":33,"column":9},"end":{"line":35,"column":3}}},"3":{"name":"(anonymous_3)","decl":{"start":{"line":40,"column":2},"end":{"line":40,"column":10}},"loc":{"start":{"line":40,"column":10},"end":{"line":42,"column":3}}},"4":{"name":"(anonymous_4)","decl":{"start":{"line":47,"column":2},"end":{"line":47,"column":8}},"loc":{"start":{"line":47,"column":8},"end":{"line":49,"column":3}}},"5":{"name":"(anonymous_5)","decl":{"start":{"line":53,"column":2},"end":{"line":53,"column":11}},"loc":{"start":{"line":53,"column":11},"end":{"line":55,"column":3}}},"6":{"name":"(anonymous_6)","decl":{"start":{"line":59,"column":2},"end":{"line":59,"column":9}},"loc":{"start":{"line":59,"column":9},"end":{"line":61,"column":3}}},"7":{"name":"(anonymous_7)","decl":{"start":{"line":66,"column":2},"end":{"line":66,"column":9}},"loc":{"start":{"line":66,"column":9},"end":{"line":89,"column":3}}},"8":{"name":"(anonymous_8)","decl":{"start":{"line":94,"column":2},"end":{"line":94,"column":14}},"loc":{"start":{"line":94,"column":41},"end":{"line":96,"column":3}}}},"branchMap":{"0":{"loc":{"start":{"line":69,"column":4},"end":{"line":75,"column":5}},"type":"if","locations":[{"start":{"line":69,"column":4},"end":{"line":75,"column":5}}]},"1":{"loc":{"start":{"line":72,"column":6},"end":{"line":74,"column":7}},"type":"if","locations":[{"start":{"line":72,"column":6},"end":{"line":74,"column":7}}]},"2":{"loc":{"start":{"line":77,"column":4},"end":{"line":79,"column":5}},"type":"if","locations":[{"start":{"line":77,"column":4},"end":{"line":79,"column":5}}]},"3":{"loc":{"start":{"line":82,"column":24},"end":{"line":82,"column":54}},"type":"cond-expr","locations":[{"start":{"line":82,"column":38},"end":{"line":82,"column":45}},{"start":{"line":82,"column":48},"end":{"line":82,"column":54}}]},"4":{"loc":{"start":{"line":83,"column":23},"end":{"line":83,"column":63}},"type":"cond-expr","locations":[{"start":{"line":83,"column":39},"end":{"line":83,"column":58}},{"start":{"line":83,"column":61},"end":{"line":83,"column":63}}]},"5":{"loc":{"start":{"line":84,"column":24},"end":{"line":84,"column":66}},"type":"cond-expr","locations":[{"start":{"line":84,"column":41},"end":{"line":84,"column":61}},{"start":{"line":84,"column":64},"end":{"line":84,"column":66}}]},"6":{"loc":{"start":{"line":85,"column":26},"end":{"line":85,"column":72}},"type":"cond-expr","locations":[{"start":{"line":85,"column":45},"end":{"line":85,"column":67}},{"start":{"line":85,"column":70},"end":{"line":85,"column":72}}]}},"s":{"0":0,"1":0,"2":0,"3":0,"4":0,"5":0,"6":0,"7":0,"8":0,"9":0,"10":0,"11":0,"12":0,"13":0,"14":0,"15":0,"16":0,"17":0,"18":0,"19":0,"20":0,"21":0,"22":0,"23":0,"24":0,"25":0,"26":0,"27":0},"f":{"0":0,"1":0,"2":0,"3":0,"4":0,"5":0,"6":0,"7":0,"8":0},"b":{"0":[0],"1":[0],"2":[0],"3":[0,0],"4":[0,0],"5":[0,0],"6":[0,0]}}
,"/Volumes/Development/ln.angularis/projects/core/src/lib/common/group.ts": {"path":"/Volumes/Development/ln.angularis/projects/core/src/lib/common/group.ts","statementMap":{"0":{"start":{"line":1,"column":0},"end":{"line":1,"column":37}},"1":{"start":{"line":2,"column":0},"end":{"line":2,"column":34}},"2":{"start":{"line":7,"column":27},"end":{"line":7,"column":29}},"3":{"start":{"line":13,"column":4},"end":{"line":13,"column":52}},"4":{"start":{"line":19,"column":4},"end":{"line":19,"column":19}},"5":{"start":{"line":20,"column":4},"end":{"line":20,"column":33}},"6":{"start":{"line":6,"column":0},"end":{"line":6,"column":13}},"7":{"start":{"line":27,"column":0},"end":{"line":27,"column":21}}},"fnMap":{"0":{"name":"(anonymous_0)","decl":{"start":{"line":12,"column":2},"end":{"line":12,"column":13}},"loc":{"start":{"line":12,"column":13},"end":{"line":14,"column":3}}},"1":{"name":"(anonymous_1)","decl":{"start":{"line":18,"column":2},"end":{"line":18,"column":14}},"loc":{"start":{"line":18,"column":38},"end":{"line":21,"column":3}}}},"branchMap":{},"s":{"0":0,"1":0,"2":0,"3":0,"4":0,"5":0,"6":0,"7":0},"f":{"0":0,"1":0},"b":{}}
,"/Volumes/Development/ln.angularis/projects/core/src/lib/common/guid.ts": {"path":"/Volumes/Development/ln.angularis/projects/core/src/lib/common/guid.ts","statementMap":{"0":{"start":{"line":2,"column":28},"end":{"line":4,"column":null}},"1":{"start":{"line":7,"column":24},"end":{"line":7,"column":62}},"2":{"start":{"line":10,"column":26},"end":{"line":10,"column":41}},"3":{"start":{"line":11,"column":4},"end":{"line":11,"column":72}},"4":{"start":{"line":15,"column":4},"end":{"line":19,"column":6}},"5":{"start":{"line":23,"column":4},"end":{"line":23,"column":33}},"6":{"start":{"line":27,"column":4},"end":{"line":27,"column":26}},"7":{"start":{"line":31,"column":4},"end":{"line":37,"column":16}},"8":{"start":{"line":41,"column":22},"end":{"line":41,"column":24}},"9":{"start":{"line":42,"column":4},"end":{"line":45,"column":5}},"10":{"start":{"line":42,"column":25},"end":{"line":42,"column":26}},"11":{"start":{"line":44,"column":6},"end":{"line":44,"column":77}},"12":{"start":{"line":46,"column":4},"end":{"line":46,"column":15}},"13":{"start":{"line":52,"column":4},"end":{"line":54,"column":5}},"14":{"start":{"line":53,"column":6},"end":{"line":53,"column":69}},"15":{"start":{"line":56,"column":4},"end":{"line":56,"column":28}},"16":{"start":{"line":58,"column":4},"end":{"line":60,"column":5}},"17":{"start":{"line":59,"column":6},"end":{"line":59,"column":24}},"18":{"start":{"line":66,"column":4},"end":{"line":66,"column":65}},"19":{"start":{"line":70,"column":4},"end":{"line":70,"column":37}},"20":{"start":{"line":74,"column":4},"end":{"line":74,"column":22}},"21":{"start":{"line":78,"column":4},"end":{"line":80,"column":6}},"22":{"start":{"line":1,"column":0},"end":{"line":1,"column":13}}},"fnMap":{"0":{"name":"(anonymous_0)","decl":{"start":{"line":9,"column":9},"end":{"line":9,"column":15}},"loc":{"start":{"line":9,"column":32},"end":{"line":12,"column":3}}},"1":{"name":"(anonymous_1)","decl":{"start":{"line":14,"column":9},"end":{"line":14,"column":15}},"loc":{"start":{"line":14,"column":22},"end":{"line":20,"column":3}}},"2":{"name":"(anonymous_2)","decl":{"start":{"line":22,"column":9},"end":{"line":22,"column":15}},"loc":{"start":{"line":22,"column":27},"end":{"line":24,"column":3}}},"3":{"name":"(anonymous_3)","decl":{"start":{"line":26,"column":9},"end":{"line":26,"column":15}},"loc":{"start":{"line":26,"column":34},"end":{"line":28,"column":3}}},"4":{"name":"(anonymous_4)","decl":{"start":{"line":30,"column":9},"end":{"line":30,"column":15}},"loc":{"start":{"line":30,"column":19},"end":{"line":38,"column":3}}},"5":{"name":"(anonymous_5)","decl":{"start":{"line":40,"column":10},"end":{"line":40,"column":16}},"loc":{"start":{"line":40,"column":34},"end":{"line":47,"column":3}}},"6":{"name":"(anonymous_6)","decl":{"start":{"line":51,"column":2},"end":{"line":51,"column":22}},"loc":{"start":{"line":51,"column":34},"end":{"line":61,"column":3}}},"7":{"name":"(anonymous_7)","decl":{"start":{"line":63,"column":9},"end":{"line":63,"column":15}},"loc":{"start":{"line":63,"column":27},"end":{"line":67,"column":3}}},"8":{"name":"(anonymous_8)","decl":{"start":{"line":69,"column":9},"end":{"line":69,"column":16}},"loc":{"start":{"line":69,"column":16},"end":{"line":71,"column":3}}},"9":{"name":"(anonymous_9)","decl":{"start":{"line":73,"column":9},"end":{"line":73,"column":17}},"loc":{"start":{"line":73,"column":17},"end":{"line":75,"column":3}}},"10":{"name":"(anonymous_10)","decl":{"start":{"line":77,"column":9},"end":{"line":77,"column":15}},"loc":{"start":{"line":77,"column":15},"end":{"line":81,"column":3}}}},"branchMap":{"0":{"loc":{"start":{"line":11,"column":11},"end":{"line":11,"column":71}},"type":"binary-expr","locations":[{"start":{"line":11,"column":11},"end":{"line":11,"column":15}},{"start":{"line":11,"column":20},"end":{"line":11,"column":40}},{"start":{"line":11,"column":44},"end":{"line":11,"column":70}}]},"1":{"loc":{"start":{"line":52,"column":4},"end":{"line":54,"column":5}},"type":"if","locations":[{"start":{"line":52,"column":4},"end":{"line":54,"column":5}}]},"2":{"loc":{"start":{"line":58,"column":4},"end":{"line":60,"column":5}},"type":"if","locations":[{"start":{"line":58,"column":4},"end":{"line":60,"column":5}}]},"3":{"loc":{"start":{"line":58,"column":8},"end":{"line":58,"column":33}},"type":"binary-expr","locations":[{"start":{"line":58,"column":8},"end":{"line":58,"column":12}},{"start":{"line":58,"column":16},"end":{"line":58,"column":33}}]},"4":{"loc":{"start":{"line":66,"column":11},"end":{"line":66,"column":64}},"type":"binary-expr","locations":[{"start":{"line":66,"column":11},"end":{"line":66,"column":29}},{"start":{"line":66,"column":33},"end":{"line":66,"column":64}}]}},"s":{"0":1,"1":1,"2":3,"3":3,"4":3,"5":0,"6":0,"7":0,"8":15,"9":15,"10":15,"11":24,"12":15,"13":3,"14":0,"15":3,"16":3,"17":3,"18":0,"19":0,"20":0,"21":0,"22":1},"f":{"0":3,"1":3,"2":0,"3":0,"4":0,"5":15,"6":3,"7":0,"8":0,"9":0,"10":0},"b":{"0":[3,3,3],"1":[0],"2":[3],"3":[3,3],"4":[0,0]}}
,"/Volumes/Development/ln.angularis/projects/core/src/lib/common/icon.ts": {"path":"/Volumes/Development/ln.angularis/projects/core/src/lib/common/icon.ts","statementMap":{"0":{"start":{"line":1,"column":0},"end":{"line":1,"column":37}},"1":{"start":{"line":2,"column":0},"end":{"line":2,"column":34}},"2":{"start":{"line":7,"column":23},"end":{"line":7,"column":25}},"3":{"start":{"line":8,"column":27},"end":{"line":8,"column":32}},"4":{"start":{"line":9,"column":27},"end":{"line":9,"column":29}},"5":{"start":{"line":16,"column":4},"end":{"line":16,"column":48}},"6":{"start":{"line":23,"column":4},"end":{"line":23,"column":45}},"7":{"start":{"line":30,"column":4},"end":{"line":30,"column":19}},"8":{"start":{"line":31,"column":4},"end":{"line":31,"column":33}},"9":{"start":{"line":6,"column":0},"end":{"line":6,"column":13}},"10":{"start":{"line":38,"column":0},"end":{"line":38,"column":20}}},"fnMap":{"0":{"name":"(anonymous_0)","decl":{"start":{"line":15,"column":2},"end":{"line":15,"column":8}},"loc":{"start":{"line":15,"column":8},"end":{"line":17,"column":3}}},"1":{"name":"(anonymous_1)","decl":{"start":{"line":22,"column":2},"end":{"line":22,"column":14}},"loc":{"start":{"line":22,"column":14},"end":{"line":24,"column":3}}},"2":{"name":"(anonymous_2)","decl":{"start":{"line":29,"column":2},"end":{"line":29,"column":14}},"loc":{"start":{"line":29,"column":40},"end":{"line":32,"column":3}}}},"branchMap":{},"s":{"0":0,"1":0,"2":0,"3":0,"4":0,"5":0,"6":0,"7":0,"8":0,"9":0,"10":0},"f":{"0":0,"1":0,"2":0},"b":{}}
,"/Volumes/Development/ln.angularis/projects/core/src/lib/common/image.ts": {"path":"/Volumes/Development/ln.angularis/projects/core/src/lib/common/image.ts","statementMap":{"0":{"start":{"line":1,"column":0},"end":{"line":1,"column":37}},"1":{"start":{"line":2,"column":0},"end":{"line":2,"column":34}},"2":{"start":{"line":6,"column":24},"end":{"line":6,"column":26}},"3":{"start":{"line":11,"column":4},"end":{"line":11,"column":49}},"4":{"start":{"line":17,"column":4},"end":{"line":17,"column":19}},"5":{"start":{"line":18,"column":4},"end":{"line":18,"column":33}},"6":{"start":{"line":5,"column":0},"end":{"line":5,"column":13}},"7":{"start":{"line":25,"column":0},"end":{"line":25,"column":21}}},"fnMap":{"0":{"name":"(anonymous_0)","decl":{"start":{"line":10,"column":9},"end":{"line":10,"column":17}},"loc":{"start":{"line":10,"column":17},"end":{"line":12,"column":3}}},"1":{"name":"(anonymous_1)","decl":{"start":{"line":16,"column":2},"end":{"line":16,"column":14}},"loc":{"start":{"line":16,"column":38},"end":{"line":19,"column":3}}}},"branchMap":{},"s":{"0":0,"1":0,"2":0,"3":0,"4":0,"5":0,"6":0,"7":0},"f":{"0":0,"1":0},"b":{}}
,"/Volumes/Development/ln.angularis/projects/core/src/lib/common/index.ts": {"path":"/Volumes/Development/ln.angularis/projects/core/src/lib/common/index.ts","statementMap":{"0":{"start":{"line":1,"column":0},"end":{"line":1,"column":25}},"1":{"start":{"line":2,"column":0},"end":{"line":2,"column":23}},"2":{"start":{"line":3,"column":0},"end":{"line":3,"column":27}},"3":{"start":{"line":4,"column":0},"end":{"line":4,"column":27}},"4":{"start":{"line":5,"column":0},"end":{"line":5,"column":24}},"5":{"start":{"line":6,"column":0},"end":{"line":6,"column":26}},"6":{"start":{"line":7,"column":0},"end":{"line":7,"column":24}},"7":{"start":{"line":8,"column":0},"end":{"line":8,"column":27}},"8":{"start":{"line":9,"column":0},"end":{"line":9,"column":24}},"9":{"start":{"line":10,"column":0},"end":{"line":10,"column":23}},"10":{"start":{"line":11,"column":0},"end":{"line":11,"column":23}},"11":{"start":{"line":12,"column":0},"end":{"line":12,"column":24}},"12":{"start":{"line":13,"column":0},"end":{"line":13,"column":23}},"13":{"start":{"line":14,"column":0},"end":{"line":14,"column":27}},"14":{"start":{"line":15,"column":0},"end":{"line":15,"column":23}},"15":{"start":{"line":16,"column":0},"end":{"line":16,"column":23}},"16":{"start":{"line":17,"column":0},"end":{"line":17,"column":23}},"17":{"start":{"line":18,"column":0},"end":{"line":18,"column":24}},"18":{"start":{"line":19,"column":0},"end":{"line":19,"column":24}},"19":{"start":{"line":20,"column":0},"end":{"line":20,"column":23}},"20":{"start":{"line":21,"column":0},"end":{"line":21,"column":23}},"21":{"start":{"line":22,"column":0},"end":{"line":22,"column":25}},"22":{"start":{"line":23,"column":0},"end":{"line":23,"column":26}},"23":{"start":{"line":24,"column":0},"end":{"line":24,"column":26}},"24":{"start":{"line":25,"column":0},"end":{"line":25,"column":22}},"25":{"start":{"line":26,"column":0},"end":{"line":26,"column":23}},"26":{"start":{"line":27,"column":0},"end":{"line":27,"column":24}},"27":{"start":{"line":28,"column":0},"end":{"line":28,"column":26}}},"fnMap":{},"branchMap":{},"s":{"0":0,"1":0,"2":0,"3":0,"4":0,"5":0,"6":0,"7":0,"8":0,"9":0,"10":0,"11":0,"12":0,"13":0,"14":0,"15":0,"16":0,"17":0,"18":0,"19":0,"20":0,"21":0,"22":0,"23":0,"24":0,"25":0,"26":0,"27":0},"f":{},"b":{}}
,"/Volumes/Development/ln.angularis/projects/core/src/lib/common/info.ts": {"path":"/Volumes/Development/ln.angularis/projects/core/src/lib/common/info.ts","statementMap":{"0":{"start":{"line":1,"column":0},"end":{"line":1,"column":37}},"1":{"start":{"line":6,"column":27},"end":{"line":6,"column":46}},"2":{"start":{"line":7,"column":26},"end":{"line":7,"column":44}},"3":{"start":{"line":8,"column":30},"end":{"line":8,"column":39}},"4":{"start":{"line":11,"column":4},"end":{"line":11,"column":33}},"5":{"start":{"line":13,"column":4},"end":{"line":14,"column":63}},"6":{"start":{"line":14,"column":6},"end":{"line":14,"column":63}},"7":{"start":{"line":5,"column":0},"end":{"line":5,"column":13}},"8":{"start":{"line":21,"column":0},"end":{"line":21,"column":20}}},"fnMap":{"0":{"name":"(anonymous_0)","decl":{"start":{"line":10,"column":2},"end":{"line":10,"column":14}},"loc":{"start":{"line":10,"column":37},"end":{"line":15,"column":3}}}},"branchMap":{"0":{"loc":{"start":{"line":13,"column":4},"end":{"line":14,"column":63}},"type":"if","locations":[{"start":{"line":13,"column":4},"end":{"line":14,"column":63}}]}},"s":{"0":0,"1":0,"2":0,"3":0,"4":0,"5":0,"6":0,"7":0,"8":0},"f":{"0":0},"b":{"0":[0]}}
,"/Volumes/Development/ln.angularis/projects/core/src/lib/common/interval.ts": {"path":"/Volumes/Development/ln.angularis/projects/core/src/lib/common/interval.ts","statementMap":{"0":{"start":{"line":12,"column":24},"end":{"line":12,"column":26}},"1":{"start":{"line":13,"column":26},"end":{"line":13,"column":27}},"2":{"start":{"line":14,"column":26},"end":{"line":14,"column":27}},"3":{"start":{"line":17,"column":4},"end":{"line":17,"column":33}},"4":{"start":{"line":11,"column":0},"end":{"line":11,"column":13}},"5":{"start":{"line":24,"column":0},"end":{"line":24,"column":24}}},"fnMap":{"0":{"name":"(anonymous_0)","decl":{"start":{"line":16,"column":2},"end":{"line":16,"column":14}},"loc":{"start":{"line":16,"column":41},"end":{"line":18,"column":3}}}},"branchMap":{},"s":{"0":0,"1":0,"2":0,"3":0,"4":0,"5":0},"f":{"0":0},"b":{}}
,"/Volumes/Development/ln.angularis/projects/core/src/lib/common/item.ts": {"path":"/Volumes/Development/ln.angularis/projects/core/src/lib/common/item.ts","statementMap":{"0":{"start":{"line":1,"column":0},"end":{"line":1,"column":34}},"1":{"start":{"line":8,"column":4},"end":{"line":8,"column":19}},"2":{"start":{"line":3,"column":0},"end":{"line":3,"column":13}},"3":{"start":{"line":14,"column":0},"end":{"line":14,"column":20}}},"fnMap":{"0":{"name":"(anonymous_0)","decl":{"start":{"line":7,"column":2},"end":{"line":7,"column":14}},"loc":{"start":{"line":7,"column":37},"end":{"line":9,"column":3}}}},"branchMap":{},"s":{"0":0,"1":0,"2":0,"3":0},"f":{"0":0},"b":{}}
,"/Volumes/Development/ln.angularis/projects/core/src/lib/common/menu.ts": {"path":"/Volumes/Development/ln.angularis/projects/core/src/lib/common/menu.ts","statementMap":{"0":{"start":{"line":2,"column":0},"end":{"line":2,"column":34}},"1":{"start":{"line":9,"column":4},"end":{"line":9,"column":19}},"2":{"start":{"line":4,"column":0},"end":{"line":4,"column":13}},"3":{"start":{"line":16,"column":0},"end":{"line":16,"column":20}}},"fnMap":{"0":{"name":"(anonymous_0)","decl":{"start":{"line":8,"column":2},"end":{"line":8,"column":14}},"loc":{"start":{"line":8,"column":37},"end":{"line":10,"column":3}}}},"branchMap":{},"s":{"0":0,"1":0,"2":0,"3":0},"f":{"0":0},"b":{}}
,"/Volumes/Development/ln.angularis/projects/core/src/lib/common/name.ts": {"path":"/Volumes/Development/ln.angularis/projects/core/src/lib/common/name.ts","statementMap":{"0":{"start":{"line":1,"column":0},"end":{"line":1,"column":37}},"1":{"start":{"line":2,"column":0},"end":{"line":2,"column":30}},"2":{"start":{"line":7,"column":25},"end":{"line":7,"column":27}},"3":{"start":{"line":8,"column":25},"end":{"line":8,"column":27}},"4":{"start":{"line":9,"column":27},"end":{"line":9,"column":29}},"5":{"start":{"line":10,"column":24},"end":{"line":10,"column":26}},"6":{"start":{"line":16,"column":4},"end":{"line":16,"column":24}},"7":{"start":{"line":23,"column":4},"end":{"line":26,"column":5}},"8":{"start":{"line":24,"column":6},"end":{"line":24,"column":31}},"9":{"start":{"line":25,"column":6},"end":{"line":25,"column":38}},"10":{"start":{"line":25,"column":26},"end":{"line":25,"column":38}},"11":{"start":{"line":27,"column":4},"end":{"line":27,"column":21}},"12":{"start":{"line":34,"column":4},"end":{"line":34,"column":19}},"13":{"start":{"line":35,"column":4},"end":{"line":35,"column":33}},"14":{"start":{"line":6,"column":0},"end":{"line":6,"column":13}},"15":{"start":{"line":42,"column":0},"end":{"line":42,"column":20}}},"fnMap":{"0":{"name":"(anonymous_0)","decl":{"start":{"line":15,"column":2},"end":{"line":15,"column":6}},"loc":{"start":{"line":15,"column":12},"end":{"line":17,"column":3}}},"1":{"name":"(anonymous_1)","decl":{"start":{"line":22,"column":2},"end":{"line":22,"column":6}},"loc":{"start":{"line":22,"column":14},"end":{"line":28,"column":3}}},"2":{"name":"(anonymous_2)","decl":{"start":{"line":33,"column":2},"end":{"line":33,"column":14}},"loc":{"start":{"line":33,"column":37},"end":{"line":36,"column":3}}}},"branchMap":{"0":{"loc":{"start":{"line":23,"column":4},"end":{"line":26,"column":5}},"type":"if","locations":[{"start":{"line":23,"column":4},"end":{"line":26,"column":5}}]},"1":{"loc":{"start":{"line":25,"column":6},"end":{"line":25,"column":38}},"type":"if","locations":[{"start":{"line":25,"column":6},"end":{"line":25,"column":38}}]}},"s":{"0":0,"1":0,"2":0,"3":0,"4":0,"5":0,"6":0,"7":0,"8":0,"9":0,"10":0,"11":0,"12":0,"13":0,"14":0,"15":0},"f":{"0":0,"1":0,"2":0},"b":{"0":[0],"1":[0]}}
,"/Volumes/Development/ln.angularis/projects/core/src/lib/common/phone.ts": {"path":"/Volumes/Development/ln.angularis/projects/core/src/lib/common/phone.ts","statementMap":{"0":{"start":{"line":3,"column":0},"end":{"line":3,"column":30}},"1":{"start":{"line":8,"column":27},"end":{"line":8,"column":36}},"2":{"start":{"line":14,"column":4},"end":{"line":14,"column":19}},"3":{"start":{"line":15,"column":4},"end":{"line":15,"column":33}},"4":{"start":{"line":7,"column":0},"end":{"line":7,"column":13}},"5":{"start":{"line":22,"column":0},"end":{"line":22,"column":21}}},"fnMap":{"0":{"name":"(anonymous_0)","decl":{"start":{"line":13,"column":2},"end":{"line":13,"column":14}},"loc":{"start":{"line":13,"column":38},"end":{"line":16,"column":3}}}},"branchMap":{},"s":{"0":0,"1":0,"2":0,"3":0,"4":0,"5":0},"f":{"0":0},"b":{}}
,"/Volumes/Development/ln.angularis/projects/core/src/lib/common/point.ts": {"path":"/Volumes/Development/ln.angularis/projects/core/src/lib/common/point.ts","statementMap":{"0":{"start":{"line":6,"column":22},"end":{"line":6,"column":23}},"1":{"start":{"line":7,"column":22},"end":{"line":7,"column":23}},"2":{"start":{"line":10,"column":4},"end":{"line":10,"column":19}},"3":{"start":{"line":14,"column":4},"end":{"line":14,"column":16}},"4":{"start":{"line":18,"column":4},"end":{"line":18,"column":19}},"5":{"start":{"line":22,"column":4},"end":{"line":22,"column":16}},"6":{"start":{"line":26,"column":4},"end":{"line":26,"column":38}},"7":{"start":{"line":34,"column":4},"end":{"line":34,"column":33}},"8":{"start":{"line":5,"column":0},"end":{"line":5,"column":13}},"9":{"start":{"line":41,"column":0},"end":{"line":41,"column":21}}},"fnMap":{"0":{"name":"(anonymous_0)","decl":{"start":{"line":9,"column":2},"end":{"line":9,"column":6}},"loc":{"start":{"line":9,"column":7},"end":{"line":11,"column":3}}},"1":{"name":"(anonymous_1)","decl":{"start":{"line":13,"column":2},"end":{"line":13,"column":6}},"loc":{"start":{"line":13,"column":9},"end":{"line":15,"column":3}}},"2":{"name":"(anonymous_2)","decl":{"start":{"line":17,"column":2},"end":{"line":17,"column":6}},"loc":{"start":{"line":17,"column":7},"end":{"line":19,"column":3}}},"3":{"name":"(anonymous_3)","decl":{"start":{"line":21,"column":2},"end":{"line":21,"column":6}},"loc":{"start":{"line":21,"column":9},"end":{"line":23,"column":3}}},"4":{"name":"(anonymous_4)","decl":{"start":{"line":25,"column":2},"end":{"line":25,"column":10}},"loc":{"start":{"line":25,"column":10},"end":{"line":27,"column":3}}},"5":{"name":"(anonymous_5)","decl":{"start":{"line":33,"column":2},"end":{"line":33,"column":14}},"loc":{"start":{"line":33,"column":38},"end":{"line":35,"column":3}}}},"branchMap":{},"s":{"0":0,"1":0,"2":0,"3":0,"4":0,"5":0,"6":0,"7":0,"8":0,"9":0},"f":{"0":0,"1":0,"2":0,"3":0,"4":0,"5":0},"b":{}}
,"/Volumes/Development/ln.angularis/projects/core/src/lib/common/range.ts": {"path":"/Volumes/Development/ln.angularis/projects/core/src/lib/common/range.ts","statementMap":{"0":{"start":{"line":1,"column":0},"end":{"line":1,"column":37}},"1":{"start":{"line":2,"column":0},"end":{"line":2,"column":37}},"2":{"start":{"line":18,"column":29},"end":{"line":18,"column":33}},"3":{"start":{"line":19,"column":25},"end":{"line":19,"column":26}},"4":{"start":{"line":20,"column":23},"end":{"line":20,"column":24}},"5":{"start":{"line":21,"column":29},"end":{"line":21,"column":30}},"6":{"start":{"line":27,"column":4},"end":{"line":27,"column":73}},"7":{"start":{"line":34,"column":4},"end":{"line":34,"column":69}},"8":{"start":{"line":41,"column":4},"end":{"line":41,"column":44}},"9":{"start":{"line":49,"column":30},"end":{"line":49,"column":41}},"10":{"start":{"line":50,"column":4},"end":{"line":52,"column":5}},"11":{"start":{"line":50,"column":17},"end":{"line":50,"column":27}},"12":{"start":{"line":51,"column":6},"end":{"line":51,"column":19}},"13":{"start":{"line":53,"column":4},"end":{"line":53,"column":16}},"14":{"start":{"line":61,"column":4},"end":{"line":63,"column":5}},"15":{"start":{"line":62,"column":6},"end":{"line":62,"column":54}},"16":{"start":{"line":64,"column":4},"end":{"line":64,"column":17}},"17":{"start":{"line":72,"column":4},"end":{"line":72,"column":19}},"18":{"start":{"line":73,"column":4},"end":{"line":73,"column":33}},"19":{"start":{"line":17,"column":0},"end":{"line":17,"column":13}},"20":{"start":{"line":80,"column":0},"end":{"line":80,"column":21}}},"fnMap":{"0":{"name":"(anonymous_0)","decl":{"start":{"line":26,"column":9},"end":{"line":26,"column":17}},"loc":{"start":{"line":26,"column":17},"end":{"line":28,"column":3}}},"1":{"name":"(anonymous_1)","decl":{"start":{"line":33,"column":9},"end":{"line":33,"column":15}},"loc":{"start":{"line":33,"column":15},"end":{"line":35,"column":3}}},"2":{"name":"(anonymous_2)","decl":{"start":{"line":40,"column":9},"end":{"line":40,"column":18}},"loc":{"start":{"line":40,"column":18},"end":{"line":42,"column":3}}},"3":{"name":"(anonymous_3)","decl":{"start":{"line":48,"column":2},"end":{"line":48,"column":9}},"loc":{"start":{"line":48,"column":9},"end":{"line":54,"column":3}}},"4":{"name":"(anonymous_4)","decl":{"start":{"line":60,"column":2},"end":{"line":60,"column":11}},"loc":{"start":{"line":60,"column":25},"end":{"line":65,"column":3}}},"5":{"name":"(anonymous_5)","decl":{"start":{"line":71,"column":2},"end":{"line":71,"column":14}},"loc":{"start":{"line":71,"column":38},"end":{"line":74,"column":3}}}},"branchMap":{"0":{"loc":{"start":{"line":27,"column":11},"end":{"line":27,"column":72}},"type":"binary-expr","locations":[{"start":{"line":27,"column":11},"end":{"line":27,"column":40}},{"start":{"line":27,"column":44},"end":{"line":27,"column":72}}]},"1":{"loc":{"start":{"line":34,"column":11},"end":{"line":34,"column":68}},"type":"binary-expr","locations":[{"start":{"line":34,"column":11},"end":{"line":34,"column":38}},{"start":{"line":34,"column":42},"end":{"line":34,"column":68}}]},"2":{"loc":{"start":{"line":41,"column":11},"end":{"line":41,"column":43}},"type":"binary-expr","locations":[{"start":{"line":41,"column":11},"end":{"line":41,"column":26}},{"start":{"line":41,"column":30},"end":{"line":41,"column":43}}]},"3":{"loc":{"start":{"line":61,"column":4},"end":{"line":63,"column":5}},"type":"if","locations":[{"start":{"line":61,"column":4},"end":{"line":63,"column":5}}]},"4":{"loc":{"start":{"line":62,"column":13},"end":{"line":62,"column":53}},"type":"binary-expr","locations":[{"start":{"line":62,"column":13},"end":{"line":62,"column":32}},{"start":{"line":62,"column":36},"end":{"line":62,"column":53}}]}},"s":{"0":0,"1":0,"2":0,"3":0,"4":0,"5":0,"6":0,"7":0,"8":0,"9":0,"10":0,"11":0,"12":0,"13":0,"14":0,"15":0,"16":0,"17":0,"18":0,"19":0,"20":0},"f":{"0":0,"1":0,"2":0,"3":0,"4":0,"5":0},"b":{"0":[0,0],"1":[0,0],"2":[0,0],"3":[0],"4":[0,0]}}
,"/Volumes/Development/ln.angularis/projects/core/src/lib/common/role.ts": {"path":"/Volumes/Development/ln.angularis/projects/core/src/lib/common/role.ts","statementMap":{"0":{"start":{"line":2,"column":0},"end":{"line":2,"column":30}},"1":{"start":{"line":13,"column":4},"end":{"line":13,"column":19}},"2":{"start":{"line":7,"column":0},"end":{"line":7,"column":13}},"3":{"start":{"line":20,"column":0},"end":{"line":20,"column":20}}},"fnMap":{"0":{"name":"(anonymous_0)","decl":{"start":{"line":12,"column":2},"end":{"line":12,"column":14}},"loc":{"start":{"line":12,"column":37},"end":{"line":14,"column":3}}}},"branchMap":{},"s":{"0":0,"1":0,"2":0,"3":0},"f":{"0":0},"b":{}}
,"/Volumes/Development/ln.angularis/projects/core/src/lib/common/sort.ts": {"path":"/Volumes/Development/ln.angularis/projects/core/src/lib/common/sort.ts","statementMap":{"0":{"start":{"line":5,"column":29},"end":{"line":5,"column":30}},"1":{"start":{"line":10,"column":4},"end":{"line":10,"column":51}},"2":{"start":{"line":18,"column":4},"end":{"line":18,"column":32}},"3":{"start":{"line":26,"column":4},"end":{"line":26,"column":33}},"4":{"start":{"line":33,"column":4},"end":{"line":33,"column":33}},"5":{"start":{"line":4,"column":0},"end":{"line":4,"column":13}},"6":{"start":{"line":40,"column":0},"end":{"line":40,"column":20}}},"fnMap":{"0":{"name":"(anonymous_0)","decl":{"start":{"line":9,"column":2},"end":{"line":9,"column":8}},"loc":{"start":{"line":9,"column":8},"end":{"line":11,"column":3}}},"1":{"name":"(anonymous_1)","decl":{"start":{"line":17,"column":2},"end":{"line":17,"column":13}},"loc":{"start":{"line":17,"column":13},"end":{"line":19,"column":3}}},"2":{"name":"(anonymous_2)","decl":{"start":{"line":25,"column":2},"end":{"line":25,"column":14}},"loc":{"start":{"line":25,"column":14},"end":{"line":27,"column":3}}},"3":{"name":"(anonymous_3)","decl":{"start":{"line":32,"column":2},"end":{"line":32,"column":14}},"loc":{"start":{"line":32,"column":37},"end":{"line":34,"column":3}}}},"branchMap":{"0":{"loc":{"start":{"line":10,"column":21},"end":{"line":10,"column":50}},"type":"cond-expr","locations":[{"start":{"line":10,"column":44},"end":{"line":10,"column":46}},{"start":{"line":10,"column":49},"end":{"line":10,"column":50}}]}},"s":{"0":0,"1":0,"2":0,"3":0,"4":0,"5":0,"6":0},"f":{"0":0,"1":0,"2":0,"3":0},"b":{"0":[0,0]}}
[...]
":{"line":151,"column":4},"end":{"line":151,"column":78}},"type":"binary-expr","locations":[{"start":{"line":151,"column":4},"end":{"line":151,"column":24}},{"start":{"line":151,"column":28},"end":{"line":151,"column":52}},{"start":{"line":151,"column":56},"end":{"line":151,"column":78}}]},"24":{"loc":{"start":{"line":158,"column":24},"end":{"line":158,"column":41}},"type":"default-arg","locations":[{"start":{"line":158,"column":31},"end":{"line":158,"column":41}}]},"25":{"loc":{"start":{"line":159,"column":2},"end":{"line":159,"column":33}},"type":"if","locations":[{"start":{"line":159,"column":2},"end":{"line":159,"column":33}}]},"26":{"loc":{"start":{"line":174,"column":16},"end":{"line":174,"column":34}},"type":"cond-expr","locations":[{"start":{"line":174,"column":24},"end":{"line":174,"column":29}},{"start":{"line":174,"column":32},"end":{"line":174,"column":34}}]},"27":{"loc":{"start":{"line":175,"column":15},"end":{"line":175,"column":32}},"type":"cond-expr","locations":[{"start":{"line":175,"column":23},"end":{"line":175,"column":24}},{"start":{"line":175,"column":27},"end":{"line":175,"column":32}}]},"28":{"loc":{"start":{"line":186,"column":16},"end":{"line":186,"column":34}},"type":"cond-expr","locations":[{"start":{"line":186,"column":25},"end":{"line":186,"column":30}},{"start":{"line":186,"column":33},"end":{"line":186,"column":34}}]},"29":{"loc":{"start":{"line":187,"column":15},"end":{"line":187,"column":33}},"type":"cond-expr","locations":[{"start":{"line":187,"column":24},"end":{"line":187,"column":25}},{"start":{"line":187,"column":28},"end":{"line":187,"column":33}}]}},"s":{"0":1,"1":1,"2":1,"3":1,"4":1,"5":1,"6":1,"7":1,"8":1,"9":1,"10":1,"11":1,"12":1,"13":0,"14":0,"15":0,"16":0,"17":0,"18":0,"19":0,"20":0,"21":0,"22":0,"23":0,"24":0,"25":0,"26":0,"27":0,"28":0,"29":0,"30":0,"31":0,"32":0,"33":0,"34":0,"35":0,"36":0,"37":1,"38":0,"39":0,"40":0,"41":0,"42":0,"43":0,"44":0,"45":1,"46":1,"47":0,"48":0,"49":0,"50":0,"51":0,"52":0,"53":0,"54":0,"55":0,"56":1,"57":1,"58":0,"59":0,"60":0,"61":1,"62":0,"63":0,"64":0,"65":0,"66":0,"67":0,"68":1},"f":{"0":0,"1":0,"2":0,"3":0,"4":0,"5":0,"6":0,"7":0,"8":0,"9":0,"10":0,"11":0,"12":0,"13":0,"14":0},"b":{"0":[0,0],"1":[0,0],"2":[0],"3":[0],"4":[0],"5":[0,0,0,0,0,0],"6":[0,0],"7":[0,0],"8":[0],"9":[0],"10":[0,0],"11":[0],"12":[0],"13":[0,0],"14":[0,0],"15":[0,0],"16":[0],"17":[0],"18":[0],"19":[0],"20":[0,0],"21":[0],"22":[0],"23":[0,0,0],"24":[0],"25":[0],"26":[0,0],"27":[0,0],"28":[0,0],"29":[0,0]}}
,"/Volumes/Development/ln.angularis/projects/core/src/lib/library/datetime/index.ts": {"path":"/Volumes/Development/ln.angularis/projects/core/src/lib/library/datetime/index.ts","statementMap":{"0":{"start":{"line":1,"column":0},"end":{"line":1,"column":27}}},"fnMap":{},"branchMap":{},"s":{"0":1},"f":{},"b":{}}
,"/Volumes/Development/ln.angularis/projects/core/src/lib/system/dictionary.ts": {"path":"/Volumes/Development/ln.angularis/projects/core/src/lib/system/dictionary.ts","statementMap":{"0":{"start":{"line":1,"column":0},"end":{"line":1,"column":37}},"1":{"start":{"line":2,"column":0},"end":{"line":2,"column":33}},"2":{"start":{"line":12,"column":35},"end":{"line":12,"column":37}},"3":{"start":{"line":18,"column":4},"end":{"line":18,"column":21}},"4":{"start":{"line":25,"column":4},"end":{"line":25,"column":36}},"5":{"start":{"line":32,"column":4},"end":{"line":32,"column":23}},"6":{"start":{"line":41,"column":4},"end":{"line":43,"column":5}},"7":{"start":{"line":42,"column":6},"end":{"line":42,"column":31}},"8":{"start":{"line":51,"column":4},"end":{"line":54,"column":5}},"9":{"start":{"line":52,"column":6},"end":{"line":52,"column":30}},"10":{"start":{"line":53,"column":6},"end":{"line":53,"column":18}},"11":{"start":{"line":56,"column":4},"end":{"line":56,"column":17}},"12":{"start":{"line":65,"column":4},"end":{"line":65,"column":51}},"13":{"start":{"line":73,"column":4},"end":{"line":73,"column":30}},"14":{"start":{"line":74,"column":4},"end":{"line":75,"column":5}},"15":{"start":{"line":10,"column":0},"end":{"line":10,"column":13}}},"fnMap":{"0":{"name":"(anonymous_0)","decl":{"start":{"line":17,"column":2},"end":{"line":17,"column":13}},"loc":{"start":{"line":17,"column":16},"end":{"line":19,"column":3}}},"1":{"name":"(anonymous_1)","decl":{"start":{"line":24,"column":2},"end":{"line":24,"column":6}},"loc":{"start":{"line":24,"column":6},"end":{"line":26,"column":3}}},"2":{"name":"(anonymous_2)","decl":{"start":{"line":31,"column":2},"end":{"line":31,"column":8}},"loc":{"start":{"line":31,"column":8},"end":{"line":33,"column":3}}},"3":{"name":"(anonymous_3)","decl":{"start":{"line":40,"column":2},"end":{"line":40,"column":5}},"loc":{"start":{"line":40,"column":27},"end":{"line":44,"column":3}}},"4":{"name":"(anonymous_4)","decl":{"start":{"line":50,"column":2},"end":{"line":50,"column":8}},"loc":{"start":{"line":50,"column":20},"end":{"line":57,"column":3}}},"5":{"name":"(anonymous_5)","decl":{"start":{"line":64,"column":2},"end":{"line":64,"column":13}},"loc":{"start":{"line":64,"column":25},"end":{"line":66,"column":3}}},"6":{"name":"(anonymous_6)","decl":{"start":{"line":72,"column":2},"end":{"line":72,"column":14}},"loc":{"start":{"line":72,"column":54},"end":{"line":76,"column":3}}}},"branchMap":{"0":{"loc":{"start":{"line":41,"column":4},"end":{"line":43,"column":5}},"type":"if","locations":[{"start":{"line":41,"column":4},"end":{"line":43,"column":5}}]},"1":{"loc":{"start":{"line":41,"column":8},"end":{"line":41,"column":76}},"type":"binary-expr","locations":[{"start":{"line":41,"column":8},"end":{"line":41,"column":39}},{"start":{"line":41,"column":43},"end":{"line":41,"column":76}}]},"2":{"loc":{"start":{"line":51,"column":4},"end":{"line":54,"column":5}},"type":"if","locations":[{"start":{"line":51,"column":4},"end":{"line":54,"column":5}}]},"3":{"loc":{"start":{"line":74,"column":4},"end":{"line":75,"column":5}},"type":"if","locations":[{"start":{"line":74,"column":4},"end":{"line":75,"column":5}}]}},"s":{"0":0,"1":0,"2":0,"3":0,"4":0,"5":0,"6":0,"7":0,"8":0,"9":0,"10":0,"11":0,"12":0,"13":0,"14":0,"15":0},"f":{"0":0,"1":0,"2":0,"3":0,"4":0,"5":0,"6":0},"b":{"0":[0],"1":[0,0],"2":[0],"3":[0]}}
,"/Volumes/Development/ln.angularis/projects/core/src/lib/system/index.ts": {"path":"/Volumes/Development/ln.angularis/projects/core/src/lib/system/index.ts","statementMap":{"0":{"start":{"line":1,"column":0},"end":{"line":1,"column":29}},"1":{"start":{"line":2,"column":0},"end":{"line":2,"column":23}}},"fnMap":{},"branchMap":{},"s":{"0":0,"1":0},"f":{},"b":{}}
,"/Volumes/Development/ln.angularis/projects/core/src/lib/system/node.ts": {"path":"/Volumes/Development/ln.angularis/projects/core/src/lib/system/node.ts","statementMap":{"0":{"start":{"line":10,"column":0},"end":{"line":10,"column":16}},"1":{"start":{"line":1,"column":0},"end":{"line":1,"column":37}},"2":{"start":{"line":2,"column":0},"end":{"line":2,"column":44}},"3":{"start":{"line":11,"column":2},"end":{"line":13,"column":4}},"4":{"start":{"line":21,"column":29},"end":{"line":21,"column":34}},"5":{"start":{"line":23,"column":33},"end":{"line":23,"column":35}},"6":{"start":{"line":31,"column":30},"end":{"line":31,"column":39}},"7":{"start":{"line":32,"column":4},"end":{"line":43,"column":5}},"8":{"start":{"line":33,"column":6},"end":{"line":42,"column":7}},"9":{"start":{"line":34,"column":8},"end":{"line":34,"column":20}},"10":{"start":{"line":36,"column":8},"end":{"line":41,"column":9}},"11":{"start":{"line":36,"column":21},"end":{"line":36,"column":22}},"12":{"start":{"line":37,"column":10},"end":{"line":37,"column":54}},"13":{"start":{"line":38,"column":10},"end":{"line":40,"column":11}},"14":{"start":{"line":39,"column":12},"end":{"line":39,"column":18}},"15":{"start":{"line":44,"column":4},"end":{"line":44,"column":13}},"16":{"start":{"line":53,"column":4},"end":{"line":53,"column":38}},"17":{"start":{"line":62,"column":4},"end":{"line":72,"column":5}},"18":{"start":{"line":63,"column":6},"end":{"line":65,"column":7}},"19":{"start":{"line":64,"column":8},"end":{"line":64,"column":23}},"20":{"start":{"line":67,"column":6},"end":{"line":71,"column":7}},"21":{"start":{"line":68,"column":8},"end":{"line":70,"column":9}},"22":{"start":{"line":68,"column":21},"end":{"line":68,"column":22}},"23":{"start":{"line":69,"column":10},"end":{"line":69,"column":52}},"24":{"start":{"line":82,"column":4},"end":{"line":111,"column":5}},"25":{"start":{"line":86,"column":6},"end":{"line":110,"column":7}},"26":{"start":{"line":90,"column":8},"end":{"line":99,"column":9}},"27":{"start":{"line":94,"column":10},"end":{"line":94,"column":37}},"28":{"start":{"line":101,"column":8},"end":{"line":101,"column":20}},"29":{"start":{"line":103,"column":8},"end":{"line":109,"column":9}},"30":{"start":{"line":104,"column":10},"end":{"line":108,"column":11}},"31":{"start":{"line":104,"column":23},"end":{"line":104,"column":24}},"32":{"start":{"line":105,"column":12},"end":{"line":107,"column":13}},"33":{"start":{"line":106,"column":14},"end":{"line":106,"column":20}},"34":{"start":{"line":113,"column":4},"end":{"line":113,"column":17}},"35":{"start":{"line":124,"column":4},"end":{"line":136,"column":5}},"36":{"start":{"line":125,"column":6},"end":{"line":135,"column":7}},"37":{"start":{"line":126,"column":8},"end":{"line":126,"column":42}},"38":{"start":{"line":128,"column":8},"end":{"line":134,"column":9}},"39":{"start":{"line":129,"column":10},"end":{"line":133,"column":11}},"40":{"start":{"line":129,"column":23},"end":{"line":129,"column":24}},"41":{"start":{"line":130,"column":12},"end":{"line":132,"column":13}},"42":{"start":{"line":131,"column":14},"end":{"line":131,"column":20}},"43":{"start":{"line":138,"column":4},"end":{"line":138,"column":17}},"44":{"start":{"line":148,"column":4},"end":{"line":156,"column":5}},"45":{"start":{"line":149,"column":6},"end":{"line":149,"column":32}},"46":{"start":{"line":150,"column":6},"end":{"line":150,"column":36}},"47":{"start":{"line":151,"column":6},"end":{"line":151,"column":28}},"48":{"start":{"line":152,"column":6},"end":{"line":152,"column":34}},"49":{"start":{"line":153,"column":6},"end":{"line":153,"column":36}},"50":{"start":{"line":154,"column":6},"end":{"line":154,"column":40}},"51":{"start":{"line":155,"column":6},"end":{"line":155,"column":34}},"52":{"start":{"line":167,"column":4},"end":{"line":192,"column":5}},"53":{"start":{"line":172,"column":19},"end":{"line":174,"column":8}},"54":{"start":{"line":173,"column":8},"end":{"line":173,"column":50}},"55":{"start":{"line":179,"column":6},"end":{"line":189,"column":7}},"56":{"start":{"line":180,"column":8},"end":{"line":180,"column":33}},"57":{"start":{"line":191,"column":6},"end":{"line":191,"column":18}},"58":{"start":{"line":194,"column":4},"end":{"line":194,"column":17}},"59":{"start":{"line":202,"column":4},"end":{"line":210,"column":5}},"60":{"start":{"line":203,"column":6},"end":{"line":209,"column":7}},"61":{"start":{"line":204,"column":8},"end":{"line":208,"column":9}},"62":{"start":{"line":204,"column":21},"end":{"line":204,"column":45}},"63":{"start":{"line":205,"column":10},"end":{"line":205,"column":49}},"64":{"start":{"line":217,"column":4},"end":{"line":217,"column":19}},"65":{"start":{"line":218,"column":4},"end":{"line":218,"column":61}},"66":{"start":{"line":219,"column":4},"end":{"line":219,"column":54}},"67":{"start":{"line":220,"column":4},"end":{"line":220,"column":23}},"68":{"start":{"line":20,"column":0},"end":{"line":20,"column":13}}},"fnMap":{"0":{"name":"Print","decl":{"start":{"line":10,"column":16},"end":{"line":10,"column":21}},"loc":{"start":{"line":10,"column":32},"end":{"line":14,"column":1}}},"1":{"name":"(anonymous_1)","decl":{"start":{"line":30,"column":9},"end":{"line":30,"column":13}},"loc":{"start":{"line":30,"column":53},"end":{"line":45,"column":3}}},"2":{"name":"(anonymous_2)","decl":{"start":{"line":52,"column":9},"end":{"line":52,"column":14}},"loc":{"start":{"line":52,"column":57},"end":{"line":54,"column":3}}},"3":{"name":"(anonymous_3)","decl":{"start":{"line":61,"column":9},"end":{"line":61,"column":17}},"loc":{"start":{"line":61,"column":55},"end":{"line":73,"column":3}}},"4":{"name":"(anonymous_4)","decl":{"start":{"line":81,"column":9},"end":{"line":81,"column":15}},"loc":{"start":{"line":81,"column":45},"end":{"line":114,"column":3}}},"5":{"name":"(anonymous_5)","decl":{"start":{"line":123,"column":9},"end":{"line":123,"column":12}},"loc":{"start":{"line":123,"column":42},"end":{"line":139,"column":3}}},"6":{"name":"(anonymous_6)","decl":{"start":{"line":147,"column":2},"end":{"line":147,"column":9}},"loc":{"start":{"line":147,"column":44},"end":{"line":157,"column":3}}},"7":{"name":"(anonymous_7)","decl":{"start":{"line":166,"column":10},"end":{"line":166,"column":19}},"loc":{"start":{"line":166,"column":49},"end":{"line":195,"column":3}}},"8":{"name":"(anonymous_8)","decl":{"start":{"line":172,"column":38},"end":{"line":172,"column":39}},"loc":{"start":{"line":172,"column":50},"end":{"line":174,"column":7}}},"9":{"name":"(anonymous_9)","decl":{"start":{"line":201,"column":10},"end":{"line":201,"column":25}},"loc":{"start":{"line":201,"column":36},"end":{"line":211,"column":3}}},"10":{"name":"(anonymous_10)","decl":{"start":{"line":216,"column":2},"end":{"line":216,"column":14}},"loc":{"start":{"line":216,"column":37},"end":{"line":221,"column":3}}}},"branchMap":{"0":{"loc":{"start":{"line":30,"column":36},"end":{"line":30,"column":53}},"type":"default-arg","locations":[{"start":{"line":30,"column":49},"end":{"line":30,"column":53}}]},"1":{"loc":{"start":{"line":32,"column":4},"end":{"line":43,"column":5}},"type":"if","locations":[{"start":{"line":32,"column":4},"end":{"line":43,"column":5}}]},"2":{"loc":{"start":{"line":33,"column":6},"end":{"line":42,"column":7}},"type":"if","locations":[{"start":{"line":33,"column":6},"end":{"line":42,"column":7}},{"start":{"line":35,"column":13},"end":{"line":42,"column":7}}]},"3":{"loc":{"start":{"line":36,"column":24},"end":{"line":36,"column":69}},"type":"binary-expr","locations":[{"start":{"line":36,"column":24},"end":{"line":36,"column":48}},{"start":{"line":36,"column":52},"end":{"line":36,"column":69}}]},"4":{"loc":{"start":{"line":38,"column":10},"end":{"line":40,"column":11}},"type":"if","locations":[{"start":{"line":38,"column":10},"end":{"line":40,"column":11}}]},"5":{"loc":{"start":{"line":52,"column":15},"end":{"line":52,"column":38}},"type":"default-arg","locations":[{"start":{"line":52,"column":33},"end":{"line":52,"column":38}}]},"6":{"loc":{"start":{"line":52,"column":40},"end":{"line":52,"column":57}},"type":"default-arg","locations":[{"start":{"line":52,"column":53},"end":{"line":52,"column":57}}]},"7":{"loc":{"start":{"line":61,"column":38},"end":{"line":61,"column":55}},"type":"default-arg","locations":[{"start":{"line":61,"column":51},"end":{"line":61,"column":55}}]},"8":{"loc":{"start":{"line":62,"column":4},"end":{"line":72,"column":5}},"type":"if","locations":[{"start":{"line":62,"column":4},"end":{"line":72,"column":5}}]},"9":{"loc":{"start":{"line":63,"column":6},"end":{"line":65,"column":7}},"type":"if","locations":[{"start":{"line":63,"column":6},"end":{"line":65,"column":7}}]},"10":{"loc":{"start":{"line":67,"column":6},"end":{"line":71,"column":7}},"type":"if","locations":[{"start":{"line":67,"column":6},"end":{"line":71,"column":7}}]},"11":{"loc":{"start":{"line":81,"column":28},"end":{"line":81,"column":45}},"type":"default-arg","locations":[{"start":{"line":81,"column":41},"end":{"line":81,"column":45}}]},"12":{"loc":{"start":{"line":82,"column":4},"end":{"line":111,"column":5}},"type":"if","locations":[{"start":{"line":82,"column":4},"end":{"line":111,"column":5}}]},"13":{"loc":{"start":{"line":86,"column":6},"end":{"line":110,"column":7}},"type":"if","locations":[{"start":{"line":86,"column":6},"end":{"line":110,"column":7}},{"start":{"line":102,"column":13},"end":{"line":110,"column":7}}]},"14":{"loc":{"start":{"line":86,"column":10},"end":{"line":86,"column":74}},"type":"binary-expr","locations":[{"start":{"line":86,"column":10},"end":{"line":86,"column":36}},{"start":{"line":86,"column":40},"end":{"line":86,"column":74}}]},"15":{"loc":{"start":{"line":90,"column":8},"end":{"line":99,"column":9}},"type":"if","locations":[{"start":{"line":90,"column":8},"end":{"line":99,"column":9}}]},"16":{"loc":{"start":{"line":103,"column":8},"end":{"line":109,"column":9}},"type":"if","locations":[{"start":{"line":103,"column":8},"end":{"line":109,"column":9}}]},"17":{"loc":{"start":{"line":105,"column":12},"end":{"line":107,"column":13}},"type":"if","locations":[{"start":{"line":105,"column":12},"end":{"line":107,"column":13}}]},"18":{"loc":{"start":{"line":123,"column":25},"end":{"line":123,"column":42}},"type":"default-arg","locations":[{"start":{"line":123,"column":38},"end":{"line":123,"column":42}}]},"19":{"loc":{"start":{"line":124,"column":4},"end":{"line":136,"column":5}},"type":"if","locations":[{"start":{"line":124,"column":4},"end":{"line":136,"column":5}}]},"20":{"loc":{"start":{"line":125,"column":6},"end":{"line":135,"column":7}},"type":"if","locations":[{"start":{"line":125,"column":6},"end":{"line":135,"column":7}},{"start":{"line":127,"column":13},"end":{"line":135,"column":7}}]},"21":{"loc":{"start":{"line":128,"column":8},"end":{"line":134,"column":9}},"type":"if","locations":[{"start":{"line":128,"column":8},"end":{"line":134,"column":9}}]},"22":{"loc":{"start":{"line":130,"column":12},"end":{"line":132,"column":13}},"type":"if","locations":[{"start":{"line":130,"column":12},"end":{"line":132,"column":13}}]},"23":{"loc":{"start":{"line":148,"column":4},"end":{"line":156,"column":5}},"type":"if","locations":[{"start":{"line":148,"column":4},"end":{"line":156,"column":5}}]},"24":{"loc":{"start":{"line":166,"column":32},"end":{"line":166,"column":49}},"type":"default-arg","locations":[{"start":{"line":166,"column":45},"end":{"line":166,"column":49}}]},"25":{"loc":{"start":{"line":167,"column":4},"end":{"line":192,"column":5}},"type":"if","locations":[{"start":{"line":167,"column":4},"end":{"line":192,"column":5}}]},"26":{"loc":{"start":{"line":167,"column":8},"end":{"line":167,"column":58}},"type":"binary-expr","locations":[{"start":{"line":167,"column":8},"end":{"line":167,"column":31}},{"start":{"line":167,"column":35},"end":{"line":167,"column":58}}]},"27":{"loc":{"start":{"line":173,"column":15},"end":{"line":173,"column":49}},"type":"cond-expr","locations":[{"start":{"line":173,"column":36},"end":{"line":173,"column":37}},{"start":{"line":173,"column":40},"end":{"line":173,"column":49}}]},"28":{"loc":{"start":{"line":179,"column":6},"end":{"line":189,"column":7}},"type":"if","locations":[{"start":{"line":179,"column":6},"end":{"line":189,"column":7}},{"start":{"line":181,"column":13},"end":{"line":189,"column":7}}]},"29":{"loc":{"start":{"line":202,"column":4},"end":{"line":210,"column":5}},"type":"if","locations":[{"start":{"line":202,"column":4},"end":{"line":210,"column":5}}]},"30":{"loc":{"start":{"line":203,"column":6},"end":{"line":209,"column":7}},"type":"if","locations":[{"start":{"line":203,"column":6},"end":{"line":209,"column":7}}]}},"s":{"0":0,"1":0,"2":0,"3":0,"4":0,"5":0,"6":0,"7":0,"8":0,"9":0,"10":0,"11":0,"12":0,"13":0,"14":0,"15":0,"16":0,"17":0,"18":0,"19":0,"20":0,"21":0,"22":0,"23":0,"24":0,"25":0,"26":0,"27":0,"28":0,"29":0,"30":0,"31":0,"32":0,"33":0,"34":0,"35":0,"36":0,"37":0,"38":0,"39":0,"40":0,"41":0,"42":0,"43":0,"44":0,"45":0,"46":0,"47":0,"48":0,"49":0,"50":0,"51":0,"52":0,"53":0,"54":0,"55":0,"56":0,"57":0,"58":0,"59":0,"60":0,"61":0,"62":0,"63":0,"64":0,"65":0,"66":0,"67":0,"68":0},"f":{"0":0,"1":0,"2":0,"3":0,"4":0,"5":0,"6":0,"7":0,"8":0,"9":0,"10":0},"b":{"0":[0],"1":[0],"2":[0,0],"3":[0,0],"4":[0],"5":[0],"6":[0],"7":[0],"8":[0],"9":[0],"10":[0],"11":[0],"12":[0],"13":[0,0],"14":[0,0],"15":[0],"16":[0],"17":[0],"18":[0],"19":[0],"20":[0,0],"21":[0],"22":[0],"23":[0],"24":[0],"25":[0],"26":[0,0],"27":[0,0],"28":[0,0],"29":[0],"30":[0]}}
}
