TN:
SF:projects/core/src/lib/char.ts
FNF:0
FNH:0
DA:1,0
DA:2,0
DA:3,0
DA:4,0
DA:5,0
DA:7,0
DA:9,0
LF:7
LH:0
BRF:0
BRH:0
end_of_record
TN:
SF:projects/core/src/lib/constant.ts
FN:6,(anonymous_0)
FN:14,(anonymous_1)
FN:22,(anonymous_2)
FN:29,(anonymous_3)
FN:37,(anonymous_4)
FN:43,(anonymous_5)
FN:58,(anonymous_6)
FN:71,(anonymous_7)
FN:77,(anonymous_8)
FN:85,(anonymous_9)
FN:92,(anonymous_10)
FN:99,(anonymous_11)
FN:107,(anonymous_12)
FN:113,(anonymous_13)
FN:119,(anonymous_14)
FN:125,(anonymous_15)
FN:132,(anonymous_16)
FN:139,(anonymous_17)
FN:145,(anonymous_18)
FN:151,(anonymous_19)
FN:157,(anonymous_20)
FN:166,(anonymous_21)
FN:174,(anonymous_22)
FN:190,(anonymous_23)
FN:241,(anonymous_24)
FN:247,(anonymous_25)
FN:253,(anonymous_26)
FN:264,(anonymous_27)
FN:270,(anonymous_28)
FN:277,(anonymous_29)
FN:283,(anonymous_30)
FNF:31
FNH:0
FNDA:0,(anonymous_0)
FNDA:0,(anonymous_1)
FNDA:0,(anonymous_2)
FNDA:0,(anonymous_3)
FNDA:0,(anonymous_4)
FNDA:0,(anonymous_5)
FNDA:0,(anonymous_6)
FNDA:0,(anonymous_7)
FNDA:0,(anonymous_8)
FNDA:0,(anonymous_9)
FNDA:0,(anonymous_10)
FNDA:0,(anonymous_11)
FNDA:0,(anonymous_12)
FNDA:0,(anonymous_13)
FNDA:0,(anonymous_14)
FNDA:0,(anonymous_15)
FNDA:0,(anonymous_16)
FNDA:0,(anonymous_17)
FNDA:0,(anonymous_18)
FNDA:0,(anonymous_19)
FNDA:0,(anonymous_20)
FNDA:0,(anonymous_21)
FNDA:0,(anonymous_22)
FNDA:0,(anonymous_23)
FNDA:0,(anonymous_24)
FNDA:0,(anonymous_25)
FNDA:0,(anonymous_26)
FNDA:0,(anonymous_27)
FNDA:0,(anonymous_28)
FNDA:0,(anonymous_29)
FNDA:0,(anonymous_30)
DA:1,0
DA:2,0
DA:3,0
DA:4,0
DA:6,0
DA:7,0
DA:8,0
DA:9,0
DA:10,0
DA:11,0
DA:14,0
DA:15,0
DA:16,0
DA:17,0
DA:18,0
DA:19,0
DA:22,0
DA:23,0
DA:24,0
DA:25,0
DA:26,0
DA:29,0
DA:30,0
DA:31,0
DA:32,0
DA:33,0
DA:34,0
DA:37,0
DA:38,0
DA:39,0
DA:40,0
DA:43,0
DA:44,0
DA:45,0
DA:46,0
DA:47,0
DA:48,0
DA:49,0
DA:50,0
DA:51,0
DA:52,0
DA:53,0
DA:54,0
DA:55,0
DA:58,0
DA:59,0
DA:60,0
DA:61,0
DA:62,0
DA:63,0
DA:64,0
DA:65,0
DA:66,0
DA:67,0
DA:68,0
DA:71,0
DA:72,0
DA:73,0
DA:74,0
DA:77,0
DA:78,0
DA:79,0
DA:80,0
DA:81,0
DA:82,0
DA:85,0
DA:86,0
DA:87,0
DA:88,0
DA:89,0
DA:92,0
DA:93,0
DA:94,0
DA:95,0
DA:96,0
DA:99,0
DA:100,0
DA:101,0
DA:102,0
DA:103,0
DA:104,0
DA:107,0
DA:108,0
DA:109,0
DA:110,0
DA:113,0
DA:114,0
DA:115,0
DA:116,0
DA:119,0
DA:120,0
DA:121,0
DA:122,0
DA:125,0
DA:126,0
DA:127,0
DA:128,0
DA:129,0
DA:132,0
DA:133,0
DA:134,0
DA:135,0
DA:136,0
DA:139,0
DA:140,0
DA:141,0
DA:142,0
DA:145,0
DA:146,0
DA:147,0
DA:148,0
DA:151,0
DA:152,0
DA:153,0
DA:154,0
DA:157,0
DA:158,0
DA:159,0
DA:160,0
DA:161,0
DA:162,0
DA:163,0
DA:166,0
DA:167,0
DA:168,0
DA:169,0
DA:170,0
DA:171,0
DA:174,0
DA:175,0
DA:176,0
DA:177,0
DA:178,0
DA:179,0
DA:180,0
DA:181,0
DA:182,0
DA:183,0
DA:184,0
DA:185,0
DA:186,0
DA:187,0
DA:190,0
DA:191,0
DA:192,0
DA:193,0
DA:194,0
DA:195,0
DA:196,0
DA:197,0
DA:198,0
DA:199,0
DA:200,0
DA:201,0
DA:202,0
DA:203,0
DA:204,0
DA:205,0
DA:206,0
DA:207,0
DA:208,0
DA:209,0
DA:210,0
DA:211,0
DA:212,0
DA:213,0
DA:214,0
DA:215,0
DA:216,0
DA:217,0
DA:218,0
DA:219,0
DA:220,0
DA:221,0
DA:222,0
DA:223,0
DA:224,0
DA:225,0
DA:226,0
DA:227,0
DA:228,0
DA:229,0
DA:230,0
DA:231,0
DA:232,0
DA:233,0
DA:234,0
DA:235,0
DA:236,0
DA:237,0
DA:238,0
DA:241,0
DA:242,0
DA:243,0
DA:244,0
DA:247,0
DA:248,0
DA:249,0
DA:250,0
DA:253,0
DA:254,0
DA:255,0
DA:256,0
DA:257,0
DA:258,0
DA:259,0
DA:260,0
DA:261,0
DA:264,0
DA:265,0
DA:266,0
DA:267,0
DA:270,0
DA:271,0
DA:272,0
DA:273,0
DA:274,0
DA:277,0
DA:278,0
DA:279,0
DA:280,0
DA:283,0
DA:284,0
DA:285,0
DA:286,0
DA:287,0
DA:288,0
DA:289,0
DA:290,0
DA:291,0
DA:292,0
DA:295,0
LF:232
LH:0
BRDA:6,0,0,0
BRDA:6,0,1,0
BRDA:14,1,0,0
BRDA:14,1,1,0
BRDA:22,2,0,0
BRDA:22,2,1,0
BRDA:29,3,0,0
BRDA:29,3,1,0
BRDA:37,4,0,0
BRDA:37,4,1,0
BRDA:43,5,0,0
BRDA:43,5,1,0
BRDA:58,6,0,0
BRDA:58,6,1,0
BRDA:71,7,0,0
BRDA:71,7,1,0
BRDA:77,8,0,0
BRDA:77,8,1,0
BRDA:85,9,0,0
BRDA:85,9,1,0
BRDA:92,10,0,0
BRDA:92,10,1,0
BRDA:99,11,0,0
BRDA:99,11,1,0
BRDA:107,12,0,0
BRDA:107,12,1,0
BRDA:113,13,0,0
BRDA:113,13,1,0
BRDA:119,14,0,0
BRDA:119,14,1,0
BRDA:125,15,0,0
BRDA:125,15,1,0
BRDA:132,16,0,0
BRDA:132,16,1,0
BRDA:139,17,0,0
BRDA:139,17,1,0
BRDA:145,18,0,0
BRDA:145,18,1,0
BRDA:151,19,0,0
BRDA:151,19,1,0
BRDA:157,20,0,0
BRDA:157,20,1,0
BRDA:166,21,0,0
BRDA:166,21,1,0
BRDA:174,22,0,0
BRDA:174,22,1,0
BRDA:190,23,0,0
BRDA:190,23,1,0
BRDA:241,24,0,0
BRDA:241,24,1,0
BRDA:247,25,0,0
BRDA:247,25,1,0
BRDA:253,26,0,0
BRDA:253,26,1,0
BRDA:264,27,0,0
BRDA:264,27,1,0
BRDA:270,28,0,0
BRDA:270,28,1,0
BRDA:277,29,0,0
BRDA:277,29,1,0
BRDA:283,30,0,0
BRDA:283,30,1,0
BRF:62
BRH:0
end_of_record
TN:
SF:projects/core/src/lib/authentication/auth-config.ts
FN:14,(anonymous_0)
FNF:1
FNH:0
FNDA:0,(anonymous_0)
DA:2,0
DA:6,0
DA:7,0
DA:8,0
DA:9,0
DA:15,0
DA:16,0
LF:7
LH:0
BRF:0
BRH:0
end_of_record
TN:
SF:projects/core/src/lib/card/card.ts
FN:13,(anonymous_0)
FN:18,(anonymous_1)
FNF:2
FNH:0
FNDA:0,(anonymous_0)
FNDA:0,(anonymous_1)
DA:2,0
DA:6,0
DA:7,0
DA:8,0
DA:9,0
DA:10,0
DA:11,0
DA:12,0
DA:13,0
DA:19,0
DA:20,0
LF:11
LH:0
BRF:0
BRH:0
end_of_record
TN:
SF:projects/core/src/lib/card/schema/cardSchema.ts
FN:7,(anonymous_0)
FNF:1
FNH:0
FNDA:0,(anonymous_0)
DA:1,0
DA:6,0
DA:8,0
LF:3
LH:0
BRF:0
BRH:0
end_of_record
TN:
SF:projects/core/src/lib/common/action.ts
FN:7,(anonymous_0)
FN:13,(anonymous_1)
FN:27,(anonymous_2)
FN:33,(anonymous_3)
FN:39,(anonymous_4)
FNF:5
FNH:0
FNDA:0,(anonymous_0)
FNDA:0,(anonymous_1)
FNDA:0,(anonymous_2)
FNDA:0,(anonymous_3)
FNDA:0,(anonymous_4)
DA:1,0
DA:2,0
DA:6,0
DA:7,0
DA:8,0
DA:9,0
DA:14,0
DA:15,0
DA:16,0
DA:17,0
DA:18,0
DA:22,0
DA:28,0
DA:34,0
DA:40,0
DA:41,0
LF:16
LH:0
BRDA:14,0,0,0
BRDA:15,1,0,0
BRDA:15,1,1,0
BRDA:17,2,0,0
BRF:4
BRH:0
end_of_record
TN:
SF:projects/core/src/lib/common/base.ts
FN:41,(anonymous_0)
FN:48,(anonymous_1)
FN:56,(anonymous_2)
FN:64,(anonymous_3)
FN:72,(anonymous_4)
FN:80,(anonymous_5)
FN:88,(anonymous_6)
FN:96,(anonymous_7)
FN:104,(anonymous_8)
FN:110,(anonymous_9)
FNF:10
FNH:1
FNDA:0,(anonymous_0)
FNDA:0,(anonymous_1)
FNDA:0,(anonymous_2)
FNDA:0,(anonymous_3)
FNDA:0,(anonymous_4)
FNDA:0,(anonymous_5)
FNDA:0,(anonymous_6)
FNDA:0,(anonymous_7)
FNDA:0,(anonymous_8)
FNDA:3,(anonymous_9)
DA:1,1
DA:2,1
DA:26,1
DA:28,3
DA:29,3
DA:30,3
DA:31,3
DA:32,3
DA:33,3
DA:34,3
DA:35,3
DA:36,3
DA:42,0
DA:49,0
DA:57,0
DA:65,0
DA:73,0
DA:81,0
DA:89,0
DA:97,0
DA:105,0
DA:111,3
DA:112,3
LF:23
LH:14
BRF:0
BRH:0
end_of_record
TN:
SF:projects/core/src/lib/common/category.ts
FN:11,(anonymous_0)
FNF:1
FNH:0
FNDA:0,(anonymous_0)
DA:2,0
DA:6,0
DA:12,0
DA:19,0
LF:4
LH:0
BRF:0
BRH:0
end_of_record
TN:
SF:projects/core/src/lib/common/checkbox.ts
FN:11,(anonymous_0)
FNF:1
FNH:0
FNDA:0,(anonymous_0)
DA:8,0
DA:9,0
DA:10,0
DA:12,0
DA:19,0
LF:5
LH:0
BRF:0
BRH:0
end_of_record
TN:
SF:projects/core/src/lib/common/clock.ts
FN:11,(anonymous_0)
FNF:1
FNH:0
FNDA:0,(anonymous_0)
DA:1,0
DA:2,0
DA:3,0
DA:7,0
DA:8,0
DA:12,0
DA:13,0
DA:14,0
DA:21,0
LF:9
LH:0
BRF:0
BRH:0
end_of_record
TN:
SF:projects/core/src/lib/common/element.ts
FN:19,(anonymous_0)
FN:26,(anonymous_1)
FN:30,(anonymous_2)
FNF:3
FNH:0
FNDA:0,(anonymous_0)
FNDA:0,(anonymous_1)
FNDA:0,(anonymous_2)
DA:1,0
DA:2,0
DA:4,0
DA:8,0
DA:9,0
DA:10,0
DA:11,0
DA:12,0
DA:13,0
DA:20,0
DA:27,0
DA:31,0
DA:32,0
DA:33,0
DA:40,0
LF:15
LH:0
BRF:0
BRH:0
end_of_record
TN:
SF:projects/core/src/lib/common/email.ts
FN:15,(anonymous_0)
FN:22,(anonymous_1)
FN:26,(anonymous_2)
FNF:3
FNH:0
FNDA:0,(anonymous_0)
FNDA:0,(anonymous_1)
FNDA:0,(anonymous_2)
DA:1,0
DA:2,0
DA:4,0
DA:9,0
DA:10,0
DA:16,0
DA:23,0
DA:27,0
DA:28,0
DA:35,0
LF:10
LH:0
BRDA:16,0,0,0
BRDA:16,0,1,0
BRF:2
BRH:0
end_of_record
TN:
SF:projects/core/src/lib/common/endpoint.ts
FN:18,(anonymous_0)
FN:26,(anonymous_1)
FN:33,(anonymous_2)
FN:40,(anonymous_3)
FN:47,(anonymous_4)
FN:53,(anonymous_5)
FN:59,(anonymous_6)
FN:66,(anonymous_7)
FN:94,(anonymous_8)
FNF:9
FNH:0
FNDA:0,(anonymous_0)
FNDA:0,(anonymous_1)
FNDA:0,(anonymous_2)
FNDA:0,(anonymous_3)
FNDA:0,(anonymous_4)
FNDA:0,(anonymous_5)
FNDA:0,(anonymous_6)
FNDA:0,(anonymous_7)
FNDA:0,(anonymous_8)
DA:1,0
DA:5,0
DA:6,0
DA:7,0
DA:8,0
DA:9,0
DA:10,0
DA:11,0
DA:12,0
DA:13,0
DA:19,0
DA:27,0
DA:34,0
DA:41,0
DA:48,0
DA:54,0
DA:60,0
DA:67,0
DA:69,0
DA:70,0
DA:72,0
DA:73,0
DA:77,0
DA:78,0
DA:81,0
DA:88,0
DA:95,0
DA:102,0
LF:28
LH:0
BRDA:69,0,0,0
BRDA:72,1,0,0
BRDA:77,2,0,0
BRDA:82,3,0,0
BRDA:82,3,1,0
BRDA:83,4,0,0
BRDA:83,4,1,0
BRDA:84,5,0,0
BRDA:84,5,1,0
BRDA:85,6,0,0
BRDA:85,6,1,0
BRF:11
BRH:0
end_of_record
TN:
SF:projects/core/src/lib/common/group.ts
FN:12,(anonymous_0)
FN:18,(anonymous_1)
FNF:2
FNH:0
FNDA:0,(anonymous_0)
FNDA:0,(anonymous_1)
DA:1,0
DA:2,0
DA:6,0
DA:7,0
DA:13,0
DA:19,0
DA:20,0
DA:27,0
LF:8
LH:0
BRF:0
BRH:0
end_of_record
TN:
SF:projects/core/src/lib/common/guid.ts
FN:9,(anonymous_0)
FN:14,(anonymous_1)
FN:22,(anonymous_2)
FN:26,(anonymous_3)
FN:30,(anonymous_4)
FN:40,(anonymous_5)
FN:51,(anonymous_6)
FN:63,(anonymous_7)
FN:69,(anonymous_8)
FN:73,(anonymous_9)
FN:77,(anonymous_10)
FNF:11
FNH:4
FNDA:3,(anonymous_0)
FNDA:3,(anonymous_1)
FNDA:0,(anonymous_2)
FNDA:0,(anonymous_3)
FNDA:0,(anonymous_4)
FNDA:15,(anonymous_5)
FNDA:3,(anonymous_6)
FNDA:0,(anonymous_7)
FNDA:0,(anonymous_8)
FNDA:0,(anonymous_9)
FNDA:0,(anonymous_10)
DA:1,1
DA:2,1
DA:7,1
DA:10,3
DA:11,3
DA:15,3
DA:23,0
DA:27,0
DA:31,0
DA:41,15
DA:42,15
DA:44,24
DA:46,15
DA:52,3
DA:53,0
DA:56,3
DA:58,3
DA:59,3
DA:66,0
DA:70,0
DA:74,0
DA:78,0
LF:22
LH:14
BRDA:11,0,0,3
BRDA:11,0,1,3
BRDA:11,0,2,3
BRDA:52,1,0,0
BRDA:58,2,0,3
BRDA:58,3,0,3
BRDA:58,3,1,3
BRDA:66,4,0,0
BRDA:66,4,1,0
BRF:9
BRH:6
end_of_record
TN:
SF:projects/core/src/lib/common/icon.ts
FN:15,(anonymous_0)
FN:22,(anonymous_1)
FN:29,(anonymous_2)
FNF:3
FNH:0
FNDA:0,(anonymous_0)
FNDA:0,(anonymous_1)
FNDA:0,(anonymous_2)
DA:1,0
DA:2,0
DA:6,0
DA:7,0
DA:8,0
DA:9,0
DA:16,0
DA:23,0
DA:30,0
DA:31,0
DA:38,0
LF:11
LH:0
BRF:0
BRH:0
end_of_record
TN:
SF:projects/core/src/lib/common/image.ts
FN:10,(anonymous_0)
FN:16,(anonymous_1)
FNF:2
FNH:0
FNDA:0,(anonymous_0)
FNDA:0,(anonymous_1)
DA:1,0
DA:2,0
DA:5,0
DA:6,0
DA:11,0
DA:17,0
DA:18,0
DA:25,0
LF:8
LH:0
BRF:0
BRH:0
end_of_record
TN:
SF:projects/core/src/lib/common/index.ts
FNF:0
FNH:0
DA:1,0
DA:2,0
DA:3,0
DA:4,0
DA:5,0
DA:6,0
DA:7,0
DA:8,0
DA:9,0
DA:10,0
DA:11,0
DA:12,0
DA:13,0
DA:14,0
DA:15,0
DA:16,0
DA:17,0
DA:18,0
DA:19,0
DA:20,0
DA:21,0
DA:22,0
DA:23,0
DA:24,0
DA:25,0
DA:26,0
DA:27,0
DA:28,0
LF:28
LH:0
BRF:0
BRH:0
end_of_record
TN:
SF:projects/core/src/lib/common/info.ts
FN:10,(anonymous_0)
FNF:1
FNH:0
FNDA:0,(anonymous_0)
DA:1,0
DA:5,0
DA:6,0
DA:7,0
DA:8,0
DA:11,0
DA:13,0
DA:14,0
DA:21,0
LF:9
LH:0
BRDA:13,0,0,0
BRF:1
BRH:0
end_of_record
TN:
SF:projects/core/src/lib/common/interval.ts
FN:16,(anonymous_0)
FNF:1
FNH:0
FNDA:0,(anonymous_0)
DA:11,0
DA:12,0
DA:13,0
DA:14,0
DA:17,0
DA:24,0
LF:6
LH:0
BRF:0
BRH:0
end_of_record
TN:
SF:projects/core/src/lib/common/item.ts
FN:7,(anonymous_0)
FNF:1
FNH:0
FNDA:0,(anonymous_0)
DA:1,0
DA:3,0
DA:8,0
DA:14,0
LF:4
LH:0
BRF:0
BRH:0
end_of_record
TN:
SF:projects/core/src/lib/common/menu.ts
FN:8,(anonymous_0)
FNF:1
FNH:0
FNDA:0,(anonymous_0)
DA:2,0
DA:4,0
DA:9,0
DA:16,0
LF:4
LH:0
BRF:0
BRH:0
end_of_record
TN:
SF:projects/core/src/lib/common/name.ts
FN:15,(anonymous_0)
FN:22,(anonymous_1)
FN:33,(anonymous_2)
FNF:3
FNH:0
FNDA:0,(anonymous_0)
FNDA:0,(anonymous_1)
FNDA:0,(anonymous_2)
DA:1,0
DA:2,0
DA:6,0
DA:7,0
DA:8,0
DA:9,0
DA:10,0
DA:16,0
DA:23,0
DA:24,0
DA:25,0
DA:27,0
DA:34,0
DA:35,0
DA:42,0
LF:15
LH:0
BRDA:23,0,0,0
BRDA:25,1,0,0
BRF:2
BRH:0
end_of_record
TN:
SF:projects/core/src/lib/common/phone.ts
FN:13,(anonymous_0)
FNF:1
FNH:0
FNDA:0,(anonymous_0)
DA:3,0
DA:7,0
DA:8,0
DA:14,0
DA:15,0
DA:22,0
LF:6
LH:0
BRF:0
BRH:0
end_of_record
TN:
SF:projects/core/src/lib/common/point.ts
FN:9,(anonymous_0)
FN:13,(anonymous_1)
FN:17,(anonymous_2)
FN:21,(anonymous_3)
FN:25,(anonymous_4)
FN:33,(anonymous_5)
FNF:6
FNH:0
FNDA:0,(anonymous_0)
FNDA:0,(anonymous_1)
FNDA:0,(anonymous_2)
FNDA:0,(anonymous_3)
FNDA:0,(anonymous_4)
FNDA:0,(anonymous_5)
DA:5,0
DA:6,0
DA:7,0
DA:10,0
DA:14,0
DA:18,0
DA:22,0
DA:26,0
DA:34,0
DA:41,0
LF:10
LH:0
BRF:0
BRH:0
end_of_record
TN:
SF:projects/core/src/lib/common/range.ts
FN:26,(anonymous_0)
FN:33,(anonymous_1)
FN:40,(anonymous_2)
FN:48,(anonymous_3)
FN:60,(anonymous_4)
FN:71,(anonymous_5)
FNF:6
FNH:0
FNDA:0,(anonymous_0)
FNDA:0,(anonymous_1)
FNDA:0,(anonymous_2)
FNDA:0,(anonymous_3)
FNDA:0,(anonymous_4)
FNDA:0,(anonymous_5)
DA:1,0
DA:2,0
DA:17,0
DA:18,0
DA:19,0
DA:20,0
DA:21,0
DA:27,0
DA:34,0
DA:41,0
DA:49,0
DA:50,0
DA:51,0
DA:53,0
DA:61,0
DA:62,0
DA:64,0
DA:72,0
DA:73,0
DA:80,0
LF:20
LH:0
BRDA:27,0,0,0
BRDA:27,0,1,0
BRDA:34,1,0,0
BRDA:34,1,1,0
BRDA:41,2,0,0
BRDA:41,2,1,0
BRDA:61,3,0,0
BRDA:62,4,0,0
BRDA:62,4,1,0
BRF:9
BRH:0
end_of_record
TN:
SF:projects/core/src/lib/common/role.ts
FN:12,(anonymous_0)
FNF:1
FNH:0
FNDA:0,(anonymous_0)
DA:2,0
DA:7,0
DA:13,0
DA:20,0
LF:4
LH:0
BRF:0
BRH:0
end_of_record
TN:
SF:projects/core/src/lib/common/sort.ts
FN:9,(anonymous_0)
FN:17,(anonymous_1)
FN:25,(anonymous_2)
FN:32,(anonymous_3)
FNF:4
FNH:0
FNDA:0,(anonymous_0)
FNDA:0,(anonymous_1)
FNDA:0,(anonymous_2)
FNDA:0,(anonymous_3)
DA:4,0
DA:5,0
DA:10,0
DA:18,0
DA:26,0
DA:33,0
DA:40,0
LF:7
LH:0
BRDA:10,0,0,0
BRDA:10,0,1,0
BRF:2
BRH:0
end_of_record
TN:
SF:projects/core/src/lib/common/status.ts
FN:12,(anonymous_0)
FNF:1
FNH:0
FNDA:0,(anonymous_0)
DA:3,0
DA:7,0
DA:13,0
DA:20,0
LF:4
LH:0
BRF:0
BRH:0
end_of_record
TN:
SF:projects/core/src/lib/common/toolbar.ts
FN:7,(anonymous_0)
FN:15,(anonymous_1)
FNF:2
FNH:0
FNDA:0,(anonymous_0)
FNDA:0,(anonymous_1)
DA:1,0
DA:2,0
DA:4,0
DA:5,0
DA:8,0
DA:9,0
DA:10,0
DA:11,0
DA:13,0
DA:15,0
DA:16,0
DA:27,0
LF:12
LH:0
BRDA:10,0,0,0
BRDA:11,1,0,0
BRDA:13,2,0,0
BRF:3
BRH:0
end_of_record
TN:
SF:projects/core/src/lib/common/tooltip.ts
FN:14,(anonymous_0)
FNF:1
FNH:0
FNDA:0,(anonymous_0)
DA:1,0
DA:5,0
DA:8,0
DA:15,0
DA:16,0
DA:17,0
DA:18,0
DA:25,0
LF:8
LH:0
BRF:0
BRH:0
end_of_record
TN:
SF:projects/core/src/lib/common/url.ts
FN:12,(anonymous_0)
FN:19,(anonymous_1)
FNF:2
FNH:0
FNDA:0,(anonymous_0)
FNDA:0,(anonymous_1)
DA:1,0
DA:2,0
DA:6,0
DA:7,0
DA:13,0
DA:20,0
DA:21,0
DA:28,0
LF:8
LH:0
BRF:0
BRH:0
end_of_record
TN:
SF:projects/core/src/lib/common/user.ts
FN:16,(anonymous_0)
FN:23,(anonymous_1)
FN:29,(anonymous_2)
FNF:3
FNH:0
FNDA:0,(anonymous_0)
FNDA:0,(anonymous_1)
FNDA:0,(anonymous_2)
DA:1,0
DA:2,0
DA:3,0
DA:4,0
DA:8,0
DA:9,0
DA:10,0
DA:17,0
DA:24,0
DA:25,0
DA:26,0
DA:27,0
DA:28,0
DA:29,0
DA:30,0
DA:41,0
LF:16
LH:0
BRDA:26,0,0,0
BRDA:27,1,0,0
BRDA:28,2,0,0
BRDA:28,3,0,0
BRDA:28,3,1,0
BRF:5
BRH:0
end_of_record
TN:
SF:projects/core/src/lib/common/value.ts
FN:12,(anonymous_0)
FN:19,(anonymous_1)
FNF:2
FNH:0
FNDA:0,(anonymous_0)
FNDA:0,(anonymous_1)
DA:1,0
DA:2,0
DA:6,0
DA:7,0
DA:13,0
DA:20,0
DA:21,0
DA:28,0
LF:8
LH:0
BRF:0
BRH:0
end_of_record
TN:
SF:projects/core/src/lib/common/version.ts
FN:15,(anonymous_0)
FNF:1
FNH:0
FNDA:0,(anonymous_0)
DA:6,0
DA:7,0
DA:8,0
DA:9,0
DA:10,0
DA:16,0
DA:23,0
LF:7
LH:0
BRF:0
BRH:0
end_of_record
TN:
SF:projects/core/src/lib/data/base64.ts
FN:6,(anonymous_0)
FN:11,(anonymous_1)
FN:16,(anonymous_2)
FN:65,(anonymous_3)
FN:114,(anonymous_4)
FNF:5
FNH:0
FNDA:0,(anonymous_0)
FNDA:0,(anonymous_1)
FNDA:0,(anonymous_2)
FNDA:0,(anonymous_3)
FNDA:0,(anonymous_4)
DA:2,0
DA:7,0
DA:8,0
DA:12,0
DA:13,0
DA:17,0
DA:20,0
DA:21,0
DA:23,0
DA:25,0
DA:26,0
DA:29,0
DA:30,0
DA:31,0
DA:32,0
DA:34,0
DA:37,0
DA:38,0
DA:43,0
DA:46,0
DA:48,0
DA:52,0
DA:53,0
DA:55,0
DA:56,0
DA:57,0
DA:59,0
DA:62,0
DA:66,0
DA:70,0
DA:71,0
DA:73,0
DA:74,0
DA:77,0
DA:78,0
DA:82,0
DA:83,0
DA:84,0
DA:85,0
DA:88,0
DA:90,0
DA:91,0
DA:97,0
DA:99,0
DA:100,0
DA:106,0
DA:108,0
DA:111,0
DA:115,0
DA:116,0
LF:50
LH:0
BRDA:25,0,0,0
BRDA:29,1,0,0
BRDA:31,2,0,0
BRDA:46,3,0,0
BRDA:46,3,1,0
BRDA:46,3,2,0
BRDA:73,4,0,0
BRDA:88,5,0,0
BRDA:88,5,1,0
BRDA:88,5,2,0
BRF:10
BRH:0
end_of_record
TN:
SF:projects/core/src/lib/data/container.ts
FN:17,(anonymous_0)
FN:25,(anonymous_1)
FN:33,(anonymous_2)
FN:42,(anonymous_3)
FN:60,(anonymous_4)
FN:74,(anonymous_5)
FN:89,(anonymous_6)
FN:91,(anonymous_7)
FN:107,(anonymous_8)
FN:137,(anonymous_9)
FNF:10
FNH:0
FNDA:0,(anonymous_0)
FNDA:0,(anonymous_1)
FNDA:0,(anonymous_2)
FNDA:0,(anonymous_3)
FNDA:0,(anonymous_4)
FNDA:0,(anonymous_5)
FNDA:0,(anonymous_6)
FNDA:0,(anonymous_7)
FNDA:0,(anonymous_8)
FNDA:0,(anonymous_9)
DA:1,0
DA:2,0
DA:3,0
DA:4,0
DA:9,0
DA:18,0
DA:26,0
DA:34,0
DA:43,0
DA:44,0
DA:45,0
DA:47,0
DA:48,0
DA:52,0
DA:64,0
DA:65,0
DA:66,0
DA:68,0
DA:70,0
DA:72,0
DA:73,0
DA:74,0
DA:76,0
DA:78,0
DA:90,0
DA:91,0
DA:93,0
DA:95,0
DA:101,0
DA:102,0
DA:103,0
DA:105,0
DA:107,0
DA:109,0
DA:110,0
DA:112,0
DA:115,0
DA:116,0
DA:118,0
DA:119,0
DA:126,0
DA:127,0
DA:138,0
DA:139,0
DA:140,0
LF:45
LH:0
BRDA:43,0,0,0
BRDA:45,1,0,0
BRDA:60,2,0,0
BRDA:64,3,0,0
BRDA:64,3,1,0
BRDA:66,4,0,0
BRDA:72,5,0,0
BRDA:73,6,0,0
BRDA:90,7,0,0
BRDA:90,7,1,0
BRDA:101,8,0,0
BRDA:115,9,0,0
BRDA:115,10,0,0
BRDA:115,10,1,0
BRDA:118,11,0,0
BRDA:126,12,0,0
BRF:16
BRH:0
end_of_record
TN:
SF:projects/core/src/lib/data/datasource.ts
FN:11,(anonymous_0)
FN:22,(anonymous_1)
FN:24,(anonymous_2)
FN:33,(anonymous_3)
FN:48,(anonymous_4)
FN:50,(anonymous_5)
FN:60,(anonymous_6)
FN:62,(anonymous_7)
FN:70,(anonymous_8)
FN:79,(anonymous_9)
FN:89,(anonymous_10)
FN:96,(anonymous_11)
FNF:12
FNH:0
FNDA:0,(anonymous_0)
FNDA:0,(anonymous_1)
FNDA:0,(anonymous_2)
FNDA:0,(anonymous_3)
FNDA:0,(anonymous_4)
FNDA:0,(anonymous_5)
FNDA:0,(anonymous_6)
FNDA:0,(anonymous_7)
FNDA:0,(anonymous_8)
FNDA:0,(anonymous_9)
FNDA:0,(anonymous_10)
FNDA:0,(anonymous_11)
DA:1,0
DA:5,0
DA:6,0
DA:12,0
DA:13,0
DA:15,0
DA:23,0
DA:24,0
DA:25,0
DA:34,0
DA:35,0
DA:36,0
DA:38,0
DA:40,0
DA:49,0
DA:50,0
DA:53,0
DA:61,0
DA:62,0
DA:65,0
DA:71,0
DA:72,0
DA:80,0
DA:81,0
DA:83,0
DA:90,0
DA:97,0
LF:27
LH:0
BRDA:12,0,0,0
BRDA:23,1,0,0
BRDA:25,2,0,0
BRDA:25,2,1,0
BRDA:34,3,0,0
BRDA:35,4,0,0
BRDA:49,5,0,0
BRDA:61,6,0,0
BRDA:71,7,0,0
BRDA:80,8,0,0
BRF:10
BRH:0
end_of_record
TN:
SF:projects/core/src/lib/data/index.ts
FNF:0
FNH:0
DA:1,0
DA:2,0
DA:3,0
DA:4,0
DA:5,0
DA:6,0
LF:6
LH:0
BRF:0
BRH:0
end_of_record
TN:
SF:projects/core/src/lib/data/page.ts
FN:13,(anonymous_0)
FNF:1
FNH:0
FNDA:0,(anonymous_0)
DA:2,0
DA:7,0
DA:8,0
DA:14,0
DA:15,0
LF:5
LH:0
BRF:0
BRH:0
end_of_record
TN:
SF:projects/core/src/lib/data/pageset.ts
FN:15,(anonymous_0)
FN:21,(anonymous_1)
FN:27,(anonymous_2)
FN:33,(anonymous_3)
FN:37,(anonymous_4)
FN:44,(anonymous_5)
FN:50,(anonymous_6)
FN:56,(anonymous_7)
FN:66,(anonymous_8)
FN:77,(anonymous_9)
FN:81,(anonymous_10)
FN:91,(anonymous_11)
FN:99,(anonymous_12)
FN:106,(anonymous_13)
FN:114,(anonymous_14)
FN:123,(anonymous_15)
FN:125,(anonymous_16)
FN:133,(anonymous_17)
FNF:18
FNH:0
FNDA:0,(anonymous_0)
FNDA:0,(anonymous_1)
FNDA:0,(anonymous_2)
FNDA:0,(anonymous_3)
FNDA:0,(anonymous_4)
FNDA:0,(anonymous_5)
FNDA:0,(anonymous_6)
FNDA:0,(anonymous_7)
FNDA:0,(anonymous_8)
FNDA:0,(anonymous_9)
FNDA:0,(anonymous_10)
FNDA:0,(anonymous_11)
FNDA:0,(anonymous_12)
FNDA:0,(anonymous_13)
FNDA:0,(anonymous_14)
FNDA:0,(anonymous_15)
FNDA:0,(anonymous_16)
FNDA:0,(anonymous_17)
DA:1,0
DA:2,0
DA:3,0
DA:7,0
DA:8,0
DA:9,0
DA:10,0
DA:11,0
DA:16,0
DA:22,0
DA:28,0
DA:34,0
DA:35,0
DA:36,0
DA:37,0
DA:45,0
DA:51,0
DA:57,0
DA:61,0
DA:70,0
DA:71,0
DA:77,0
DA:85,0
DA:86,0
DA:92,0
DA:94,0
DA:100,0
DA:101,0
DA:107,0
DA:108,0
DA:115,0
DA:116,0
DA:118,0
DA:124,0
DA:125,0
DA:127,0
DA:137,0
DA:141,0
DA:142,0
DA:156,0
LF:40
LH:0
BRDA:34,0,0,0
BRDA:35,1,0,0
BRDA:35,2,0,0
BRDA:35,2,1,0
BRDA:70,3,0,0
BRDA:92,4,0,0
BRDA:92,4,1,0
BRDA:115,5,0,0
BRDA:124,6,0,0
BRDA:148,7,0,0
BRDA:148,7,1,0
BRF:11
BRH:0
end_of_record
TN:
SF:projects/core/src/lib/data/schema/index.ts
FN:26,(anonymous_0)
FNF:1
FNH:0
FNDA:0,(anonymous_0)
DA:1,0
DA:6,0
DA:27,0
DA:28,0
DA:29,0
DA:30,0
DA:31,0
DA:32,0
DA:33,0
DA:34,0
DA:35,0
DA:36,0
DA:37,0
DA:38,0
DA:39,0
DA:40,0
DA:41,0
DA:42,0
DA:43,0
DA:44,0
LF:20
LH:0
BRF:0
BRH:0
end_of_record
TN:
SF:projects/core/src/lib/grid/cell-component.ts
FN:28,(anonymous_0)
FN:35,(anonymous_1)
FNF:2
FNH:0
FNDA:0,(anonymous_0)
FNDA:0,(anonymous_1)
DA:1,0
DA:2,0
DA:4,0
DA:21,0
DA:29,0
DA:36,0
DA:37,0
DA:38,0
DA:43,0
DA:44,0
DA:49,0
DA:54,0
DA:55,0
DA:56,0
DA:57,0
DA:58,0
DA:63,0
DA:68,0
DA:69,0
DA:70,0
DA:71,0
DA:72,0
DA:73,0
DA:74,0
DA:75,0
DA:76,0
DA:77,0
DA:78,0
DA:79,0
DA:80,0
LF:30
LH:0
BRF:0
BRH:0
end_of_record
TN:
SF:projects/core/src/lib/grid/context-menu.ts
FN:16,(anonymous_0)
FNF:1
FNH:0
FNDA:0,(anonymous_0)
DA:2,0
DA:7,0
DA:8,0
DA:9,0
DA:10,0
DA:11,0
DA:12,0
DA:13,0
DA:14,0
DA:17,0
DA:18,0
LF:11
LH:0
BRF:0
BRH:0
end_of_record
TN:
SF:projects/core/src/lib/grid/filter-component.ts
FN:8,(anonymous_0)
FNF:1
FNH:0
FNDA:0,(anonymous_0)
DA:1,0
DA:3,0
DA:9,0
LF:3
LH:0
BRF:0
BRH:0
end_of_record
TN:
SF:projects/core/src/lib/grid/grid-cell.ts
FN:12,(anonymous_0)
FNF:1
FNH:0
FNDA:0,(anonymous_0)
DA:1,0
DA:2,0
DA:7,0
DA:13,0
DA:14,0
DA:15,0
DA:16,0
LF:7
LH:0
BRF:0
BRH:0
end_of_record
TN:
SF:projects/core/src/lib/grid/grid-column-group.ts
FN:14,(anonymous_0)
FNF:1
FNH:0
FNDA:0,(anonymous_0)
DA:1,0
DA:6,0
DA:15,0
DA:16,0
LF:4
LH:0
BRF:0
BRH:0
end_of_record
TN:
SF:projects/core/src/lib/grid/grid-column.ts
FN:45,(anonymous_0)
FN:55,(anonymous_1)
FN:64,(anonymous_2)
FN:68,(anonymous_3)
FN:72,(anonymous_4)
FN:76,(anonymous_5)
FN:80,(anonymous_6)
FN:84,(anonymous_7)
FN:88,(anonymous_8)
FN:92,(anonymous_9)
FN:96,(anonymous_10)
FN:100,(anonymous_11)
FN:104,(anonymous_12)
FN:108,(anonymous_13)
FN:112,(anonymous_14)
FN:116,(anonymous_15)
FN:120,(anonymous_16)
FN:129,(anonymous_17)
FN:137,(anonymous_18)
FN:169,(anonymous_19)
FN:170,(anonymous_20)
FNF:21
FNH:0
FNDA:0,(anonymous_0)
FNDA:0,(anonymous_1)
FNDA:0,(anonymous_2)
FNDA:0,(anonymous_3)
FNDA:0,(anonymous_4)
FNDA:0,(anonymous_5)
FNDA:0,(anonymous_6)
FNDA:0,(anonymous_7)
FNDA:0,(anonymous_8)
FNDA:0,(anonymous_9)
FNDA:0,(anonymous_10)
FNDA:0,(anonymous_11)
FNDA:0,(anonymous_12)
FNDA:0,(anonymous_13)
FNDA:0,(anonymous_14)
FNDA:0,(anonymous_15)
FNDA:0,(anonymous_16)
FNDA:0,(anonymous_17)
FNDA:0,(anonymous_18)
FNDA:0,(anonymous_19)
FNDA:0,(anonymous_20)
DA:1,0
DA:2,0
DA:3,0
DA:4,0
DA:5,0
DA:6,0
DA:7,0
DA:8,0
DA:9,0
DA:14,0
DA:46,0
DA:48,0
DA:49,0
DA:50,0
DA:52,0
DA:53,0
DA:55,0
DA:56,0
DA:61,0
DA:65,0
DA:69,0
DA:73,0
DA:77,0
DA:81,0
DA:85,0
DA:89,0
DA:93,0
DA:97,0
DA:101,0
DA:105,0
DA:109,0
DA:113,0
DA:117,0
DA:121,0
DA:130,0
DA:138,0
DA:139,0
DA:140,0
DA:141,0
DA:142,0
DA:143,0
DA:144,0
DA:145,0
DA:148,0
DA:153,0
DA:160,0
DA:163,0
DA:164,0
DA:165,0
DA:166,0
DA:167,0
DA:168,0
DA:169,0
DA:170,0
DA:171,0
DA:172,0
DA:173,0
DA:174,0
DA:175,0
DA:176,0
DA:177,0
DA:178,0
DA:179,0
DA:183,0
DA:190,0
DA:191,0
DA:192,0
DA:193,0
DA:195,0
DA:196,0
DA:198,0
DA:201,0
DA:210,0
DA:211,0
DA:212,0
LF:75
LH:0
BRDA:48,0,0,0
BRDA:49,1,0,0
BRDA:49,1,1,0
BRDA:52,2,0,0
BRDA:52,2,1,0
BRDA:56,3,0,0
BRDA:56,3,1,0
BRDA:81,4,0,0
BRDA:81,4,1,0
BRDA:93,5,0,0
BRDA:93,5,1,0
BRDA:117,6,0,0
BRDA:117,6,1,0
BRDA:190,7,0,0
BRDA:195,8,0,0
BRDA:195,8,1,0
BRF:16
BRH:0
end_of_record
TN:
SF:projects/core/src/lib/grid/grid-container.ts
FN:24,(anonymous_0)
FN:35,(anonymous_1)
FN:42,(anonymous_2)
FN:52,(anonymous_3)
FN:53,(anonymous_4)
FN:59,(anonymous_5)
FN:65,(anonymous_6)
FN:71,(anonymous_7)
FN:72,(anonymous_8)
FN:77,(anonymous_9)
FN:78,(anonymous_10)
FN:84,(anonymous_11)
FN:89,(anonymous_12)
FN:95,(anonymous_13)
FN:99,(anonymous_14)
FN:104,(anonymous_15)
FN:105,(anonymous_16)
FN:117,(anonymous_17)
FN:121,(anonymous_18)
FN:132,(anonymous_19)
FN:133,(anonymous_20)
FN:141,(anonymous_21)
FN:145,(anonymous_22)
FN:153,(anonymous_23)
FN:157,(anonymous_24)
FN:165,(anonymous_25)
FN:172,(anonymous_26)
FN:177,(anonymous_27)
FNF:28
FNH:0
FNDA:0,(anonymous_0)
FNDA:0,(anonymous_1)
FNDA:0,(anonymous_2)
FNDA:0,(anonymous_3)
FNDA:0,(anonymous_4)
FNDA:0,(anonymous_5)
FNDA:0,(anonymous_6)
FNDA:0,(anonymous_7)
FNDA:0,(anonymous_8)
FNDA:0,(anonymous_9)
FNDA:0,(anonymous_10)
FNDA:0,(anonymous_11)
FNDA:0,(anonymous_12)
FNDA:0,(anonymous_13)
FNDA:0,(anonymous_14)
FNDA:0,(anonymous_15)
FNDA:0,(anonymous_16)
FNDA:0,(anonymous_17)
FNDA:0,(anonymous_18)
FNDA:0,(anonymous_19)
FNDA:0,(anonymous_20)
FNDA:0,(anonymous_21)
FNDA:0,(anonymous_22)
FNDA:0,(anonymous_23)
FNDA:0,(anonymous_24)
FNDA:0,(anonymous_25)
FNDA:0,(anonymous_26)
FNDA:0,(anonymous_27)
DA:1,0
DA:2,0
DA:4,0
DA:5,0
DA:10,0
DA:15,0
DA:28,0
DA:29,0
DA:36,0
DA:43,0
DA:44,0
DA:45,0
DA:53,0
DA:60,0
DA:66,0
DA:72,0
DA:78,0
DA:88,0
DA:89,0
DA:99,0
DA:105,0
DA:106,0
DA:107,0
DA:108,0
DA:109,0
DA:121,0
DA:122,0
DA:133,0
DA:134,0
DA:145,0
DA:146,0
DA:157,0
DA:158,0
DA:166,0
DA:176,0
DA:177,0
DA:179,0
DA:180,0
DA:184,0
LF:39
LH:0
BRDA:44,0,0,0
BRDA:71,1,0,0
BRDA:77,2,0,0
BRDA:88,3,0,0
BRDA:106,4,0,0
BRDA:118,5,0,0
BRDA:119,6,0,0
BRDA:122,7,0,0
BRDA:122,7,1,0
BRDA:123,8,0,0
BRDA:123,8,1,0
BRDA:132,9,0,0
BRDA:176,10,0,0
BRDA:179,11,0,0
BRF:14
BRH:0
end_of_record
TN:
SF:projects/core/src/lib/grid/grid-field.ts
FN:7,(anonymous_0)
FNF:1
FNH:0
FNDA:0,(anonymous_0)
DA:1,0
DA:2,0
DA:4,0
DA:8,0
DA:9,0
DA:10,0
DA:11,0
DA:12,0
DA:13,0
DA:14,0
DA:15,0
LF:11
LH:0
BRDA:10,0,0,0
BRDA:10,0,1,0
BRDA:13,1,0,0
BRF:3
BRH:0
end_of_record
TN:
SF:projects/core/src/lib/grid/grid-filter-function.ts
FN:4,_number
FN:23,_float
FN:47,standard
FNF:3
FNH:0
FNDA:0,_number
FNDA:0,_float
FNDA:0,standard
DA:1,0
DA:2,0
DA:5,0
DA:6,0
DA:8,0
DA:9,0
DA:11,0
DA:12,0
DA:14,0
DA:15,0
DA:17,0
DA:18,0
DA:20,0
DA:24,0
DA:25,0
DA:27,0
DA:28,0
DA:30,0
DA:31,0
DA:33,0
DA:34,0
DA:36,0
DA:37,0
DA:39,0
DA:47,0
DA:48,0
DA:49,0
DA:50,0
DA:51,0
DA:53,0
DA:54,0
DA:55,0
DA:57,0
DA:59,0
DA:60,0
DA:62,0
DA:63,0
DA:65,0
DA:67,0
DA:68,0
DA:70,0
DA:71,0
DA:73,0
DA:75,0
DA:77,0
DA:79,0
DA:80,0
DA:82,0
DA:83,0
DA:85,0
DA:87,0
DA:89,0
DA:90,0
DA:92,0
DA:93,0
DA:95,0
DA:98,0
DA:100,0
DA:101,0
DA:103,0
DA:104,0
DA:106,0
DA:108,0
DA:110,0
DA:111,0
DA:113,0
DA:114,0
DA:116,0
DA:118,0
DA:121,0
DA:125,0
DA:127,0
DA:129,0
DA:132,0
DA:135,0
LF:75
LH:0
BRDA:6,0,0,0
BRDA:6,0,1,0
BRDA:6,0,2,0
BRDA:6,0,3,0
BRDA:25,1,0,0
BRDA:25,1,1,0
BRDA:25,1,2,0
BRDA:25,1,3,0
BRDA:53,2,0,0
BRDA:57,3,0,0
BRDA:57,3,1,0
BRDA:57,3,2,0
BRDA:57,3,3,0
BRDA:65,4,0,0
BRDA:65,4,1,0
BRDA:75,5,0,0
BRDA:75,5,1,0
BRDA:75,5,2,0
BRDA:75,5,3,0
BRDA:77,6,0,0
BRDA:77,6,1,0
BRDA:87,7,0,0
BRDA:87,7,1,0
BRDA:98,8,0,0
BRDA:98,8,1,0
BRDA:108,9,0,0
BRDA:108,9,1,0
BRDA:125,10,0,0
BRDA:125,10,1,0
BRF:29
BRH:0
end_of_record
TN:
SF:projects/core/src/lib/grid/grid-filter.ts
FN:21,(anonymous_0)
FN:25,(anonymous_1)
FN:53,(anonymous_2)
FN:59,(anonymous_3)
FN:63,(anonymous_4)
FN:67,(anonymous_5)
FN:70,(anonymous_6)
FN:74,(anonymous_7)
FN:78,(anonymous_8)
FN:86,(anonymous_9)
FN:93,(anonymous_10)
FN:100,(anonymous_11)
FN:107,(anonymous_12)
FN:114,(anonymous_13)
FN:122,(anonymous_14)
FN:129,(anonymous_15)
FN:136,(anonymous_16)
FN:143,(anonymous_17)
FN:150,(anonymous_18)
FN:154,(anonymous_19)
FN:170,(anonymous_20)
FN:191,(anonymous_21)
FNF:22
FNH:0
FNDA:0,(anonymous_0)
FNDA:0,(anonymous_1)
FNDA:0,(anonymous_2)
FNDA:0,(anonymous_3)
FNDA:0,(anonymous_4)
FNDA:0,(anonymous_5)
FNDA:0,(anonymous_6)
FNDA:0,(anonymous_7)
FNDA:0,(anonymous_8)
FNDA:0,(anonymous_9)
FNDA:0,(anonymous_10)
FNDA:0,(anonymous_11)
FNDA:0,(anonymous_12)
FNDA:0,(anonymous_13)
FNDA:0,(anonymous_14)
FNDA:0,(anonymous_15)
FNDA:0,(anonymous_16)
FNDA:0,(anonymous_17)
FNDA:0,(anonymous_18)
FNDA:0,(anonymous_19)
FNDA:0,(anonymous_20)
FNDA:0,(anonymous_21)
DA:1,0
DA:2,0
DA:7,0
DA:9,0
DA:22,0
DA:33,0
DA:34,0
DA:35,0
DA:36,0
DA:41,0
DA:54,0
DA:60,0
DA:64,0
DA:68,0
DA:71,0
DA:75,0
DA:79,0
DA:87,0
DA:94,0
DA:101,0
DA:108,0
DA:115,0
DA:123,0
DA:130,0
DA:137,0
DA:144,0
DA:151,0
DA:158,0
DA:161,0
DA:168,0
DA:169,0
DA:170,0
DA:174,0
DA:176,0
DA:177,0
DA:178,0
DA:179,0
DA:180,0
DA:181,0
DA:183,0
DA:184,0
DA:186,0
DA:187,0
DA:192,0
DA:193,0
DA:194,0
DA:195,0
DA:196,0
DA:197,0
DA:198,0
DA:199,0
DA:201,0
DA:206,0
DA:207,0
DA:208,0
DA:209,0
LF:56
LH:0
BRDA:33,0,0,0
BRDA:37,1,0,0
BRDA:37,1,1,0
BRDA:37,2,0,0
BRDA:37,2,1,0
BRDA:154,3,0,0
BRDA:158,4,0,0
BRDA:158,4,1,0
BRDA:158,4,2,0
BRDA:161,5,0,0
BRDA:161,5,1,0
BRDA:168,6,0,0
BRDA:183,7,0,0
BRF:13
BRH:0
end_of_record
TN:
SF:projects/core/src/lib/grid/grid-generic.ts
FN:28,(anonymous_0)
FN:32,(anonymous_1)
FN:36,(anonymous_2)
FN:40,(anonymous_3)
FN:44,(anonymous_4)
FN:48,(anonymous_5)
FN:52,(anonymous_6)
FN:64,(anonymous_7)
FNF:8
FNH:0
FNDA:0,(anonymous_0)
FNDA:0,(anonymous_1)
FNDA:0,(anonymous_2)
FNDA:0,(anonymous_3)
FNDA:0,(anonymous_4)
FNDA:0,(anonymous_5)
FNDA:0,(anonymous_6)
FNDA:0,(anonymous_7)
DA:1,0
DA:2,0
DA:8,0
DA:23,0
DA:29,0
DA:33,0
DA:37,0
DA:41,0
DA:45,0
DA:49,0
DA:53,0
DA:54,0
DA:55,0
DA:61,0
DA:65,0
DA:66,0
DA:67,0
DA:68,0
DA:69,0
DA:70,0
DA:71,0
DA:72,0
DA:73,0
DA:74,0
DA:75,0
DA:80,0
DA:81,0
DA:82,0
DA:86,0
DA:87,0
DA:88,0
DA:89,0
DA:90,0
DA:91,0
DA:92,0
LF:35
LH:0
BRDA:53,0,0,0
BRDA:54,1,0,0
BRF:2
BRH:0
end_of_record
TN:
SF:projects/core/src/lib/grid/grid-header.ts
FN:6,(anonymous_0)
FNF:1
FNH:0
FNDA:0,(anonymous_0)
DA:1,0
DA:2,0
DA:4,0
DA:5,0
DA:7,0
DA:8,0
LF:6
LH:0
BRF:0
BRH:0
end_of_record
TN:
SF:projects/core/src/lib/grid/grid-label.ts
FN:14,(anonymous_0)
FN:18,(anonymous_1)
FN:23,(anonymous_2)
FN:27,(anonymous_3)
FN:32,(anonymous_4)
FN:36,(anonymous_5)
FN:42,(anonymous_6)
FN:50,(anonymous_7)
FNF:8
FNH:0
FNDA:0,(anonymous_0)
FNDA:0,(anonymous_1)
FNDA:0,(anonymous_2)
FNDA:0,(anonymous_3)
FNDA:0,(anonymous_4)
FNDA:0,(anonymous_5)
FNDA:0,(anonymous_6)
FNDA:0,(anonymous_7)
DA:1,0
DA:6,0
DA:15,0
DA:19,0
DA:20,0
DA:24,0
DA:28,0
DA:29,0
DA:33,0
DA:37,0
DA:43,0
DA:44,0
DA:46,0
DA:51,0
DA:52,0
DA:53,0
DA:54,0
DA:55,0
DA:56,0
LF:19
LH:0
BRDA:43,0,0,0
BRDA:43,0,1,0
BRF:2
BRH:0
end_of_record
TN:
SF:projects/core/src/lib/grid/grid-option.ts
FN:19,(anonymous_0)
FNF:1
FNH:0
FNDA:0,(anonymous_0)
DA:1,0
DA:2,0
DA:3,0
DA:8,0
DA:20,0
DA:21,0
DA:22,0
DA:27,0
DA:28,0
DA:29,0
DA:30,0
LF:11
LH:0
BRF:0
BRH:0
end_of_record
TN:
SF:projects/core/src/lib/grid/grid-row.ts
FN:6,(anonymous_0)
FNF:1
FNH:0
FNDA:0,(anonymous_0)
DA:1,0
DA:5,0
DA:7,0
LF:3
LH:0
BRF:0
BRH:0
end_of_record
TN:
SF:projects/core/src/lib/grid/grid-schema.ts
FN:27,(anonymous_0)
FN:31,(anonymous_1)
FN:35,(anonymous_2)
FN:39,(anonymous_3)
FN:43,(anonymous_4)
FN:47,(anonymous_5)
FN:54,(anonymous_6)
FN:64,(anonymous_7)
FNF:8
FNH:0
FNDA:0,(anonymous_0)
FNDA:0,(anonymous_1)
FNDA:0,(anonymous_2)
FNDA:0,(anonymous_3)
FNDA:0,(anonymous_4)
FNDA:0,(anonymous_5)
FNDA:0,(anonymous_6)
FNDA:0,(anonymous_7)
DA:1,0
DA:2,0
DA:3,0
DA:9,0
DA:25,0
DA:28,0
DA:32,0
DA:36,0
DA:40,0
DA:44,0
DA:48,0
DA:58,0
DA:62,0
DA:63,0
DA:64,0
DA:68,0
DA:69,0
DA:74,0
DA:75,0
DA:80,0
DA:85,0
DA:86,0
DA:87,0
DA:88,0
DA:93,0
DA:98,0
DA:99,0
DA:103,0
DA:104,0
DA:107,0
LF:30
LH:0
BRDA:44,0,0,0
BRDA:44,0,1,0
BRDA:49,1,0,0
BRDA:49,1,1,0
BRDA:62,2,0,0
BRF:5
BRH:0
end_of_record
TN:
SF:projects/core/src/lib/grid/grid-sort.ts
FN:9,(anonymous_0)
FN:17,(anonymous_1)
FN:21,(anonymous_2)
FN:25,(anonymous_3)
FN:29,(anonymous_4)
FNF:5
FNH:0
FNDA:0,(anonymous_0)
FNDA:0,(anonymous_1)
FNDA:0,(anonymous_2)
FNDA:0,(anonymous_3)
FNDA:0,(anonymous_4)
DA:1,0
DA:2,0
DA:4,0
DA:10,0
DA:11,0
DA:13,0
DA:18,0
DA:22,0
DA:26,0
DA:30,0
DA:31,0
DA:32,0
LF:12
LH:0
BRDA:10,0,0,0
BRDA:10,0,1,0
BRF:2
BRH:0
end_of_record
TN:
SF:projects/core/src/lib/grid/grid-summary.ts
FN:13,(anonymous_0)
FN:17,(anonymous_1)
FN:21,(anonymous_2)
FN:25,(anonymous_3)
FN:29,(anonymous_4)
FN:33,(anonymous_5)
FN:37,(anonymous_6)
FN:41,(anonymous_7)
FN:45,(anonymous_8)
FN:49,(anonymous_9)
FN:53,(anonymous_10)
FN:57,(anonymous_11)
FN:61,(anonymous_12)
FN:67,(anonymous_13)
FN:74,(anonymous_14)
FN:88,(anonymous_15)
FNF:16
FNH:0
FNDA:0,(anonymous_0)
FNDA:0,(anonymous_1)
FNDA:0,(anonymous_2)
FNDA:0,(anonymous_3)
FNDA:0,(anonymous_4)
FNDA:0,(anonymous_5)
FNDA:0,(anonymous_6)
FNDA:0,(anonymous_7)
FNDA:0,(anonymous_8)
FNDA:0,(anonymous_9)
FNDA:0,(anonymous_10)
FNDA:0,(anonymous_11)
FNDA:0,(anonymous_12)
FNDA:0,(anonymous_13)
FNDA:0,(anonymous_14)
FNDA:0,(anonymous_15)
DA:1,0
DA:3,0
DA:14,0
DA:18,0
DA:22,0
DA:26,0
DA:30,0
DA:34,0
DA:38,0
DA:42,0
DA:46,0
DA:50,0
DA:54,0
DA:58,0
DA:62,0
DA:68,0
DA:69,0
DA:70,0
DA:71,0
DA:72,0
DA:73,0
DA:74,0
DA:75,0
DA:76,0
DA:77,0
DA:78,0
DA:79,0
DA:83,0
DA:85,0
DA:89,0
DA:90,0
DA:91,0
DA:92,0
DA:93,0
DA:94,0
DA:95,0
DA:96,0
LF:37
LH:0
BRDA:42,0,0,0
BRDA:42,0,1,0
BRDA:73,1,0,0
BRDA:76,2,0,0
BRDA:76,2,1,0
BRDA:77,3,0,0
BRDA:77,3,1,0
BRDA:78,4,0,0
BRDA:78,4,1,0
BRDA:79,5,0,0
BRDA:79,5,1,0
BRF:11
BRH:0
end_of_record
TN:
SF:projects/core/src/lib/grid/grid.ts
FN:12,(anonymous_0)
FN:13,(anonymous_1)
FN:18,(anonymous_2)
FN:20,(anonymous_3)
FN:27,(anonymous_4)
FN:30,(anonymous_5)
FN:40,(anonymous_6)
FNF:7
FNH:0
FNDA:0,(anonymous_0)
FNDA:0,(anonymous_1)
FNDA:0,(anonymous_2)
FNDA:0,(anonymous_3)
FNDA:0,(anonymous_4)
FNDA:0,(anonymous_5)
FNDA:0,(anonymous_6)
DA:1,0
DA:2,0
DA:3,0
DA:8,0
DA:10,0
DA:13,0
DA:14,0
DA:19,0
DA:20,0
DA:21,0
DA:24,0
DA:28,0
DA:29,0
DA:30,0
DA:31,0
DA:41,0
DA:42,0
DA:43,0
LF:18
LH:0
BRDA:19,0,0,0
BRDA:28,1,0,0
BRDA:29,2,0,0
BRF:3
BRH:0
end_of_record
TN:
SF:projects/core/src/lib/grid/index.ts
FNF:0
FNH:0
DA:1,0
DA:2,0
DA:3,0
DA:4,0
DA:5,0
DA:6,0
DA:7,0
DA:8,0
DA:9,0
DA:10,0
DA:11,0
DA:12,0
DA:13,0
DA:14,0
DA:15,0
DA:16,0
DA:17,0
DA:18,0
DA:19,0
DA:20,0
LF:20
LH:0
BRF:0
BRH:0
end_of_record
TN:
SF:projects/core/src/lib/grid/tooltip-component.ts
FN:8,(anonymous_0)
FNF:1
FNH:0
FNDA:0,(anonymous_0)
DA:1,0
DA:3,0
DA:9,0
LF:3
LH:0
BRF:0
BRH:0
end_of_record
TN:
SF:projects/core/src/lib/http/authentication.ts
FN:19,(anonymous_0)
FN:21,(anonymous_1)
FN:23,(anonymous_2)
FN:24,(anonymous_3)
FN:25,(anonymous_4)
FN:26,(anonymous_5)
FN:27,(anonymous_6)
FN:29,(anonymous_7)
FN:31,(anonymous_8)
FN:36,(anonymous_9)
FNF:10
FNH:0
FNDA:0,(anonymous_0)
FNDA:0,(anonymous_1)
FNDA:0,(anonymous_2)
FNDA:0,(anonymous_3)
FNDA:0,(anonymous_4)
FNDA:0,(anonymous_5)
FNDA:0,(anonymous_6)
FNDA:0,(anonymous_7)
FNDA:0,(anonymous_8)
FNDA:0,(anonymous_9)
DA:1,0
DA:5,0
DA:6,0
DA:7,0
DA:8,0
DA:9,0
DA:10,0
DA:11,0
DA:12,0
DA:13,0
DA:14,0
DA:19,0
DA:20,0
DA:21,0
DA:22,0
DA:23,0
DA:24,0
DA:25,0
DA:26,0
DA:27,0
DA:28,0
DA:29,0
DA:30,0
DA:31,0
DA:37,0
DA:44,0
LF:26
LH:0
BRF:0
BRH:0
end_of_record
TN:
SF:projects/core/src/lib/http/cookie.ts
FN:10,(anonymous_0)
FN:26,(anonymous_1)
FN:36,(anonymous_2)
FN:49,(anonymous_3)
FN:56,(anonymous_4)
FN:58,(anonymous_5)
FN:68,(anonymous_6)
FN:72,(anonymous_7)
FN:85,(anonymous_8)
FN:127,(anonymous_9)
FN:171,(anonymous_10)
FN:183,(anonymous_11)
FNF:12
FNH:0
FNDA:0,(anonymous_0)
FNDA:0,(anonymous_1)
FNDA:0,(anonymous_2)
FNDA:0,(anonymous_3)
FNDA:0,(anonymous_4)
FNDA:0,(anonymous_5)
FNDA:0,(anonymous_6)
FNDA:0,(anonymous_7)
FNDA:0,(anonymous_8)
FNDA:0,(anonymous_9)
FNDA:0,(anonymous_10)
FNDA:0,(anonymous_11)
DA:1,0
DA:2,0
DA:4,0
DA:14,0
DA:15,0
DA:16,0
DA:17,0
DA:27,0
DA:37,0
DA:38,0
DA:41,0
DA:50,0
DA:57,0
DA:58,0
DA:59,0
DA:69,0
DA:70,0
DA:72,0
DA:73,0
DA:86,0
DA:87,0
DA:88,0
DA:91,0
DA:93,0
DA:94,0
DA:95,0
DA:98,0
DA:99,0
DA:102,0
DA:103,0
DA:104,0
DA:105,0
DA:106,0
DA:112,0
DA:113,0
DA:114,0
DA:119,0
DA:128,0
DA:129,0
DA:130,0
DA:131,0
DA:139,0
DA:140,0
DA:141,0
DA:142,0
DA:143,0
DA:145,0
DA:146,0
DA:147,0
DA:148,0
DA:150,0
DA:154,0
DA:155,0
DA:162,0
DA:172,0
DA:173,0
DA:175,0
LF:57
LH:0
BRDA:14,0,0,0
BRDA:15,1,0,0
BRDA:17,2,0,0
BRDA:17,2,1,0
BRDA:37,3,0,0
BRDA:49,4,0,0
BRDA:93,5,0,0
BRDA:98,6,0,0
BRDA:103,7,0,0
BRDA:103,7,1,0
BRDA:104,8,0,0
BRDA:104,8,1,0
BRDA:105,9,0,0
BRDA:105,9,1,0
BRDA:106,10,0,0
BRDA:106,10,1,0
BRDA:113,11,0,0
BRDA:139,12,0,0
BRDA:139,12,1,0
BRDA:140,13,0,0
BRDA:148,14,0,0
BRDA:154,15,0,0
BRF:22
BRH:0
end_of_record
TN:
SF:projects/core/src/lib/http/cookieOption.ts
FN:11,(anonymous_0)
FNF:1
FNH:0
FNDA:0,(anonymous_0)
DA:3,0
DA:4,0
DA:5,0
DA:6,0
DA:7,0
DA:12,0
LF:6
LH:0
BRF:0
BRH:0
end_of_record
TN:
SF:projects/core/src/lib/http/environment.ts
FN:18,(anonymous_0)
FN:18,(anonymous_1)
FN:19,(anonymous_2)
FN:20,(anonymous_3)
FN:24,(anonymous_4)
FN:25,(anonymous_5)
FN:26,(anonymous_6)
FN:27,(anonymous_7)
FN:28,(anonymous_8)
FN:29,(anonymous_9)
FN:30,(anonymous_10)
FN:35,(anonymous_11)
FN:38,(anonymous_12)
FNF:13
FNH:0
FNDA:0,(anonymous_0)
FNDA:0,(anonymous_1)
FNDA:0,(anonymous_2)
FNDA:0,(anonymous_3)
FNDA:0,(anonymous_4)
FNDA:0,(anonymous_5)
FNDA:0,(anonymous_6)
FNDA:0,(anonymous_7)
FNDA:0,(anonymous_8)
FNDA:0,(anonymous_9)
FNDA:0,(anonymous_10)
FNDA:0,(anonymous_11)
FNDA:0,(anonymous_12)
DA:1,0
DA:2,0
DA:3,0
DA:4,0
DA:8,0
DA:9,0
DA:10,0
DA:11,0
DA:12,0
DA:13,0
DA:14,0
DA:15,0
DA:16,0
DA:18,0
DA:19,0
DA:20,0
DA:24,0
DA:25,0
DA:26,0
DA:27,0
DA:28,0
DA:29,0
DA:30,0
DA:36,0
DA:37,0
DA:38,0
LF:26
LH:0
BRDA:20,0,0,0
BRDA:20,0,1,0
BRDA:37,1,0,0
BRDA:37,2,0,0
BRDA:37,2,1,0
BRF:5
BRH:0
end_of_record
TN:
SF:projects/core/src/lib/http/error.ts
FN:11,(anonymous_0)
FN:18,(anonymous_1)
FNF:2
FNH:0
FNDA:0,(anonymous_0)
FNDA:0,(anonymous_1)
DA:1,0
DA:2,0
DA:4,0
DA:5,0
DA:6,0
DA:12,0
DA:19,0
DA:20,0
LF:8
LH:0
BRDA:12,0,0,0
BRDA:12,0,1,0
BRF:2
BRH:0
end_of_record
TN:
SF:projects/core/src/lib/http/hostname.ts
FN:11,(anonymous_0)
FN:15,(anonymous_1)
FN:20,(anonymous_2)
FNF:3
FNH:0
FNDA:0,(anonymous_0)
FNDA:0,(anonymous_1)
FNDA:0,(anonymous_2)
DA:1,0
DA:5,0
DA:6,0
DA:7,0
DA:11,0
DA:15,0
DA:21,0
DA:25,0
LF:8
LH:0
BRF:0
BRH:0
end_of_record
TN:
SF:projects/core/src/lib/http/index.ts
FNF:0
FNH:0
DA:1,0
DA:2,0
DA:3,0
DA:4,0
DA:5,0
DA:6,0
DA:7,0
DA:8,0
DA:9,0
LF:9
LH:0
BRF:0
BRH:0
end_of_record
TN:
SF:projects/core/src/lib/http/response.ts
FN:13,(anonymous_0)
FN:17,(anonymous_1)
FN:27,(anonymous_2)
FN:49,(anonymous_3)
FN:65,(anonymous_4)
FNF:5
FNH:0
FNDA:0,(anonymous_0)
FNDA:0,(anonymous_1)
FNDA:0,(anonymous_2)
FNDA:0,(anonymous_3)
FNDA:0,(anonymous_4)
DA:1,0
DA:2,0
DA:7,0
DA:9,0
DA:10,0
DA:14,0
DA:18,0
DA:28,0
DA:29,0
DA:30,0
DA:31,0
DA:41,0
DA:42,0
DA:46,0
DA:47,0
DA:49,0
DA:50,0
DA:53,0
DA:57,0
DA:58,0
DA:60,0
DA:64,0
DA:65,0
DA:66,0
LF:24
LH:0
BRDA:19,0,0,0
BRDA:19,0,1,0
BRDA:19,0,2,0
BRDA:27,1,0,0
BRDA:27,2,0,0
BRDA:41,3,0,0
BRDA:42,4,0,0
BRDA:42,4,1,0
BRDA:46,5,0,0
BRDA:46,5,1,0
BRDA:53,6,0,0
BRDA:57,7,0,0
BRDA:57,7,1,0
BRDA:64,8,0,0
BRF:14
BRH:0
end_of_record
TN:
SF:projects/core/src/lib/http/token.ts
FN:10,(anonymous_0)
FN:16,(anonymous_1)
FN:22,(anonymous_2)
FN:28,(anonymous_3)
FN:35,(anonymous_4)
FNF:5
FNH:0
FNDA:0,(anonymous_0)
FNDA:0,(anonymous_1)
FNDA:0,(anonymous_2)
FNDA:0,(anonymous_3)
FNDA:0,(anonymous_4)
DA:1,0
DA:2,0
DA:4,0
DA:11,0
DA:17,0
DA:23,0
DA:29,0
DA:30,0
DA:36,0
DA:37,0
DA:38,0
DA:39,0
LF:12
LH:0
BRF:0
BRH:0
end_of_record
TN:
SF:projects/core/src/lib/library/functions.ts
FN:4,isNull
FN:11,isUndefined
FN:18,isNullOrUndefined
FN:27,isDefined
FN:34,isObject
FN:42,isFunction
FN:49,isNumber
FN:56,isDecimal
FN:68,isString
FN:75,isDate
FN:82,isEmpty
FN:101,isEmptyObject
FN:108,ObjectPropertySort
FN:109,(anonymous_13)
FN:111,(anonymous_14)
FN:125,startsWith
FN:132,startsWithWord
FN:139,exactMatch
FN:159,endsWith
FN:174,exact
FN:188,contains
FN:202,camelCase
FN:205,(anonymous_22)
FN:209,(anonymous_23)
FN:220,isStringWithLength
FN:227,isArray
FN:234,isArrayWithLength
FN:241,isTrue
FN:248,isFalse
FN:255,isBoolean
FN:262,hasOwnProperty
FN:269,getProperty
FN:279,createInstance
FN:289,init
FN:308,pad
FN:309,(anonymous_35)
FN:333,findItem
FN:338,(anonymous_37)
FN:342,(anonymous_38)
FN:356,wordCount
FN:363,isSafariBrowser
FN:373,isPowerOf2
FN:381,toBinary
FN:385,ObjectParse
FNF:44
FNH:0
FNDA:0,isNull
FNDA:0,isUndefined
FNDA:0,isNullOrUndefined
FNDA:0,isDefined
FNDA:0,isObject
FNDA:0,isFunction
FNDA:0,isNumber
FNDA:0,isDecimal
FNDA:0,isString
FNDA:0,isDate
FNDA:0,isEmpty
FNDA:0,isEmptyObject
FNDA:0,ObjectPropertySort
FNDA:0,(anonymous_13)
FNDA:0,(anonymous_14)
FNDA:0,startsWith
FNDA:0,startsWithWord
FNDA:0,exactMatch
FNDA:0,endsWith
FNDA:0,exact
FNDA:0,contains
FNDA:0,camelCase
FNDA:0,(anonymous_22)
FNDA:0,(anonymous_23)
FNDA:0,isStringWithLength
FNDA:0,isArray
FNDA:0,isArrayWithLength
FNDA:0,isTrue
FNDA:0,isFalse
FNDA:0,isBoolean
FNDA:0,hasOwnProperty
FNDA:0,getProperty
FNDA:0,createInstance
FNDA:0,init
FNDA:0,pad
FNDA:0,(anonymous_35)
FNDA:0,findItem
FNDA:0,(anonymous_37)
FNDA:0,(anonymous_38)
FNDA:0,wordCount
FNDA:0,isSafariBrowser
FNDA:0,isPowerOf2
FNDA:0,toBinary
FNDA:0,ObjectParse
DA:4,1
DA:5,0
DA:11,1
DA:12,0
DA:18,1
DA:19,0
DA:27,1
DA:28,0
DA:34,1
DA:35,0
DA:36,0
DA:42,1
DA:43,0
DA:49,1
DA:50,0
DA:56,1
DA:57,0
DA:58,0
DA:59,0
DA:62,0
DA:68,1
DA:69,0
DA:75,1
DA:76,0
DA:82,1
DA:83,0
DA:84,0
DA:85,0
DA:86,0
DA:87,0
DA:88,0
DA:89,0
DA:91,0
DA:95,0
DA:101,1
DA:102,0
DA:108,1
DA:109,0
DA:110,0
DA:111,0
DA:112,0
DA:115,0
DA:116,0
DA:119,0
DA:125,1
DA:126,0
DA:132,1
DA:133,0
DA:139,1
DA:144,0
DA:145,0
DA:146,0
DA:147,0
DA:148,0
DA:153,0
DA:159,1
DA:164,0
DA:165,0
DA:168,0
DA:174,1
DA:179,0
DA:180,0
DA:182,0
DA:188,1
DA:193,0
DA:194,0
DA:196,0
DA:202,1
DA:203,0
DA:204,0
DA:206,0
DA:210,0
DA:214,0
DA:220,1
DA:221,0
DA:227,1
DA:228,0
DA:234,1
DA:235,0
DA:241,1
DA:242,0
DA:248,1
DA:249,0
DA:255,1
DA:256,0
DA:262,1
DA:263,0
DA:269,1
DA:271,0
DA:273,0
DA:279,1
DA:283,0
DA:289,1
DA:294,0
DA:295,0
DA:296,0
DA:297,0
DA:301,0
DA:308,1
DA:309,0
DA:310,0
DA:311,0
DA:312,0
DA:313,0
DA:316,0
DA:319,0
DA:320,0
DA:321,0
DA:322,0
DA:323,0
DA:325,0
DA:328,0
DA:333,1
DA:334,0
DA:335,0
DA:337,0
DA:338,0
DA:339,0
DA:341,0
DA:342,0
DA:343,0
DA:347,0
DA:348,0
DA:356,1
DA:357,0
DA:363,1
DA:364,0
DA:373,1
DA:374,0
DA:375,0
DA:378,0
DA:381,1
DA:382,0
DA:385,1
DA:386,0
DA:387,0
DA:388,0
DA:389,0
DA:390,0
DA:391,0
DA:392,0
DA:393,0
DA:394,0
DA:395,0
DA:396,0
DA:398,0
DA:399,0
DA:400,0
DA:401,0
DA:404,0
DA:408,0
DA:413,0
DA:416,1
LF:153
LH:38
BRDA:19,0,0,0
BRDA:19,0,1,0
BRDA:35,1,0,0
BRDA:43,2,0,0
BRDA:43,2,1,0
BRDA:50,3,0,0
BRDA:50,3,1,0
BRDA:57,4,0,0
BRDA:69,5,0,0
BRDA:69,5,1,0
BRDA:76,6,0,0
BRDA:76,6,1,0
BRDA:76,6,2,0
BRDA:83,7,0,0
BRDA:83,7,1,0
BRDA:85,8,0,0
BRDA:86,9,0,0
BRDA:86,9,1,0
BRDA:88,10,0,0
BRDA:88,10,1,0
BRDA:102,11,0,0
BRDA:102,11,1,0
BRDA:108,12,0,0
BRDA:115,13,0,0
BRDA:115,14,0,0
BRDA:115,14,1,0
BRDA:116,15,0,0
BRDA:132,16,0,0
BRDA:133,17,0,0
BRDA:133,17,1,0
BRDA:142,18,0,0
BRDA:144,19,0,0
BRDA:148,20,0,0
BRDA:148,20,1,0
BRDA:162,21,0,0
BRDA:164,22,0,0
BRDA:165,23,0,0
BRDA:165,23,1,0
BRDA:177,24,0,0
BRDA:179,25,0,0
BRDA:180,26,0,0
BRDA:180,26,1,0
BRDA:191,27,0,0
BRDA:193,28,0,0
BRDA:194,29,0,0
BRDA:194,29,1,0
BRDA:203,30,0,0
BRDA:221,31,0,0
BRDA:221,31,1,0
BRDA:228,32,0,0
BRDA:228,32,1,0
BRDA:235,33,0,0
BRDA:235,33,1,0
BRDA:242,34,0,0
BRDA:242,34,1,0
BRDA:242,34,2,0
BRDA:249,35,0,0
BRDA:249,35,1,0
BRDA:249,35,2,0
BRDA:256,36,0,0
BRDA:256,36,1,0
BRDA:263,37,0,0
BRDA:263,37,1,0
BRDA:294,38,0,0
BRDA:295,39,0,0
BRDA:297,40,0,0
BRDA:297,40,1,0
BRDA:308,41,0,0
BRDA:310,42,0,0
BRDA:313,43,0,0
BRDA:313,43,1,0
BRDA:319,44,0,0
BRDA:319,45,0,0
BRDA:319,45,1,0
BRDA:333,46,0,0
BRDA:334,47,0,0
BRDA:337,48,0,0
BRDA:337,48,1,0
BRDA:341,49,0,0
BRDA:341,50,0,0
BRDA:341,50,1,0
BRDA:347,51,0,0
BRDA:357,52,0,0
BRDA:357,52,1,0
BRDA:365,53,0,0
BRDA:365,53,1,0
BRDA:374,54,0,0
BRDA:374,55,0,0
BRDA:374,55,1,0
BRDA:385,56,0,0
BRDA:386,57,0,0
BRDA:389,58,0,0
BRDA:391,59,0,0
BRDA:393,60,0,0
BRDA:393,60,1,0
BRDA:393,61,0,0
BRDA:393,61,1,0
BRDA:395,62,0,0
BRDA:398,63,0,0
BRDA:398,63,1,0
BRDA:400,64,0,0
BRF:101
BRH:0
end_of_record
TN:
SF:projects/core/src/lib/library/index.ts
FNF:0
FNH:0
DA:1,1
DA:2,1
DA:3,1
DA:4,1
DA:5,1
DA:6,1
LF:6
LH:6
BRF:0
BRH:0
end_of_record
TN:
SF:projects/core/src/lib/library/sort-by.ts
FN:1,ascending
FN:5,descending
FN:9,nameAscending
FN:13,nameDescending
FN:17,idAscending
FN:21,idDescending
FN:25,emailAscending
FN:29,emailDescending
FNF:8
FNH:0
FNDA:0,ascending
FNDA:0,descending
FNDA:0,nameAscending
FNDA:0,nameDescending
FNDA:0,idAscending
FNDA:0,idDescending
FNDA:0,emailAscending
FNDA:0,emailDescending
DA:2,0
DA:6,0
DA:10,0
DA:14,0
DA:18,0
DA:22,0
DA:26,0
DA:30,0
DA:33,1
LF:9
LH:1
BRDA:10,0,0,0
BRDA:10,0,1,0
BRDA:10,1,0,0
BRDA:10,1,1,0
BRDA:14,2,0,0
BRDA:14,2,1,0
BRDA:14,3,0,0
BRDA:14,3,1,0
BRDA:18,4,0,0
BRDA:18,4,1,0
BRDA:18,5,0,0
BRDA:18,5,1,0
BRDA:22,6,0,0
BRDA:22,6,1,0
BRDA:22,7,0,0
BRDA:22,7,1,0
BRDA:26,8,0,0
BRDA:26,8,1,0
BRDA:26,9,0,0
BRDA:26,9,1,0
BRDA:30,10,0,0
BRDA:30,10,1,0
BRDA:30,11,0,0
BRDA:30,11,1,0
BRF:24
BRH:0
end_of_record
TN:
SF:projects/core/src/lib/library/validate.ts
FN:3,isEmail
FN:14,isInRange
FN:24,isWordCountInRange
FN:32,hasComparisonOperator
FN:42,hasInverseOperator
FNF:5
FNH:0
FNDA:0,isEmail
FNDA:0,isInRange
FNDA:0,isWordCountInRange
FNDA:0,hasComparisonOperator
FNDA:0,hasInverseOperator
DA:1,1
DA:3,1
DA:5,0
DA:7,0
DA:8,0
DA:11,0
DA:14,1
DA:15,0
DA:16,0
DA:17,0
DA:21,0
DA:24,1
DA:25,0
DA:26,0
DA:29,0
DA:32,1
DA:33,0
DA:35,0
DA:36,0
DA:39,0
DA:42,1
DA:43,0
DA:45,0
DA:46,0
DA:49,0
DA:52,1
LF:26
LH:7
BRDA:7,0,0,0
BRDA:14,1,0,0
BRDA:14,2,0,0
BRDA:15,3,0,0
BRDA:15,4,0,0
BRDA:15,4,1,0
BRDA:16,5,0,0
BRDA:17,6,0,0
BRDA:17,6,1,0
BRDA:17,6,2,0
BRDA:24,7,0,0
BRDA:25,8,0,0
BRDA:35,9,0,0
BRDA:45,10,0,0
BRF:14
BRH:0
end_of_record
TN:
SF:projects/core/src/lib/library/binary/binary.ts
FN:6,isOn
FN:19,isOff
FN:32,setOn
FN:41,toggle
FNF:4
FNH:0
FNDA:0,isOn
FNDA:0,isOff
FNDA:0,setOn
FNDA:0,toggle
DA:1,1
DA:6,1
DA:7,0
DA:9,0
DA:10,0
DA:13,0
DA:19,1
DA:20,0
DA:22,0
DA:23,0
DA:26,0
DA:32,1
DA:33,0
DA:34,0
DA:36,0
DA:41,1
DA:42,0
DA:43,0
DA:45,0
DA:51,1
LF:20
LH:6
BRDA:6,0,0,0
BRDA:7,1,0,0
BRDA:9,2,0,0
BRDA:9,3,0,0
BRDA:9,3,1,0
BRDA:19,4,0,0
BRDA:20,5,0,0
BRDA:22,6,0,0
BRDA:22,7,0,0
BRDA:22,7,1,0
BRDA:32,8,0,0
BRDA:33,9,0,0
BRDA:33,10,0,0
BRDA:33,10,1,0
BRDA:41,11,0,0
BRDA:42,12,0,0
BRDA:42,13,0,0
BRDA:42,13,1,0
BRF:18
BRH:0
end_of_record
TN:
SF:projects/core/src/lib/library/binary/index.ts
FNF:0
FNH:0
DA:1,1
LF:1
LH:1
BRF:0
BRH:0
end_of_record
TN:
SF:projects/core/src/lib/library/calendar/calendar.ts
FN:45,buildCalendar
FN:69,(anonymous_1)
FN:76,(anonymous_2)
FN:83,(anonymous_3)
FNF:4
FNH:0
FNDA:0,buildCalendar
FNDA:0,(anonymous_1)
FNDA:0,(anonymous_2)
FNDA:0,(anonymous_3)
DA:1,1
DA:2,1
DA:11,1
DA:15,1
DA:28,1
DA:45,1
DA:49,0
DA:50,0
DA:55,0
DA:56,0
DA:60,0
DA:61,0
DA:65,0
DA:69,0
DA:70,0
DA:71,0
DA:76,0
DA:77,0
DA:78,0
DA:83,0
DA:84,0
DA:85,0
DA:90,0
DA:95,1
LF:24
LH:7
BRDA:46,0,0,0
BRDA:47,1,0,0
BRF:2
BRH:0
end_of_record
TN:
SF:projects/core/src/lib/library/calendar/index.ts
FNF:0
FNH:0
DA:1,1
LF:1
LH:1
BRF:0
BRH:0
end_of_record
TN:
SF:projects/core/src/lib/library/datetime/datetime.ts
FN:6,currentYear
FN:13,currentMonth
FN:20,isDate
FN:30,localeTime
FN:39,isDateObject
FN:57,isWithin24Hours
FN:71,toDate
FN:88,parseDate
FN:98,daysInMonth
FN:116,firstDayOfMonth
FN:126,(anonymous_10)
FN:140,(anonymous_11)
FN:158,(anonymous_12)
FN:170,previousMonth
FN:182,nextMonth
FNF:15
FNH:0
FNDA:0,currentYear
FNDA:0,currentMonth
FNDA:0,isDate
FNDA:0,localeTime
FNDA:0,isDateObject
FNDA:0,isWithin24Hours
FNDA:0,toDate
FNDA:0,parseDate
FNDA:0,daysInMonth
FNDA:0,firstDayOfMonth
FNDA:0,(anonymous_10)
FNDA:0,(anonymous_11)
FNDA:0,(anonymous_12)
FNDA:0,previousMonth
FNDA:0,nextMonth
DA:1,1
DA:6,1
DA:7,0
DA:13,1
DA:14,0
DA:20,1
DA:21,0
DA:22,0
DA:24,0
DA:30,1
DA:31,0
DA:32,0
DA:39,1
DA:40,0
DA:41,0
DA:51,0
DA:57,1
DA:58,0
DA:59,0
DA:62,0
DA:64,0
DA:71,1
DA:72,0
DA:73,0
DA:82,0
DA:88,1
DA:89,0
DA:90,0
DA:92,0
DA:98,1
DA:102,0
DA:103,0
DA:104,0
DA:116,1
DA:120,0
DA:126,1
DA:127,0
DA:129,0
DA:130,0
DA:132,0
DA:133,0
DA:134,0
DA:140,1
DA:141,0
DA:143,0
DA:144,0
DA:145,0
DA:147,0
DA:148,0
DA:149,0
DA:150,0
DA:158,1
DA:159,0
DA:160,0
DA:170,1
DA:174,0
DA:175,0
DA:176,0
DA:182,1
DA:186,0
DA:187,0
DA:188,0
DA:191,1
LF:63
LH:17
BRDA:22,0,0,0
BRDA:22,0,1,0
BRDA:24,1,0,0
BRDA:24,1,1,0
BRDA:30,2,0,0
BRDA:31,3,0,0
BRDA:40,4,0,0
BRDA:42,5,0,0
BRDA:42,5,1,0
BRDA:42,5,2,0
BRDA:42,5,3,0
BRDA:42,5,4,0
BRDA:42,5,5,0
BRDA:58,6,0,0
BRDA:58,6,1,0
BRDA:62,7,0,0
BRDA:62,7,1,0
BRDA:72,8,0,0
BRDA:89,9,0,0
BRDA:89,10,0,0
BRDA:89,10,1,0
BRDA:99,11,0,0
BRDA:100,12,0,0
BRDA:104,13,0,0
BRDA:104,13,1,0
BRDA:105,14,0,0
BRDA:105,14,1,0
BRDA:108,15,0,0
BRDA:108,15,1,0
BRDA:117,16,0,0
BRDA:118,17,0,0
BRDA:126,18,0,0
BRDA:127,19,0,0
BRDA:134,20,0,0
BRDA:134,20,1,0
BRDA:140,21,0,0
BRDA:141,22,0,0
BRDA:151,23,0,0
BRDA:151,23,1,0
BRDA:151,23,2,0
BRDA:158,24,0,0
BRDA:159,25,0,0
BRDA:174,26,0,0
BRDA:174,26,1,0
BRDA:175,27,0,0
BRDA:175,27,1,0
BRDA:186,28,0,0
BRDA:186,28,1,0
BRDA:187,29,0,0
BRDA:187,29,1,0
BRF:50
BRH:0
end_of_record
TN:
SF:projects/core/src/lib/library/datetime/index.ts
FNF:0
FNH:0
DA:1,1
LF:1
LH:1
BRF:0
BRH:0
end_of_record
TN:
SF:projects/core/src/lib/system/dictionary.ts
FN:17,(anonymous_0)
FN:24,(anonymous_1)
FN:31,(anonymous_2)
FN:40,(anonymous_3)
FN:50,(anonymous_4)
FN:64,(anonymous_5)
FN:72,(anonymous_6)
FNF:7
FNH:0
FNDA:0,(anonymous_0)
FNDA:0,(anonymous_1)
FNDA:0,(anonymous_2)
FNDA:0,(anonymous_3)
FNDA:0,(anonymous_4)
FNDA:0,(anonymous_5)
FNDA:0,(anonymous_6)
DA:1,0
DA:2,0
DA:10,0
DA:12,0
DA:18,0
DA:25,0
DA:32,0
DA:41,0
DA:42,0
DA:51,0
DA:52,0
DA:53,0
DA:56,0
DA:65,0
DA:73,0
DA:74,0
LF:16
LH:0
BRDA:41,0,0,0
BRDA:41,1,0,0
BRDA:41,1,1,0
BRDA:51,2,0,0
BRDA:74,3,0,0
BRF:5
BRH:0
end_of_record
TN:
SF:projects/core/src/lib/system/index.ts
FNF:0
FNH:0
DA:1,0
DA:2,0
LF:2
LH:0
BRF:0
BRH:0
end_of_record
TN:
SF:projects/core/src/lib/system/node.ts
FN:10,Print
FN:30,(anonymous_1)
FN:52,(anonymous_2)
FN:61,(anonymous_3)
FN:81,(anonymous_4)
FN:123,(anonymous_5)
FN:147,(anonymous_6)
FN:166,(anonymous_7)
FN:172,(anonymous_8)
FN:201,(anonymous_9)
FN:216,(anonymous_10)
FNF:11
FNH:0
FNDA:0,Print
FNDA:0,(anonymous_1)
FNDA:0,(anonymous_2)
FNDA:0,(anonymous_3)
FNDA:0,(anonymous_4)
FNDA:0,(anonymous_5)
FNDA:0,(anonymous_6)
FNDA:0,(anonymous_7)
FNDA:0,(anonymous_8)
FNDA:0,(anonymous_9)
FNDA:0,(anonymous_10)
DA:1,0
DA:2,0
DA:10,0
DA:11,0
DA:20,0
DA:21,0
DA:23,0
DA:31,0
DA:32,0
DA:33,0
DA:34,0
DA:36,0
DA:37,0
DA:38,0
DA:39,0
DA:44,0
DA:53,0
DA:62,0
DA:63,0
DA:64,0
DA:67,0
DA:68,0
DA:69,0
DA:82,0
DA:86,0
DA:90,0
DA:94,0
DA:101,0
DA:103,0
DA:104,0
DA:105,0
DA:106,0
DA:113,0
DA:124,0
DA:125,0
DA:126,0
DA:128,0
DA:129,0
DA:130,0
DA:131,0
DA:138,0
DA:148,0
DA:149,0
DA:150,0
DA:151,0
DA:152,0
DA:153,0
DA:154,0
DA:155,0
DA:167,0
DA:172,0
DA:173,0
DA:179,0
DA:180,0
DA:191,0
DA:194,0
DA:202,0
DA:203,0
DA:204,0
DA:205,0
DA:217,0
DA:218,0
DA:219,0
DA:220,0
LF:64
LH:0
BRDA:30,0,0,0
BRDA:32,1,0,0
BRDA:33,2,0,0
BRDA:33,2,1,0
BRDA:36,3,0,0
BRDA:36,3,1,0
BRDA:38,4,0,0
BRDA:52,5,0,0
BRDA:52,6,0,0
BRDA:61,7,0,0
BRDA:62,8,0,0
BRDA:63,9,0,0
BRDA:67,10,0,0
BRDA:81,11,0,0
BRDA:82,12,0,0
BRDA:86,13,0,0
BRDA:86,13,1,0
BRDA:86,14,0,0
BRDA:86,14,1,0
BRDA:90,15,0,0
BRDA:103,16,0,0
BRDA:105,17,0,0
BRDA:123,18,0,0
BRDA:124,19,0,0
BRDA:125,20,0,0
BRDA:125,20,1,0
BRDA:128,21,0,0
BRDA:130,22,0,0
BRDA:148,23,0,0
BRDA:166,24,0,0
BRDA:167,25,0,0
BRDA:167,26,0,0
BRDA:167,26,1,0
BRDA:173,27,0,0
BRDA:173,27,1,0
BRDA:179,28,0,0
BRDA:179,28,1,0
BRDA:202,29,0,0
BRDA:203,30,0,0
BRF:39
BRH:0
end_of_record
